2024-01-26 18:55:11.395 [info] Log level: Info
2024-01-26 18:55:11.395 [info] Validating found git in: "git"
2024-01-26 18:55:11.395 [info] Using git "2.34.1" from "git"
2024-01-26 18:55:11.395 [info] > git rev-parse --show-toplevel [2ms]
2024-01-26 18:55:11.395 [info] fatal: not a git repository (or any of the parent directories): .git
2024-01-26 18:55:11.395 [info] > git rev-parse --show-toplevel [26ms]
2024-01-26 18:55:11.396 [info] > git rev-parse --git-dir --git-common-dir [1ms]
2024-01-26 18:55:11.405 [info] Open repository: /home/msegfilph/.asdf
2024-01-26 18:55:11.416 [info] > git rev-parse --show-toplevel [3ms]
2024-01-26 18:55:11.416 [info] fatal: not a git repository (or any of the parent directories): .git
2024-01-26 18:55:11.417 [info] > git config --get commit.template [6ms]
2024-01-26 18:55:11.424 [info] > git rev-parse --show-toplevel [5ms]
2024-01-26 18:55:11.424 [info] fatal: not a git repository (or any of the parent directories): .git
2024-01-26 18:55:11.429 [info] > git rev-parse --show-toplevel [1ms]
2024-01-26 18:55:11.429 [info] fatal: not a git repository (or any of the parent directories): .git
2024-01-26 18:55:11.435 [info] > git for-each-ref --format %(refname) %(objectname) %(*objectname) refs/tags [11ms]
2024-01-26 18:55:11.441 [info] > git rev-parse --show-toplevel [7ms]
2024-01-26 18:55:11.441 [info] fatal: not a git repository (or any of the parent directories): .git
2024-01-26 18:55:11.484 [info] > git status -z -uall [45ms]
2024-01-26 18:55:11.494 [info] > git config --get commit.template [0ms]
2024-01-26 18:55:11.498 [info] > git for-each-ref --format %(refname) %(objectname) %(*objectname) refs/tags [1ms]
2024-01-26 18:55:11.505 [info] > git status -z -uall [4ms]
2024-01-26 18:55:11.944 [info] > git check-ignore -v -z --stdin [0ms]
2024-01-26 18:58:23.310 [info] > git rev-parse --show-toplevel [1ms]
2024-01-26 18:58:23.310 [info] fatal: not a git repository (or any of the parent directories): .git
2024-01-26 19:27:31.035 [info] > git rev-parse --show-toplevel [1ms]
2024-01-26 19:27:31.035 [info] fatal: not a git repository (or any of the parent directories): .git
2024-01-26 19:27:39.430 [info] > git rev-parse --show-toplevel [1ms]
2024-01-26 19:27:39.430 [info] fatal: not a git repository (or any of the parent directories): .git
2024-01-26 19:29:01.485 [info] > git rev-parse --show-toplevel [1ms]
2024-01-26 19:29:01.485 [info] fatal: not a git repository (or any of the parent directories): .git
2024-01-26 19:29:12.251 [info] > git rev-parse --show-toplevel [1ms]
2024-01-26 19:29:12.251 [info] fatal: not a git repository (or any of the parent directories): .git
2024-01-26 19:29:33.415 [info] > git rev-parse --show-toplevel [1ms]
2024-01-26 19:29:33.415 [info] fatal: not a git repository (or any of the parent directories): .git
2024-01-26 19:30:42.328 [info] > git rev-parse --show-toplevel [2ms]
2024-01-26 19:30:42.334 [info] > git rev-parse --git-dir --git-common-dir [1ms]
2024-01-26 19:30:42.342 [info] Open repository: /home/msegfilph
2024-01-26 19:30:42.350 [info] No remotes found in the git config file.
2024-01-26 19:30:42.351 [info] > git config --get commit.template [5ms]
2024-01-26 19:30:42.351 [info] > git for-each-ref --format=%(refname)%00%(upstream:short)%00%(objectname)%00%(upstream:track)%00%(upstream:remotename)%00%(upstream:remoteref) refs/heads/master refs/remotes/master [1ms]
2024-01-26 19:30:42.390 [info] > git status -z -uall [35ms]
2024-01-26 19:30:42.414 [info] > git config --get commit.template [1ms]
2024-01-26 19:30:42.416 [info] No remotes found in the git config file.
2024-01-26 19:30:42.417 [info] > git for-each-ref --format=%(refname)%00%(upstream:short)%00%(objectname)%00%(upstream:track)%00%(upstream:remotename)%00%(upstream:remoteref) refs/heads/master refs/remotes/master [1ms]
2024-01-26 19:30:42.424 [info] > git status -z -uall [4ms]
2024-01-26 19:30:42.810 [info] > git show --textconv :workspace/Abstraction.rb [7ms]
2024-01-26 19:30:42.811 [info] > git ls-files --stage -- /home/msegfilph/workspace/Abstraction.rb [2ms]
2024-01-26 19:30:42.870 [info] > git check-ignore -v -z --stdin [5ms]
2024-01-26 19:30:42.871 [info] > git check-ignore -v -z --stdin [1ms]
2024-01-26 19:30:44.626 [info] No remotes found in the git config file.
2024-01-26 19:30:44.626 [info] > git config --get commit.template [4ms]
2024-01-26 19:30:44.627 [info] > git for-each-ref --format=%(refname)%00%(upstream:short)%00%(objectname)%00%(upstream:track)%00%(upstream:remotename)%00%(upstream:remoteref) refs/heads/master refs/remotes/master [0ms]
2024-01-26 19:30:44.634 [info] > git status -z -uall [5ms]
2024-01-26 19:30:52.769 [info] > git config --get commit.template [1ms]
2024-01-26 19:30:52.780 [info] No remotes found in the git config file.
2024-01-26 19:30:52.781 [info] > git for-each-ref --format=%(refname)%00%(upstream:short)%00%(objectname)%00%(upstream:track)%00%(upstream:remotename)%00%(upstream:remoteref) refs/heads/master refs/remotes/master [1ms]
2024-01-26 19:30:52.796 [info] > git status -z -uall [10ms]
2024-01-26 19:30:57.823 [info] No remotes found in the git config file.
2024-01-26 19:30:57.823 [info] > git config --get commit.template [3ms]
2024-01-26 19:30:57.824 [info] > git for-each-ref --format=%(refname)%00%(upstream:short)%00%(objectname)%00%(upstream:track)%00%(upstream:remotename)%00%(upstream:remoteref) refs/heads/master refs/remotes/master [1ms]
2024-01-26 19:30:57.832 [info] > git status -z -uall [6ms]
2024-01-26 19:31:07.551 [info] No remotes found in the git config file.
2024-01-26 19:31:07.552 [info] > git config --get commit.template [5ms]
2024-01-26 19:31:07.552 [info] > git for-each-ref --format=%(refname)%00%(upstream:short)%00%(objectname)%00%(upstream:track)%00%(upstream:remotename)%00%(upstream:remoteref) refs/heads/master refs/remotes/master [1ms]
2024-01-26 19:31:07.563 [info] > git status -z -uall [6ms]
2024-01-26 19:31:14.107 [info] > git config --get commit.template [6ms]
2024-01-26 19:31:14.107 [info] No remotes found in the git config file.
2024-01-26 19:31:14.113 [info] > git for-each-ref --format=%(refname)%00%(upstream:short)%00%(objectname)%00%(upstream:track)%00%(upstream:remotename)%00%(upstream:remoteref) refs/heads/master refs/remotes/master [7ms]
2024-01-26 19:31:14.119 [info] > git ls-files --stage -- /home/msegfilph/workspace/Abstraction.rb [7ms]
2024-01-26 19:31:14.124 [info] > git cat-file -s 5b7b5dcc5925ce92362e9781b1efe199e9a6e141 [1ms]
2024-01-26 19:31:14.132 [info] > git show --textconv :workspace/Abstraction.rb [1ms]
2024-01-26 19:31:14.145 [info] > git status -z -uall [27ms]
2024-01-26 19:31:19.162 [info] > git config --get commit.template [1ms]
2024-01-26 19:31:19.162 [info] No remotes found in the git config file.
2024-01-26 19:31:19.167 [info] > git for-each-ref --format=%(refname)%00%(upstream:short)%00%(objectname)%00%(upstream:track)%00%(upstream:remotename)%00%(upstream:remoteref) refs/heads/master refs/remotes/master [1ms]
2024-01-26 19:31:19.180 [info] > git status -z -uall [10ms]
2024-01-26 19:31:24.198 [info] > git config --get commit.template [1ms]
2024-01-26 19:31:24.202 [info] No remotes found in the git config file.
2024-01-26 19:31:24.202 [info] > git for-each-ref --format=%(refname)%00%(upstream:short)%00%(objectname)%00%(upstream:track)%00%(upstream:remotename)%00%(upstream:remoteref) refs/heads/master refs/remotes/master [1ms]
2024-01-26 19:31:24.215 [info] > git status -z -uall [9ms]
2024-01-26 19:31:29.234 [info] > git config --get commit.template [1ms]
2024-01-26 19:31:29.239 [info] No remotes found in the git config file.
2024-01-26 19:31:29.239 [info] > git for-each-ref --format=%(refname)%00%(upstream:short)%00%(objectname)%00%(upstream:track)%00%(upstream:remotename)%00%(upstream:remoteref) refs/heads/master refs/remotes/master [0ms]
2024-01-26 19:31:29.254 [info] > git status -z -uall [12ms]
2024-01-26 19:31:34.272 [info] > git config --get commit.template [4ms]
2024-01-26 19:31:34.272 [info] No remotes found in the git config file.
2024-01-26 19:31:34.272 [info] > git for-each-ref --format=%(refname)%00%(upstream:short)%00%(objectname)%00%(upstream:track)%00%(upstream:remotename)%00%(upstream:remoteref) refs/heads/master refs/remotes/master [1ms]
2024-01-26 19:31:34.285 [info] > git status -z -uall [10ms]
2024-01-26 19:31:39.300 [info] > git config --get commit.template [0ms]
2024-01-26 19:31:39.303 [info] No remotes found in the git config file.
2024-01-26 19:31:39.303 [info] > git for-each-ref --format=%(refname)%00%(upstream:short)%00%(objectname)%00%(upstream:track)%00%(upstream:remotename)%00%(upstream:remoteref) refs/heads/master refs/remotes/master [0ms]
2024-01-26 19:31:39.315 [info] > git status -z -uall [9ms]
2024-01-26 19:31:44.338 [info] > git config --get commit.template [5ms]
2024-01-26 19:31:44.338 [info] No remotes found in the git config file.
2024-01-26 19:31:44.339 [info] > git for-each-ref --format=%(refname)%00%(upstream:short)%00%(objectname)%00%(upstream:track)%00%(upstream:remotename)%00%(upstream:remoteref) refs/heads/master refs/remotes/master [1ms]
2024-01-26 19:31:44.351 [info] > git status -z -uall [9ms]
2024-01-26 19:31:49.370 [info] No remotes found in the git config file.
2024-01-26 19:31:49.370 [info] > git config --get commit.template [4ms]
2024-01-26 19:31:49.370 [info] > git for-each-ref --format=%(refname)%00%(upstream:short)%00%(objectname)%00%(upstream:track)%00%(upstream:remotename)%00%(upstream:remoteref) refs/heads/master refs/remotes/master [1ms]
2024-01-26 19:31:49.381 [info] > git status -z -uall [8ms]
2024-01-26 19:31:54.402 [info] > git config --get commit.template [5ms]
2024-01-26 19:31:54.402 [info] No remotes found in the git config file.
2024-01-26 19:31:54.402 [info] > git for-each-ref --format=%(refname)%00%(upstream:short)%00%(objectname)%00%(upstream:track)%00%(upstream:remotename)%00%(upstream:remoteref) refs/heads/master refs/remotes/master [1ms]
2024-01-26 19:31:54.415 [info] > git status -z -uall [9ms]
2024-01-26 19:31:59.429 [info] > git config --get commit.template [1ms]
2024-01-26 19:31:59.429 [info] No remotes found in the git config file.
2024-01-26 19:31:59.433 [info] > git for-each-ref --format=%(refname)%00%(upstream:short)%00%(objectname)%00%(upstream:track)%00%(upstream:remotename)%00%(upstream:remoteref) refs/heads/master refs/remotes/master [1ms]
2024-01-26 19:31:59.445 [info] > git status -z -uall [9ms]
2024-01-26 19:32:04.469 [info] > git config --get commit.template [6ms]
2024-01-26 19:32:04.469 [info] No remotes found in the git config file.
2024-01-26 19:32:04.469 [info] > git for-each-ref --format=%(refname)%00%(upstream:short)%00%(objectname)%00%(upstream:track)%00%(upstream:remotename)%00%(upstream:remoteref) refs/heads/master refs/remotes/master [1ms]
2024-01-26 19:32:04.482 [info] > git status -z -uall [8ms]
2024-01-26 19:32:09.501 [info] No remotes found in the git config file.
2024-01-26 19:32:09.501 [info] > git config --get commit.template [4ms]
2024-01-26 19:32:09.501 [info] > git for-each-ref --format=%(refname)%00%(upstream:short)%00%(objectname)%00%(upstream:track)%00%(upstream:remotename)%00%(upstream:remoteref) refs/heads/master refs/remotes/master [0ms]
2024-01-26 19:32:09.513 [info] > git status -z -uall [9ms]
2024-01-26 19:32:14.531 [info] > git config --get commit.template [1ms]
2024-01-26 19:32:14.535 [info] No remotes found in the git config file.
2024-01-26 19:32:14.536 [info] > git for-each-ref --format=%(refname)%00%(upstream:short)%00%(objectname)%00%(upstream:track)%00%(upstream:remotename)%00%(upstream:remoteref) refs/heads/master refs/remotes/master [1ms]
2024-01-26 19:32:14.549 [info] > git status -z -uall [9ms]
2024-01-26 19:32:19.564 [info] > git config --get commit.template [0ms]
2024-01-26 19:32:19.567 [info] No remotes found in the git config file.
2024-01-26 19:32:19.568 [info] > git for-each-ref --format=%(refname)%00%(upstream:short)%00%(objectname)%00%(upstream:track)%00%(upstream:remotename)%00%(upstream:remoteref) refs/heads/master refs/remotes/master [1ms]
2024-01-26 19:32:19.580 [info] > git status -z -uall [9ms]
2024-01-26 19:32:24.594 [info] > git config --get commit.template [1ms]
2024-01-26 19:32:24.597 [info] No remotes found in the git config file.
2024-01-26 19:32:24.598 [info] > git for-each-ref --format=%(refname)%00%(upstream:short)%00%(objectname)%00%(upstream:track)%00%(upstream:remotename)%00%(upstream:remoteref) refs/heads/master refs/remotes/master [1ms]
2024-01-26 19:32:24.609 [info] > git status -z -uall [9ms]
2024-01-26 19:32:29.626 [info] No remotes found in the git config file.
2024-01-26 19:32:29.626 [info] > git config --get commit.template [5ms]
2024-01-26 19:32:29.626 [info] > git for-each-ref --format=%(refname)%00%(upstream:short)%00%(objectname)%00%(upstream:track)%00%(upstream:remotename)%00%(upstream:remoteref) refs/heads/master refs/remotes/master [1ms]
2024-01-26 19:32:29.637 [info] > git status -z -uall [8ms]
2024-01-26 19:32:44.431 [info] No remotes found in the git config file.
2024-01-26 19:32:44.432 [info] > git config --get commit.template [5ms]
2024-01-26 19:32:44.432 [info] > git for-each-ref --format=%(refname)%00%(upstream:short)%00%(objectname)%00%(upstream:track)%00%(upstream:remotename)%00%(upstream:remoteref) refs/heads/master refs/remotes/master [1ms]
2024-01-26 19:32:44.446 [info] > git status -z -uall [10ms]
2024-01-26 19:32:49.466 [info] > git config --get commit.template [1ms]
2024-01-26 19:32:49.469 [info] No remotes found in the git config file.
2024-01-26 19:32:49.470 [info] > git for-each-ref --format=%(refname)%00%(upstream:short)%00%(objectname)%00%(upstream:track)%00%(upstream:remotename)%00%(upstream:remoteref) refs/heads/master refs/remotes/master [1ms]
2024-01-26 19:32:49.483 [info] > git status -z -uall [10ms]
2024-01-26 19:34:28.801 [info] > git config --get commit.template [9ms]
2024-01-26 19:34:28.802 [info] No remotes found in the git config file.
2024-01-26 19:34:28.802 [info] > git for-each-ref --format=%(refname)%00%(upstream:short)%00%(objectname)%00%(upstream:track)%00%(upstream:remotename)%00%(upstream:remoteref) refs/heads/master refs/remotes/master [2ms]
2024-01-26 19:34:28.836 [info] > git status -z -uall [25ms]
2024-01-26 19:35:05.634 [info] > git config --get commit.template [1ms]
2024-01-26 19:35:05.638 [info] No remotes found in the git config file.
2024-01-26 19:35:05.638 [info] > git for-each-ref --format=%(refname)%00%(upstream:short)%00%(objectname)%00%(upstream:track)%00%(upstream:remotename)%00%(upstream:remoteref) refs/heads/master refs/remotes/master [1ms]
2024-01-26 19:35:05.652 [info] > git status -z -uall [10ms]
2024-01-26 19:35:08.354 [info] > git ls-files --stage -- /home/msegfilph/workspace/Abstraction.rb [1ms]
2024-01-26 19:35:08.357 [info] > git cat-file -s 5b7b5dcc5925ce92362e9781b1efe199e9a6e141 [1ms]
2024-01-26 19:35:08.364 [info] > git show --textconv :workspace/Abstraction.rb [0ms]
2024-01-26 19:35:10.674 [info] > git config --get commit.template [3ms]
2024-01-26 19:35:10.674 [info] > git for-each-ref --format=%(refname)%00%(upstream:short)%00%(objectname)%00%(upstream:track)%00%(upstream:remotename)%00%(upstream:remoteref) refs/heads/master refs/remotes/master [0ms]
2024-01-26 19:35:10.686 [info] > git status -z -uall [9ms]
2024-01-26 19:35:15.703 [info] > git config --get commit.template [3ms]
2024-01-26 19:35:15.704 [info] > git for-each-ref --format=%(refname)%00%(upstream:short)%00%(objectname)%00%(upstream:track)%00%(upstream:remotename)%00%(upstream:remoteref) refs/heads/master refs/remotes/master [1ms]
2024-01-26 19:35:15.716 [info] > git status -z -uall [9ms]
2024-01-26 19:35:20.739 [info] > git config --get commit.template [6ms]
2024-01-26 19:35:20.739 [info] > git for-each-ref --format=%(refname)%00%(upstream:short)%00%(objectname)%00%(upstream:track)%00%(upstream:remotename)%00%(upstream:remoteref) refs/heads/master refs/remotes/master [1ms]
2024-01-26 19:35:20.754 [info] > git status -z -uall [12ms]
2024-01-26 19:35:27.719 [info] > git config --get commit.template [8ms]
2024-01-26 19:35:27.719 [info] > git for-each-ref --format=%(refname)%00%(upstream:short)%00%(objectname)%00%(upstream:track)%00%(upstream:remotename)%00%(upstream:remoteref) refs/heads/master refs/remotes/master [2ms]
2024-01-26 19:35:27.741 [info] > git status -z -uall [15ms]
2024-01-26 19:35:32.759 [info] > git config --get commit.template [0ms]
2024-01-26 19:35:32.764 [info] > git for-each-ref --format=%(refname)%00%(upstream:short)%00%(objectname)%00%(upstream:track)%00%(upstream:remotename)%00%(upstream:remoteref) refs/heads/master refs/remotes/master [1ms]
2024-01-26 19:35:32.776 [info] > git status -z -uall [9ms]
2024-01-26 19:35:37.791 [info] > git config --get commit.template [0ms]
2024-01-26 19:35:37.795 [info] > git for-each-ref --format=%(refname)%00%(upstream:short)%00%(objectname)%00%(upstream:track)%00%(upstream:remotename)%00%(upstream:remoteref) refs/heads/master refs/remotes/master [1ms]
2024-01-26 19:35:37.806 [info] > git status -z -uall [8ms]
2024-01-26 19:35:42.823 [info] > git config --get commit.template [4ms]
2024-01-26 19:35:42.824 [info] > git for-each-ref --format=%(refname)%00%(upstream:short)%00%(objectname)%00%(upstream:track)%00%(upstream:remotename)%00%(upstream:remoteref) refs/heads/master refs/remotes/master [1ms]
2024-01-26 19:35:42.837 [info] > git status -z -uall [9ms]
2024-01-26 19:35:47.864 [info] > git config --get commit.template [7ms]
2024-01-26 19:35:47.864 [info] > git for-each-ref --format=%(refname)%00%(upstream:short)%00%(objectname)%00%(upstream:track)%00%(upstream:remotename)%00%(upstream:remoteref) refs/heads/master refs/remotes/master [1ms]
2024-01-26 19:35:47.877 [info] > git status -z -uall [9ms]
2024-01-26 19:35:52.896 [info] > git config --get commit.template [4ms]
2024-01-26 19:35:52.896 [info] > git for-each-ref --format=%(refname)%00%(upstream:short)%00%(objectname)%00%(upstream:track)%00%(upstream:remotename)%00%(upstream:remoteref) refs/heads/master refs/remotes/master [1ms]
2024-01-26 19:35:52.908 [info] > git status -z -uall [9ms]
2024-01-26 19:36:25.165 [info] > git config --get commit.template [1ms]
2024-01-26 19:36:25.171 [info] > git for-each-ref --format=%(refname)%00%(upstream:short)%00%(objectname)%00%(upstream:track)%00%(upstream:remotename)%00%(upstream:remoteref) refs/heads/master refs/remotes/master [1ms]
2024-01-26 19:36:25.185 [info] > git status -z -uall [10ms]
2024-01-26 19:36:32.550 [info] > git config --get commit.template [1ms]
2024-01-26 19:36:32.564 [info] > git for-each-ref --format=%(refname)%00%(upstream:short)%00%(objectname)%00%(upstream:track)%00%(upstream:remotename)%00%(upstream:remoteref) refs/heads/master refs/remotes/master [1ms]
2024-01-26 19:36:32.580 [info] > git status -z -uall [12ms]
2024-01-26 19:36:42.007 [info] > git config --get commit.template [1ms]
2024-01-26 19:36:42.016 [info] > git for-each-ref --format=%(refname)%00%(upstream:short)%00%(objectname)%00%(upstream:track)%00%(upstream:remotename)%00%(upstream:remoteref) refs/heads/master refs/remotes/master [1ms]
2024-01-26 19:36:42.043 [info] > git status -z -uall [20ms]
2024-01-26 19:36:47.073 [info] > git config --get commit.template [4ms]
2024-01-26 19:36:47.073 [info] > git for-each-ref --format=%(refname)%00%(upstream:short)%00%(objectname)%00%(upstream:track)%00%(upstream:remotename)%00%(upstream:remoteref) refs/heads/master refs/remotes/master [0ms]
2024-01-26 19:36:47.085 [info] > git status -z -uall [8ms]
2024-01-26 19:36:51.190 [info] > git check-ignore -v -z --stdin [1ms]
2024-01-26 19:36:52.109 [info] > git config --get commit.template [5ms]
2024-01-26 19:36:52.110 [info] > git for-each-ref --format=%(refname)%00%(upstream:short)%00%(objectname)%00%(upstream:track)%00%(upstream:remotename)%00%(upstream:remoteref) refs/heads/master refs/remotes/master [1ms]
2024-01-26 19:36:52.122 [info] > git status -z -uall [9ms]
2024-01-26 19:36:57.140 [info] > git config --get commit.template [4ms]
2024-01-26 19:36:57.141 [info] > git for-each-ref --format=%(refname)%00%(upstream:short)%00%(objectname)%00%(upstream:track)%00%(upstream:remotename)%00%(upstream:remoteref) refs/heads/master refs/remotes/master [1ms]
2024-01-26 19:36:57.153 [info] > git status -z -uall [9ms]
2024-01-26 19:37:20.986 [info] > git config --get commit.template [1ms]
2024-01-26 19:37:20.994 [info] > git for-each-ref --format=%(refname)%00%(upstream:short)%00%(objectname)%00%(upstream:track)%00%(upstream:remotename)%00%(upstream:remoteref) refs/heads/master refs/remotes/master [1ms]
2024-01-26 19:37:21.020 [info] > git status -z -uall [20ms]
2024-01-26 19:37:24.984 [info] > git ls-files --stage -- /home/msegfilph/workspace/Abstraction.rb [0ms]
2024-01-26 19:37:24.987 [info] > git cat-file -s 5b7b5dcc5925ce92362e9781b1efe199e9a6e141 [1ms]
2024-01-26 19:37:24.996 [info] > git show --textconv :workspace/Abstraction.rb [1ms]
2024-01-26 19:37:26.044 [info] > git config --get commit.template [3ms]
2024-01-26 19:37:26.045 [info] > git for-each-ref --format=%(refname)%00%(upstream:short)%00%(objectname)%00%(upstream:track)%00%(upstream:remotename)%00%(upstream:remoteref) refs/heads/master refs/remotes/master [1ms]
2024-01-26 19:37:26.057 [info] > git status -z -uall [10ms]
2024-01-26 19:37:31.075 [info] > git config --get commit.template [1ms]
2024-01-26 19:37:31.079 [info] > git for-each-ref --format=%(refname)%00%(upstream:short)%00%(objectname)%00%(upstream:track)%00%(upstream:remotename)%00%(upstream:remoteref) refs/heads/master refs/remotes/master [1ms]
2024-01-26 19:37:31.092 [info] > git status -z -uall [10ms]
2024-01-26 19:37:31.136 [info] > git ls-files --stage -- /home/msegfilph/workspace/Abstraction.rb [1ms]
2024-01-26 19:37:31.139 [info] > git cat-file -s 5b7b5dcc5925ce92362e9781b1efe199e9a6e141 [0ms]
2024-01-26 19:37:31.146 [info] > git show --textconv :workspace/Abstraction.rb [0ms]
2024-01-26 19:37:36.113 [info] > git config --get commit.template [4ms]
2024-01-26 19:37:36.113 [info] > git for-each-ref --format=%(refname)%00%(upstream:short)%00%(objectname)%00%(upstream:track)%00%(upstream:remotename)%00%(upstream:remoteref) refs/heads/master refs/remotes/master [1ms]
2024-01-26 19:37:36.126 [info] > git status -z -uall [9ms]
2024-01-26 19:37:41.140 [info] > git config --get commit.template [0ms]
2024-01-26 19:37:41.144 [info] > git for-each-ref --format=%(refname)%00%(upstream:short)%00%(objectname)%00%(upstream:track)%00%(upstream:remotename)%00%(upstream:remoteref) refs/heads/master refs/remotes/master [1ms]
2024-01-26 19:37:41.155 [info] > git status -z -uall [8ms]
2024-01-26 19:37:46.174 [info] > git config --get commit.template [1ms]
2024-01-26 19:37:46.179 [info] > git for-each-ref --format=%(refname)%00%(upstream:short)%00%(objectname)%00%(upstream:track)%00%(upstream:remotename)%00%(upstream:remoteref) refs/heads/master refs/remotes/master [1ms]
2024-01-26 19:37:46.193 [info] > git status -z -uall [11ms]
2024-01-26 19:37:51.212 [info] > git config --get commit.template [5ms]
2024-01-26 19:37:51.212 [info] > git for-each-ref --format=%(refname)%00%(upstream:short)%00%(objectname)%00%(upstream:track)%00%(upstream:remotename)%00%(upstream:remoteref) refs/heads/master refs/remotes/master [1ms]
2024-01-26 19:37:51.224 [info] > git status -z -uall [9ms]
2024-01-26 19:37:56.246 [info] > git config --get commit.template [5ms]
2024-01-26 19:37:56.246 [info] > git for-each-ref --format=%(refname)%00%(upstream:short)%00%(objectname)%00%(upstream:track)%00%(upstream:remotename)%00%(upstream:remoteref) refs/heads/master refs/remotes/master [1ms]
2024-01-26 19:37:56.260 [info] > git status -z -uall [8ms]
2024-01-26 19:37:57.563 [info] > git check-ignore -v -z --stdin [0ms]
2024-01-26 19:38:01.275 [info] > git config --get commit.template [1ms]
2024-01-26 19:38:01.279 [info] > git for-each-ref --format=%(refname)%00%(upstream:short)%00%(objectname)%00%(upstream:track)%00%(upstream:remotename)%00%(upstream:remoteref) refs/heads/master refs/remotes/master [0ms]
2024-01-26 19:38:01.292 [info] > git status -z -uall [9ms]
2024-01-26 19:38:06.308 [info] > git config --get commit.template [1ms]
2024-01-26 19:38:06.312 [info] > git for-each-ref --format=%(refname)%00%(upstream:short)%00%(objectname)%00%(upstream:track)%00%(upstream:remotename)%00%(upstream:remoteref) refs/heads/master refs/remotes/master [0ms]
2024-01-26 19:38:06.324 [info] > git status -z -uall [9ms]
2024-01-26 19:38:11.341 [info] > git config --get commit.template [1ms]
2024-01-26 19:38:11.345 [info] > git for-each-ref --format=%(refname)%00%(upstream:short)%00%(objectname)%00%(upstream:track)%00%(upstream:remotename)%00%(upstream:remoteref) refs/heads/master refs/remotes/master [1ms]
2024-01-26 19:38:11.358 [info] > git status -z -uall [9ms]
2024-01-26 19:38:19.796 [info] > git config --get commit.template [4ms]
2024-01-26 19:38:19.796 [info] > git for-each-ref --format=%(refname)%00%(upstream:short)%00%(objectname)%00%(upstream:track)%00%(upstream:remotename)%00%(upstream:remoteref) refs/heads/master refs/remotes/master [1ms]
2024-01-26 19:38:19.811 [info] > git status -z -uall [10ms]
2024-01-26 19:38:24.469 [info] > git ls-files --stage -- /home/msegfilph/workspace/Abstraction.rb [2ms]
2024-01-26 19:38:24.473 [info] > git cat-file -s 5b7b5dcc5925ce92362e9781b1efe199e9a6e141 [1ms]
2024-01-26 19:38:24.480 [info] > git show --textconv :workspace/Abstraction.rb [1ms]
2024-01-26 19:38:24.831 [info] > git config --get commit.template [5ms]
2024-01-26 19:38:24.831 [info] > git for-each-ref --format=%(refname)%00%(upstream:short)%00%(objectname)%00%(upstream:track)%00%(upstream:remotename)%00%(upstream:remoteref) refs/heads/master refs/remotes/master [0ms]
2024-01-26 19:38:24.843 [info] > git status -z -uall [9ms]
2024-01-26 19:38:29.855 [info] > git config --get commit.template [1ms]
2024-01-26 19:38:29.861 [info] > git for-each-ref --format=%(refname)%00%(upstream:short)%00%(objectname)%00%(upstream:track)%00%(upstream:remotename)%00%(upstream:remoteref) refs/heads/master refs/remotes/master [0ms]
2024-01-26 19:38:29.876 [info] > git status -z -uall [10ms]
2024-01-26 19:38:35.033 [info] > git config --get commit.template [2ms]
2024-01-26 19:38:35.040 [info] > git for-each-ref --format=%(refname)%00%(upstream:short)%00%(objectname)%00%(upstream:track)%00%(upstream:remotename)%00%(upstream:remoteref) refs/heads/master refs/remotes/master [2ms]
2024-01-26 19:38:35.057 [info] > git status -z -uall [12ms]
2024-01-26 19:38:43.765 [info] > git config --get commit.template [5ms]
2024-01-26 19:38:43.765 [info] > git for-each-ref --format=%(refname)%00%(upstream:short)%00%(objectname)%00%(upstream:track)%00%(upstream:remotename)%00%(upstream:remoteref) refs/heads/master refs/remotes/master [1ms]
2024-01-26 19:38:43.783 [info] > git status -z -uall [11ms]
2024-01-26 19:38:52.762 [info] > git config --get commit.template [0ms]
2024-01-26 19:38:52.768 [info] > git for-each-ref --format=%(refname)%00%(upstream:short)%00%(objectname)%00%(upstream:track)%00%(upstream:remotename)%00%(upstream:remoteref) refs/heads/master refs/remotes/master [1ms]
2024-01-26 19:38:52.783 [info] > git status -z -uall [10ms]
2024-01-26 19:38:57.792 [info] > git config --get commit.template [4ms]
2024-01-26 19:38:57.793 [info] > git for-each-ref --format=%(refname)%00%(upstream:short)%00%(objectname)%00%(upstream:track)%00%(upstream:remotename)%00%(upstream:remoteref) refs/heads/master refs/remotes/master [1ms]
2024-01-26 19:38:57.803 [info] > git status -z -uall [8ms]
2024-01-26 19:39:08.386 [info] > git config --get commit.template [4ms]
2024-01-26 19:39:08.397 [info] > git for-each-ref --format=%(refname)%00%(upstream:short)%00%(objectname)%00%(upstream:track)%00%(upstream:remotename)%00%(upstream:remoteref) refs/heads/master refs/remotes/master [1ms]
2024-01-26 19:39:08.422 [info] > git status -z -uall [18ms]
2024-01-26 19:39:14.132 [info] > git for-each-ref --format=%(refname)%00%(upstream:short)%00%(objectname)%00%(upstream:track)%00%(upstream:remotename)%00%(upstream:remoteref) refs/heads/master refs/remotes/master [1ms]
2024-01-26 19:39:14.133 [info] > git config --get commit.template [7ms]
2024-01-26 19:39:14.148 [info] > git status -z -uall [10ms]
2024-01-26 19:42:41.585 [info] > git config --get commit.template [7ms]
2024-01-26 19:42:41.586 [info] > git for-each-ref --format=%(refname)%00%(upstream:short)%00%(objectname)%00%(upstream:track)%00%(upstream:remotename)%00%(upstream:remoteref) refs/heads/master refs/remotes/master [2ms]
2024-01-26 19:42:41.609 [info] > git status -z -uall [18ms]
2024-01-26 19:42:46.616 [info] > git config --get commit.template [1ms]
2024-01-26 19:42:46.620 [info] > git for-each-ref --format=%(refname)%00%(upstream:short)%00%(objectname)%00%(upstream:track)%00%(upstream:remotename)%00%(upstream:remoteref) refs/heads/master refs/remotes/master [0ms]
2024-01-26 19:42:46.631 [info] > git status -z -uall [8ms]
2024-01-26 19:42:48.650 [info] > git show --textconv :workspace/Confection.rb [3ms]
2024-01-26 19:42:48.650 [info] > git ls-files --stage -- /home/msegfilph/workspace/Confection.rb [1ms]
2024-01-26 19:42:48.654 [info] > git cat-file -s 650e6533b2f9e29519a052748b08a474ece54432 [1ms]
2024-01-26 19:43:03.072 [info] > git config --get commit.template [2ms]
2024-01-26 19:43:03.076 [info] > git for-each-ref --format=%(refname)%00%(upstream:short)%00%(objectname)%00%(upstream:track)%00%(upstream:remotename)%00%(upstream:remoteref) refs/heads/master refs/remotes/master [1ms]
2024-01-26 19:43:03.089 [info] > git status -z -uall [10ms]
2024-01-26 19:52:47.296 [info] > git config --get commit.template [1ms]
2024-01-26 19:52:47.300 [info] > git for-each-ref --format=%(refname)%00%(upstream:short)%00%(objectname)%00%(upstream:track)%00%(upstream:remotename)%00%(upstream:remoteref) refs/heads/master refs/remotes/master [1ms]
2024-01-26 19:52:47.314 [info] > git status -z -uall [11ms]
2024-01-26 19:56:29.979 [info] > git config --get commit.template [3ms]
2024-01-26 19:56:29.980 [info] > git for-each-ref --format=%(refname)%00%(upstream:short)%00%(objectname)%00%(upstream:track)%00%(upstream:remotename)%00%(upstream:remoteref) refs/heads/master refs/remotes/master [1ms]
2024-01-26 19:56:29.992 [info] > git status -z -uall [9ms]
2024-01-26 19:56:34.999 [info] > git config --get commit.template [1ms]
2024-01-26 19:56:35.002 [info] > git for-each-ref --format=%(refname)%00%(upstream:short)%00%(objectname)%00%(upstream:track)%00%(upstream:remotename)%00%(upstream:remoteref) refs/heads/master refs/remotes/master [1ms]
2024-01-26 19:56:35.012 [info] > git status -z -uall [8ms]
2024-01-26 19:56:37.174 [info] > git show --textconv :workspace/AdminPermission.rb [6ms]
2024-01-26 19:56:37.175 [info] > git ls-files --stage -- /home/msegfilph/workspace/AdminPermission.rb [2ms]
2024-01-26 19:56:37.179 [info] > git cat-file -s ef6ab317c377a6924dc78daaf3924c947a860ca1 [1ms]
2024-01-26 19:56:39.249 [info] > git show --textconv :workspace/Confection.rb [4ms]
2024-01-26 19:56:39.250 [info] > git ls-files --stage -- /home/msegfilph/workspace/Confection.rb [0ms]
2024-01-26 19:56:39.253 [info] > git cat-file -s 650e6533b2f9e29519a052748b08a474ece54432 [1ms]
2024-01-26 19:56:40.023 [info] > git config --get commit.template [3ms]
2024-01-26 19:56:40.023 [info] > git for-each-ref --format=%(refname)%00%(upstream:short)%00%(objectname)%00%(upstream:track)%00%(upstream:remotename)%00%(upstream:remoteref) refs/heads/master refs/remotes/master [1ms]
2024-01-26 19:56:40.035 [info] > git status -z -uall [9ms]
2024-01-26 19:56:40.773 [info] > git show --textconv :workspace/Encapsulation.rb [4ms]
2024-01-26 19:56:40.773 [info] > git ls-files --stage -- /home/msegfilph/workspace/Encapsulation.rb [0ms]
2024-01-26 19:56:40.778 [info] > git cat-file -s 8bce842b734f426b7301c32dab7d0f804144c95c [1ms]
2024-01-26 19:56:45.050 [info] > git config --get commit.template [6ms]
2024-01-26 19:56:45.050 [info] > git for-each-ref --format=%(refname)%00%(upstream:short)%00%(objectname)%00%(upstream:track)%00%(upstream:remotename)%00%(upstream:remoteref) refs/heads/master refs/remotes/master [1ms]
2024-01-26 19:56:45.062 [info] > git status -z -uall [10ms]
2024-01-26 19:56:46.518 [info] > git show --textconv :workspace/Abstraction.rb [4ms]
2024-01-26 19:56:46.518 [info] > git ls-files --stage -- /home/msegfilph/workspace/Abstraction.rb [1ms]
2024-01-26 19:56:46.522 [info] > git cat-file -s 5b7b5dcc5925ce92362e9781b1efe199e9a6e141 [1ms]
2024-01-26 19:56:50.071 [info] > git config --get commit.template [3ms]
2024-01-26 19:56:50.071 [info] > git for-each-ref --format=%(refname)%00%(upstream:short)%00%(objectname)%00%(upstream:track)%00%(upstream:remotename)%00%(upstream:remoteref) refs/heads/master refs/remotes/master [1ms]
2024-01-26 19:56:50.082 [info] > git status -z -uall [8ms]
2024-01-26 19:56:50.568 [info] > git show --textconv :workspace/Polymorphism.rb [3ms]
2024-01-26 19:56:50.568 [info] > git ls-files --stage -- /home/msegfilph/workspace/Polymorphism.rb [1ms]
2024-01-26 19:56:50.571 [info] > git cat-file -s 29530bbdf700dc4e62a562243bc3e29f9892065c [0ms]
2024-01-26 20:34:46.541 [info] > git config --get commit.template [4ms]
2024-01-26 20:34:46.544 [info] > git for-each-ref --format=%(refname)%00%(upstream:short)%00%(objectname)%00%(upstream:track)%00%(upstream:remotename)%00%(upstream:remoteref) refs/heads/master refs/remotes/master [1ms]
2024-01-26 20:34:46.585 [info] > git status -z -uall [37ms]
2024-01-26 20:35:10.329 [info] > git config --get commit.template [6ms]
2024-01-26 20:35:10.329 [info] > git for-each-ref --format=%(refname)%00%(upstream:short)%00%(objectname)%00%(upstream:track)%00%(upstream:remotename)%00%(upstream:remoteref) refs/heads/master refs/remotes/master [1ms]
2024-01-26 20:35:10.343 [info] > git status -z -uall [11ms]
2024-01-26 20:35:16.158 [info] > git config --get commit.template [5ms]
2024-01-26 20:35:16.159 [info] > git for-each-ref --format=%(refname)%00%(upstream:short)%00%(objectname)%00%(upstream:track)%00%(upstream:remotename)%00%(upstream:remoteref) refs/heads/master refs/remotes/master [2ms]
2024-01-26 20:35:16.181 [info] > git status -z -uall [17ms]
2024-01-26 20:35:27.029 [info] > git for-each-ref --format=%(refname)%00%(upstream:short)%00%(objectname)%00%(upstream:track)%00%(upstream:remotename)%00%(upstream:remoteref) refs/heads/master refs/remotes/master [1ms]
2024-01-26 20:35:27.030 [info] > git config --get commit.template [9ms]
2024-01-26 20:35:27.055 [info] > git status -z -uall [20ms]
2024-01-26 20:35:38.521 [info] > git config --get commit.template [1ms]
2024-01-26 20:35:38.525 [info] > git for-each-ref --format=%(refname)%00%(upstream:short)%00%(objectname)%00%(upstream:track)%00%(upstream:remotename)%00%(upstream:remoteref) refs/heads/master refs/remotes/master [1ms]
2024-01-26 20:35:38.539 [info] > git status -z -uall [10ms]
2024-01-26 20:36:01.519 [info] > git config --get commit.template [1ms]
2024-01-26 20:36:01.523 [info] > git for-each-ref --format=%(refname)%00%(upstream:short)%00%(objectname)%00%(upstream:track)%00%(upstream:remotename)%00%(upstream:remoteref) refs/heads/master refs/remotes/master [0ms]
2024-01-26 20:36:01.537 [info] > git status -z -uall [10ms]
2024-01-26 20:36:06.553 [info] > git config --get commit.template [5ms]
2024-01-26 20:36:06.553 [info] > git for-each-ref --format=%(refname)%00%(upstream:short)%00%(objectname)%00%(upstream:track)%00%(upstream:remotename)%00%(upstream:remoteref) refs/heads/master refs/remotes/master [1ms]
2024-01-26 20:36:06.566 [info] > git status -z -uall [10ms]
2024-01-26 20:36:11.577 [info] > git config --get commit.template [4ms]
2024-01-26 20:36:11.577 [info] > git for-each-ref --format=%(refname)%00%(upstream:short)%00%(objectname)%00%(upstream:track)%00%(upstream:remotename)%00%(upstream:remoteref) refs/heads/master refs/remotes/master [1ms]
2024-01-26 20:36:11.592 [info] > git status -z -uall [10ms]
2024-01-26 20:36:16.600 [info] > git config --get commit.template [3ms]
2024-01-26 20:36:16.600 [info] > git for-each-ref --format=%(refname)%00%(upstream:short)%00%(objectname)%00%(upstream:track)%00%(upstream:remotename)%00%(upstream:remoteref) refs/heads/master refs/remotes/master [0ms]
2024-01-26 20:36:16.621 [info] > git status -z -uall [13ms]
2024-01-26 20:38:42.860 [info] > git config --get commit.template [3ms]
2024-01-26 20:38:42.861 [info] > git for-each-ref --format=%(refname)%00%(upstream:short)%00%(objectname)%00%(upstream:track)%00%(upstream:remotename)%00%(upstream:remoteref) refs/heads/master refs/remotes/master [0ms]
2024-01-26 20:38:42.874 [info] > git status -z -uall [10ms]
2024-01-26 21:00:15.465 [info] > git config --get commit.template [5ms]
2024-01-26 21:00:15.465 [info] > git for-each-ref --format=%(refname)%00%(upstream:short)%00%(objectname)%00%(upstream:track)%00%(upstream:remotename)%00%(upstream:remoteref) refs/heads/master refs/remotes/master [1ms]
2024-01-26 21:00:15.486 [info] > git status -z -uall [18ms]
2024-01-26 21:00:22.901 [info] > git config --get commit.template [6ms]
2024-01-26 21:00:22.901 [info] > git for-each-ref --format=%(refname)%00%(upstream:short)%00%(objectname)%00%(upstream:track)%00%(upstream:remotename)%00%(upstream:remoteref) refs/heads/master refs/remotes/master [1ms]
2024-01-26 21:00:22.915 [info] > git status -z -uall [10ms]
2024-01-26 21:00:27.927 [info] > git config --get commit.template [3ms]
2024-01-26 21:00:27.927 [info] > git for-each-ref --format=%(refname)%00%(upstream:short)%00%(objectname)%00%(upstream:track)%00%(upstream:remotename)%00%(upstream:remoteref) refs/heads/master refs/remotes/master [0ms]
2024-01-26 21:00:27.938 [info] > git status -z -uall [8ms]
2024-01-26 21:00:28.195 [info] > git show --textconv :workspace/Abstraction.rb [3ms]
2024-01-26 21:00:28.195 [info] > git ls-files --stage -- /home/msegfilph/workspace/Abstraction.rb [1ms]
2024-01-26 21:00:28.199 [info] > git cat-file -s 5b7b5dcc5925ce92362e9781b1efe199e9a6e141 [1ms]
2024-01-26 21:02:01.505 [info] > git config --get commit.template [1ms]
2024-01-26 21:02:01.508 [info] > git for-each-ref --format=%(refname)%00%(upstream:short)%00%(objectname)%00%(upstream:track)%00%(upstream:remotename)%00%(upstream:remoteref) refs/heads/master refs/remotes/master [0ms]
2024-01-26 21:02:01.520 [info] > git status -z -uall [9ms]
2024-01-26 21:20:49.791 [info] > git config --get commit.template [1ms]
2024-01-26 21:20:49.796 [info] > git for-each-ref --format=%(refname)%00%(upstream:short)%00%(objectname)%00%(upstream:track)%00%(upstream:remotename)%00%(upstream:remoteref) refs/heads/master refs/remotes/master [1ms]
2024-01-26 21:20:49.810 [info] > git status -z -uall [11ms]
