2024-02-03 09:07:28.861 [info] Log level: Info
2024-02-03 09:07:28.861 [info] Validating found git in: "git"
2024-02-03 09:07:28.861 [info] Using git "2.34.1" from "git"
2024-02-03 09:07:28.861 [info] > git rev-parse --show-toplevel [32ms]
2024-02-03 09:07:28.861 [info] > git rev-parse --git-dir --git-common-dir [1ms]
2024-02-03 09:07:28.861 [info] Open repository: /home/msegfilph
2024-02-03 09:07:28.862 [info] > git config --get commit.template [4ms]
2024-02-03 09:07:28.863 [info] > git rev-parse --show-toplevel [2ms]
2024-02-03 09:07:28.872 [info] > git for-each-ref --format=%(refname)%00%(upstream:short)%00%(objectname)%00%(upstream:track)%00%(upstream:remotename)%00%(upstream:remoteref) refs/heads/master refs/remotes/master [6ms]
2024-02-03 09:07:28.876 [info] > git rev-parse --show-toplevel [5ms]
2024-02-03 09:07:28.880 [info] > git rev-parse --git-dir --git-common-dir [1ms]
2024-02-03 09:07:28.884 [info] Open repository: /home/msegfilph/.asdf
2024-02-03 09:07:28.892 [info] > git rev-parse --show-toplevel [2ms]
2024-02-03 09:07:28.893 [info] > git config --get commit.template [6ms]
2024-02-03 09:07:28.901 [info] > git rev-parse --show-toplevel [5ms]
2024-02-03 09:07:28.906 [info] > git rev-parse --show-toplevel [1ms]
2024-02-03 09:07:28.910 [info] > git for-each-ref --format %(refname) %(objectname) %(*objectname) refs/tags [9ms]
2024-02-03 09:07:28.921 [info] > git rev-parse --show-toplevel [13ms]
2024-02-03 09:07:28.924 [info] > git status -z -uall [49ms]
2024-02-03 09:07:28.924 [info] > git status -z -uall [11ms]
2024-02-03 09:07:29.154 [info] > git config --get commit.template [10ms]
2024-02-03 09:07:29.155 [info] > git config --get commit.template [13ms]
2024-02-03 09:07:29.170 [info] > git for-each-ref --format %(refname) %(objectname) %(*objectname) refs/tags [4ms]
2024-02-03 09:07:29.173 [info] > git for-each-ref --format=%(refname)%00%(upstream:short)%00%(objectname)%00%(upstream:track)%00%(upstream:remotename)%00%(upstream:remoteref) refs/heads/master refs/remotes/master [4ms]
2024-02-03 09:07:29.176 [info] > git status -z -uall [3ms]
2024-02-03 09:07:29.186 [info] > git status -z -uall [10ms]
2024-02-03 09:07:29.451 [info] > git check-ignore -v -z --stdin [5ms]
2024-02-03 09:07:29.451 [info] > git check-ignore -v -z --stdin [3ms]
2024-02-03 09:07:29.475 [info] > git show --textconv :workspace/exercises/disemvowel.rb [4ms]
2024-02-03 09:07:29.475 [info] > git ls-files --stage -- /home/msegfilph/workspace/exercises/disemvowel.rb [1ms]
2024-02-03 09:07:32.277 [info] > git config --get commit.template [2ms]
2024-02-03 09:07:32.282 [info] > git for-each-ref --format=%(refname)%00%(upstream:short)%00%(objectname)%00%(upstream:track)%00%(upstream:remotename)%00%(upstream:remoteref) refs/heads/master refs/remotes/master [0ms]
2024-02-03 09:07:32.296 [info] > git status -z -uall [10ms]
2024-02-03 09:07:37.349 [info] > git config --get commit.template [6ms]
2024-02-03 09:07:37.349 [info] > git for-each-ref --format=%(refname)%00%(upstream:short)%00%(objectname)%00%(upstream:track)%00%(upstream:remotename)%00%(upstream:remoteref) refs/heads/master refs/remotes/master [1ms]
2024-02-03 09:07:37.364 [info] > git status -z -uall [11ms]
2024-02-03 09:07:42.422 [info] > git config --get commit.template [1ms]
2024-02-03 09:07:42.426 [info] > git for-each-ref --format=%(refname)%00%(upstream:short)%00%(objectname)%00%(upstream:track)%00%(upstream:remotename)%00%(upstream:remoteref) refs/heads/master refs/remotes/master [1ms]
2024-02-03 09:07:42.440 [info] > git status -z -uall [11ms]
2024-02-03 09:07:47.494 [info] > git config --get commit.template [1ms]
2024-02-03 09:07:47.499 [info] > git for-each-ref --format=%(refname)%00%(upstream:short)%00%(objectname)%00%(upstream:track)%00%(upstream:remotename)%00%(upstream:remoteref) refs/heads/master refs/remotes/master [0ms]
2024-02-03 09:07:47.512 [info] > git status -z -uall [10ms]
2024-02-03 09:08:07.251 [info] > git config --get commit.template [6ms]
2024-02-03 09:08:07.252 [info] > git for-each-ref --format=%(refname)%00%(upstream:short)%00%(objectname)%00%(upstream:track)%00%(upstream:remotename)%00%(upstream:remoteref) refs/heads/master refs/remotes/master [2ms]
2024-02-03 09:08:07.271 [info] > git status -z -uall [15ms]
2024-02-03 09:08:35.711 [info] > git config --get commit.template [2ms]
2024-02-03 09:08:35.717 [info] > git for-each-ref --format=%(refname)%00%(upstream:short)%00%(objectname)%00%(upstream:track)%00%(upstream:remotename)%00%(upstream:remoteref) refs/heads/master refs/remotes/master [1ms]
2024-02-03 09:08:35.737 [info] > git status -z -uall [16ms]
2024-02-03 09:08:40.798 [info] > git config --get commit.template [4ms]
2024-02-03 09:08:40.799 [info] > git for-each-ref --format=%(refname)%00%(upstream:short)%00%(objectname)%00%(upstream:track)%00%(upstream:remotename)%00%(upstream:remoteref) refs/heads/master refs/remotes/master [1ms]
2024-02-03 09:08:40.814 [info] > git status -z -uall [12ms]
2024-02-03 09:08:45.857 [info] > git config --get commit.template [0ms]
2024-02-03 09:08:45.861 [info] > git for-each-ref --format=%(refname)%00%(upstream:short)%00%(objectname)%00%(upstream:track)%00%(upstream:remotename)%00%(upstream:remoteref) refs/heads/master refs/remotes/master [0ms]
2024-02-03 09:08:45.875 [info] > git status -z -uall [10ms]
2024-02-03 09:08:50.921 [info] > git config --get commit.template [0ms]
2024-02-03 09:08:50.926 [info] > git for-each-ref --format=%(refname)%00%(upstream:short)%00%(objectname)%00%(upstream:track)%00%(upstream:remotename)%00%(upstream:remoteref) refs/heads/master refs/remotes/master [1ms]
2024-02-03 09:08:50.950 [info] > git status -z -uall [14ms]
2024-02-03 09:08:57.497 [info] > git config --get commit.template [1ms]
2024-02-03 09:08:57.504 [info] > git for-each-ref --format=%(refname)%00%(upstream:short)%00%(objectname)%00%(upstream:track)%00%(upstream:remotename)%00%(upstream:remoteref) refs/heads/master refs/remotes/master [1ms]
2024-02-03 09:08:57.522 [info] > git status -z -uall [14ms]
2024-02-03 09:09:02.595 [info] > git config --get commit.template [5ms]
2024-02-03 09:09:02.595 [info] > git for-each-ref --format=%(refname)%00%(upstream:short)%00%(objectname)%00%(upstream:track)%00%(upstream:remotename)%00%(upstream:remoteref) refs/heads/master refs/remotes/master [0ms]
2024-02-03 09:09:02.608 [info] > git status -z -uall [10ms]
2024-02-03 09:09:07.660 [info] > git config --get commit.template [5ms]
2024-02-03 09:09:07.661 [info] > git for-each-ref --format=%(refname)%00%(upstream:short)%00%(objectname)%00%(upstream:track)%00%(upstream:remotename)%00%(upstream:remoteref) refs/heads/master refs/remotes/master [1ms]
2024-02-03 09:09:07.681 [info] > git status -z -uall [11ms]
2024-02-03 09:09:12.726 [info] > git config --get commit.template [0ms]
2024-02-03 09:09:12.731 [info] > git for-each-ref --format=%(refname)%00%(upstream:short)%00%(objectname)%00%(upstream:track)%00%(upstream:remotename)%00%(upstream:remoteref) refs/heads/master refs/remotes/master [1ms]
2024-02-03 09:09:12.744 [info] > git status -z -uall [10ms]
2024-02-03 09:09:17.790 [info] > git config --get commit.template [1ms]
2024-02-03 09:09:17.795 [info] > git for-each-ref --format=%(refname)%00%(upstream:short)%00%(objectname)%00%(upstream:track)%00%(upstream:remotename)%00%(upstream:remoteref) refs/heads/master refs/remotes/master [0ms]
2024-02-03 09:09:17.808 [info] > git status -z -uall [10ms]
2024-02-03 09:09:22.855 [info] > git config --get commit.template [5ms]
2024-02-03 09:09:22.855 [info] > git for-each-ref --format=%(refname)%00%(upstream:short)%00%(objectname)%00%(upstream:track)%00%(upstream:remotename)%00%(upstream:remoteref) refs/heads/master refs/remotes/master [0ms]
2024-02-03 09:09:22.876 [info] > git status -z -uall [13ms]
2024-02-03 09:09:27.965 [info] > git config --get commit.template [1ms]
2024-02-03 09:09:27.970 [info] > git for-each-ref --format=%(refname)%00%(upstream:short)%00%(objectname)%00%(upstream:track)%00%(upstream:remotename)%00%(upstream:remoteref) refs/heads/master refs/remotes/master [1ms]
2024-02-03 09:09:27.986 [info] > git status -z -uall [10ms]
2024-02-03 09:09:33.037 [info] > git config --get commit.template [0ms]
2024-02-03 09:09:33.043 [info] > git for-each-ref --format=%(refname)%00%(upstream:short)%00%(objectname)%00%(upstream:track)%00%(upstream:remotename)%00%(upstream:remoteref) refs/heads/master refs/remotes/master [0ms]
2024-02-03 09:09:33.057 [info] > git status -z -uall [10ms]
2024-02-03 09:09:38.104 [info] > git config --get commit.template [0ms]
2024-02-03 09:09:38.109 [info] > git for-each-ref --format=%(refname)%00%(upstream:short)%00%(objectname)%00%(upstream:track)%00%(upstream:remotename)%00%(upstream:remoteref) refs/heads/master refs/remotes/master [1ms]
2024-02-03 09:09:38.123 [info] > git status -z -uall [9ms]
2024-02-03 09:10:12.041 [info] > git config --get commit.template [1ms]
2024-02-03 09:10:12.045 [info] > git for-each-ref --format=%(refname)%00%(upstream:short)%00%(objectname)%00%(upstream:track)%00%(upstream:remotename)%00%(upstream:remoteref) refs/heads/master refs/remotes/master [1ms]
2024-02-03 09:10:12.061 [info] > git status -z -uall [13ms]
2024-02-03 09:10:17.128 [info] > git config --get commit.template [4ms]
2024-02-03 09:10:17.128 [info] > git for-each-ref --format=%(refname)%00%(upstream:short)%00%(objectname)%00%(upstream:track)%00%(upstream:remotename)%00%(upstream:remoteref) refs/heads/master refs/remotes/master [0ms]
2024-02-03 09:10:17.141 [info] > git status -z -uall [10ms]
2024-02-03 09:10:22.198 [info] > git config --get commit.template [4ms]
2024-02-03 09:10:22.198 [info] > git for-each-ref --format=%(refname)%00%(upstream:short)%00%(objectname)%00%(upstream:track)%00%(upstream:remotename)%00%(upstream:remoteref) refs/heads/master refs/remotes/master [1ms]
2024-02-03 09:10:22.211 [info] > git status -z -uall [10ms]
2024-02-03 09:10:27.262 [info] > git config --get commit.template [1ms]
2024-02-03 09:10:27.265 [info] > git for-each-ref --format=%(refname)%00%(upstream:short)%00%(objectname)%00%(upstream:track)%00%(upstream:remotename)%00%(upstream:remoteref) refs/heads/master refs/remotes/master [0ms]
2024-02-03 09:10:27.278 [info] > git status -z -uall [10ms]
2024-02-03 09:10:32.332 [info] > git config --get commit.template [1ms]
2024-02-03 09:10:32.338 [info] > git for-each-ref --format=%(refname)%00%(upstream:short)%00%(objectname)%00%(upstream:track)%00%(upstream:remotename)%00%(upstream:remoteref) refs/heads/master refs/remotes/master [1ms]
2024-02-03 09:10:32.353 [info] > git status -z -uall [10ms]
2024-02-03 09:10:37.411 [info] > git config --get commit.template [9ms]
2024-02-03 09:10:37.412 [info] > git for-each-ref --format=%(refname)%00%(upstream:short)%00%(objectname)%00%(upstream:track)%00%(upstream:remotename)%00%(upstream:remoteref) refs/heads/master refs/remotes/master [1ms]
2024-02-03 09:10:37.429 [info] > git status -z -uall [13ms]
2024-02-03 09:10:42.511 [info] > git config --get commit.template [1ms]
2024-02-03 09:10:42.516 [info] > git for-each-ref --format=%(refname)%00%(upstream:short)%00%(objectname)%00%(upstream:track)%00%(upstream:remotename)%00%(upstream:remoteref) refs/heads/master refs/remotes/master [1ms]
2024-02-03 09:10:42.529 [info] > git status -z -uall [9ms]
2024-02-03 09:10:47.577 [info] > git config --get commit.template [1ms]
2024-02-03 09:10:47.584 [info] > git for-each-ref --format=%(refname)%00%(upstream:short)%00%(objectname)%00%(upstream:track)%00%(upstream:remotename)%00%(upstream:remoteref) refs/heads/master refs/remotes/master [1ms]
2024-02-03 09:10:47.601 [info] > git status -z -uall [12ms]
2024-02-03 09:10:52.653 [info] > git config --get commit.template [5ms]
2024-02-03 09:10:52.653 [info] > git for-each-ref --format=%(refname)%00%(upstream:short)%00%(objectname)%00%(upstream:track)%00%(upstream:remotename)%00%(upstream:remoteref) refs/heads/master refs/remotes/master [1ms]
2024-02-03 09:10:52.669 [info] > git status -z -uall [13ms]
2024-02-03 09:10:57.719 [info] > git config --get commit.template [4ms]
2024-02-03 09:10:57.719 [info] > git for-each-ref --format=%(refname)%00%(upstream:short)%00%(objectname)%00%(upstream:track)%00%(upstream:remotename)%00%(upstream:remoteref) refs/heads/master refs/remotes/master [1ms]
2024-02-03 09:10:57.732 [info] > git status -z -uall [10ms]
2024-02-03 09:11:02.783 [info] > git config --get commit.template [4ms]
2024-02-03 09:11:02.783 [info] > git for-each-ref --format=%(refname)%00%(upstream:short)%00%(objectname)%00%(upstream:track)%00%(upstream:remotename)%00%(upstream:remoteref) refs/heads/master refs/remotes/master [0ms]
2024-02-03 09:11:02.797 [info] > git status -z -uall [11ms]
2024-02-03 09:11:07.846 [info] > git config --get commit.template [4ms]
2024-02-03 09:11:07.846 [info] > git for-each-ref --format=%(refname)%00%(upstream:short)%00%(objectname)%00%(upstream:track)%00%(upstream:remotename)%00%(upstream:remoteref) refs/heads/master refs/remotes/master [1ms]
2024-02-03 09:11:07.860 [info] > git status -z -uall [10ms]
2024-02-03 09:12:48.276 [info] > git config --get commit.template [1ms]
2024-02-03 09:12:48.281 [info] > git for-each-ref --format=%(refname)%00%(upstream:short)%00%(objectname)%00%(upstream:track)%00%(upstream:remotename)%00%(upstream:remoteref) refs/heads/master refs/remotes/master [1ms]
2024-02-03 09:12:48.298 [info] > git status -z -uall [14ms]
2024-02-03 09:12:53.435 [info] > git for-each-ref --format=%(refname)%00%(upstream:short)%00%(objectname)%00%(upstream:track)%00%(upstream:remotename)%00%(upstream:remoteref) refs/heads/master refs/remotes/master [1ms]
2024-02-03 09:12:53.436 [info] > git config --get commit.template [10ms]
2024-02-03 09:12:53.456 [info] > git status -z -uall [15ms]
2024-02-03 09:12:58.507 [info] > git config --get commit.template [6ms]
2024-02-03 09:12:58.507 [info] > git for-each-ref --format=%(refname)%00%(upstream:short)%00%(objectname)%00%(upstream:track)%00%(upstream:remotename)%00%(upstream:remoteref) refs/heads/master refs/remotes/master [1ms]
2024-02-03 09:12:58.525 [info] > git status -z -uall [12ms]
2024-02-03 09:13:03.572 [info] > git config --get commit.template [4ms]
2024-02-03 09:13:03.572 [info] > git for-each-ref --format=%(refname)%00%(upstream:short)%00%(objectname)%00%(upstream:track)%00%(upstream:remotename)%00%(upstream:remoteref) refs/heads/master refs/remotes/master [0ms]
2024-02-03 09:13:03.586 [info] > git status -z -uall [10ms]
2024-02-03 09:13:08.633 [info] > git config --get commit.template [1ms]
2024-02-03 09:13:08.639 [info] > git for-each-ref --format=%(refname)%00%(upstream:short)%00%(objectname)%00%(upstream:track)%00%(upstream:remotename)%00%(upstream:remoteref) refs/heads/master refs/remotes/master [1ms]
2024-02-03 09:13:08.654 [info] > git status -z -uall [10ms]
2024-02-03 09:13:13.697 [info] > git config --get commit.template [0ms]
2024-02-03 09:13:13.702 [info] > git for-each-ref --format=%(refname)%00%(upstream:short)%00%(objectname)%00%(upstream:track)%00%(upstream:remotename)%00%(upstream:remoteref) refs/heads/master refs/remotes/master [1ms]
2024-02-03 09:13:13.714 [info] > git status -z -uall [9ms]
2024-02-03 09:13:18.762 [info] > git config --get commit.template [1ms]
2024-02-03 09:13:18.767 [info] > git for-each-ref --format=%(refname)%00%(upstream:short)%00%(objectname)%00%(upstream:track)%00%(upstream:remotename)%00%(upstream:remoteref) refs/heads/master refs/remotes/master [0ms]
2024-02-03 09:13:18.781 [info] > git status -z -uall [10ms]
2024-02-03 09:13:23.832 [info] > git config --get commit.template [4ms]
2024-02-03 09:13:23.832 [info] > git for-each-ref --format=%(refname)%00%(upstream:short)%00%(objectname)%00%(upstream:track)%00%(upstream:remotename)%00%(upstream:remoteref) refs/heads/master refs/remotes/master [1ms]
2024-02-03 09:13:23.848 [info] > git status -z -uall [12ms]
2024-02-03 09:13:28.898 [info] > git config --get commit.template [0ms]
2024-02-03 09:13:28.904 [info] > git for-each-ref --format=%(refname)%00%(upstream:short)%00%(objectname)%00%(upstream:track)%00%(upstream:remotename)%00%(upstream:remoteref) refs/heads/master refs/remotes/master [1ms]
2024-02-03 09:13:28.918 [info] > git status -z -uall [11ms]
2024-02-03 09:13:33.974 [info] > git config --get commit.template [6ms]
2024-02-03 09:13:33.975 [info] > git for-each-ref --format=%(refname)%00%(upstream:short)%00%(objectname)%00%(upstream:track)%00%(upstream:remotename)%00%(upstream:remoteref) refs/heads/master refs/remotes/master [1ms]
2024-02-03 09:13:33.990 [info] > git status -z -uall [11ms]
2024-02-03 09:13:39.037 [info] > git config --get commit.template [0ms]
2024-02-03 09:13:39.043 [info] > git for-each-ref --format=%(refname)%00%(upstream:short)%00%(objectname)%00%(upstream:track)%00%(upstream:remotename)%00%(upstream:remoteref) refs/heads/master refs/remotes/master [1ms]
2024-02-03 09:13:39.057 [info] > git status -z -uall [9ms]
2024-02-03 09:13:44.103 [info] > git config --get commit.template [1ms]
2024-02-03 09:13:44.109 [info] > git for-each-ref --format=%(refname)%00%(upstream:short)%00%(objectname)%00%(upstream:track)%00%(upstream:remotename)%00%(upstream:remoteref) refs/heads/master refs/remotes/master [1ms]
2024-02-03 09:13:44.123 [info] > git status -z -uall [10ms]
2024-02-03 09:13:49.177 [info] > git config --get commit.template [6ms]
2024-02-03 09:13:49.177 [info] > git for-each-ref --format=%(refname)%00%(upstream:short)%00%(objectname)%00%(upstream:track)%00%(upstream:remotename)%00%(upstream:remoteref) refs/heads/master refs/remotes/master [0ms]
2024-02-03 09:13:49.191 [info] > git status -z -uall [9ms]
2024-02-03 09:13:54.235 [info] > git config --get commit.template [0ms]
2024-02-03 09:13:54.241 [info] > git for-each-ref --format=%(refname)%00%(upstream:short)%00%(objectname)%00%(upstream:track)%00%(upstream:remotename)%00%(upstream:remoteref) refs/heads/master refs/remotes/master [0ms]
2024-02-03 09:13:54.258 [info] > git status -z -uall [10ms]
2024-02-03 09:13:59.317 [info] > git config --get commit.template [8ms]
2024-02-03 09:13:59.318 [info] > git for-each-ref --format=%(refname)%00%(upstream:short)%00%(objectname)%00%(upstream:track)%00%(upstream:remotename)%00%(upstream:remoteref) refs/heads/master refs/remotes/master [1ms]
2024-02-03 09:13:59.333 [info] > git status -z -uall [10ms]
2024-02-03 09:14:04.380 [info] > git config --get commit.template [1ms]
2024-02-03 09:14:04.389 [info] > git for-each-ref --format=%(refname)%00%(upstream:short)%00%(objectname)%00%(upstream:track)%00%(upstream:remotename)%00%(upstream:remoteref) refs/heads/master refs/remotes/master [0ms]
2024-02-03 09:14:04.405 [info] > git status -z -uall [10ms]
2024-02-03 09:14:09.462 [info] > git config --get commit.template [7ms]
2024-02-03 09:14:09.463 [info] > git for-each-ref --format=%(refname)%00%(upstream:short)%00%(objectname)%00%(upstream:track)%00%(upstream:remotename)%00%(upstream:remoteref) refs/heads/master refs/remotes/master [1ms]
2024-02-03 09:14:09.478 [info] > git status -z -uall [11ms]
2024-02-03 09:14:14.526 [info] > git config --get commit.template [1ms]
2024-02-03 09:14:14.532 [info] > git for-each-ref --format=%(refname)%00%(upstream:short)%00%(objectname)%00%(upstream:track)%00%(upstream:remotename)%00%(upstream:remoteref) refs/heads/master refs/remotes/master [0ms]
2024-02-03 09:14:14.547 [info] > git status -z -uall [11ms]
2024-02-03 09:14:19.608 [info] > git config --get commit.template [7ms]
2024-02-03 09:14:19.609 [info] > git for-each-ref --format=%(refname)%00%(upstream:short)%00%(objectname)%00%(upstream:track)%00%(upstream:remotename)%00%(upstream:remoteref) refs/heads/master refs/remotes/master [1ms]
2024-02-03 09:14:19.625 [info] > git status -z -uall [11ms]
2024-02-03 09:14:24.672 [info] > git config --get commit.template [1ms]
2024-02-03 09:14:24.677 [info] > git for-each-ref --format=%(refname)%00%(upstream:short)%00%(objectname)%00%(upstream:track)%00%(upstream:remotename)%00%(upstream:remoteref) refs/heads/master refs/remotes/master [1ms]
2024-02-03 09:14:24.691 [info] > git status -z -uall [10ms]
2024-02-03 09:14:29.742 [info] > git config --get commit.template [5ms]
2024-02-03 09:14:29.743 [info] > git for-each-ref --format=%(refname)%00%(upstream:short)%00%(objectname)%00%(upstream:track)%00%(upstream:remotename)%00%(upstream:remoteref) refs/heads/master refs/remotes/master [1ms]
2024-02-03 09:14:29.756 [info] > git status -z -uall [10ms]
2024-02-03 09:14:34.804 [info] > git config --get commit.template [5ms]
2024-02-03 09:14:34.805 [info] > git for-each-ref --format=%(refname)%00%(upstream:short)%00%(objectname)%00%(upstream:track)%00%(upstream:remotename)%00%(upstream:remoteref) refs/heads/master refs/remotes/master [0ms]
2024-02-03 09:14:34.819 [info] > git status -z -uall [10ms]
2024-02-03 09:14:39.866 [info] > git config --get commit.template [3ms]
2024-02-03 09:14:39.867 [info] > git for-each-ref --format=%(refname)%00%(upstream:short)%00%(objectname)%00%(upstream:track)%00%(upstream:remotename)%00%(upstream:remoteref) refs/heads/master refs/remotes/master [1ms]
2024-02-03 09:14:39.881 [info] > git status -z -uall [11ms]
2024-02-03 09:14:44.935 [info] > git config --get commit.template [4ms]
2024-02-03 09:14:44.936 [info] > git for-each-ref --format=%(refname)%00%(upstream:short)%00%(objectname)%00%(upstream:track)%00%(upstream:remotename)%00%(upstream:remoteref) refs/heads/master refs/remotes/master [1ms]
2024-02-03 09:14:44.951 [info] > git status -z -uall [11ms]
2024-02-03 09:14:50.009 [info] > git config --get commit.template [7ms]
2024-02-03 09:14:50.010 [info] > git for-each-ref --format=%(refname)%00%(upstream:short)%00%(objectname)%00%(upstream:track)%00%(upstream:remotename)%00%(upstream:remoteref) refs/heads/master refs/remotes/master [1ms]
2024-02-03 09:14:50.027 [info] > git status -z -uall [12ms]
2024-02-03 09:14:55.087 [info] > git config --get commit.template [6ms]
2024-02-03 09:14:55.087 [info] > git for-each-ref --format=%(refname)%00%(upstream:short)%00%(objectname)%00%(upstream:track)%00%(upstream:remotename)%00%(upstream:remoteref) refs/heads/master refs/remotes/master [1ms]
2024-02-03 09:14:55.101 [info] > git status -z -uall [10ms]
2024-02-03 09:15:00.147 [info] > git config --get commit.template [0ms]
2024-02-03 09:15:00.151 [info] > git for-each-ref --format=%(refname)%00%(upstream:short)%00%(objectname)%00%(upstream:track)%00%(upstream:remotename)%00%(upstream:remoteref) refs/heads/master refs/remotes/master [1ms]
2024-02-03 09:15:00.166 [info] > git status -z -uall [12ms]
2024-02-03 09:15:05.217 [info] > git config --get commit.template [1ms]
2024-02-03 09:15:05.221 [info] > git for-each-ref --format=%(refname)%00%(upstream:short)%00%(objectname)%00%(upstream:track)%00%(upstream:remotename)%00%(upstream:remoteref) refs/heads/master refs/remotes/master [0ms]
2024-02-03 09:15:05.234 [info] > git status -z -uall [10ms]
2024-02-03 09:15:10.285 [info] > git config --get commit.template [5ms]
2024-02-03 09:15:10.285 [info] > git for-each-ref --format=%(refname)%00%(upstream:short)%00%(objectname)%00%(upstream:track)%00%(upstream:remotename)%00%(upstream:remoteref) refs/heads/master refs/remotes/master [0ms]
2024-02-03 09:15:10.302 [info] > git status -z -uall [12ms]
2024-02-03 09:15:15.359 [info] > git config --get commit.template [7ms]
2024-02-03 09:15:15.359 [info] > git for-each-ref --format=%(refname)%00%(upstream:short)%00%(objectname)%00%(upstream:track)%00%(upstream:remotename)%00%(upstream:remoteref) refs/heads/master refs/remotes/master [1ms]
2024-02-03 09:15:15.374 [info] > git status -z -uall [10ms]
2024-02-03 09:15:20.423 [info] > git config --get commit.template [1ms]
2024-02-03 09:15:20.429 [info] > git for-each-ref --format=%(refname)%00%(upstream:short)%00%(objectname)%00%(upstream:track)%00%(upstream:remotename)%00%(upstream:remoteref) refs/heads/master refs/remotes/master [1ms]
2024-02-03 09:15:20.441 [info] > git status -z -uall [9ms]
2024-02-03 09:15:25.500 [info] > git config --get commit.template [6ms]
2024-02-03 09:15:25.501 [info] > git for-each-ref --format=%(refname)%00%(upstream:short)%00%(objectname)%00%(upstream:track)%00%(upstream:remotename)%00%(upstream:remoteref) refs/heads/master refs/remotes/master [0ms]
2024-02-03 09:15:25.514 [info] > git status -z -uall [10ms]
2024-02-03 09:15:30.562 [info] > git config --get commit.template [4ms]
2024-02-03 09:15:30.562 [info] > git for-each-ref --format=%(refname)%00%(upstream:short)%00%(objectname)%00%(upstream:track)%00%(upstream:remotename)%00%(upstream:remoteref) refs/heads/master refs/remotes/master [0ms]
2024-02-03 09:15:30.576 [info] > git status -z -uall [11ms]
2024-02-03 09:15:35.631 [info] > git config --get commit.template [5ms]
2024-02-03 09:15:35.632 [info] > git for-each-ref --format=%(refname)%00%(upstream:short)%00%(objectname)%00%(upstream:track)%00%(upstream:remotename)%00%(upstream:remoteref) refs/heads/master refs/remotes/master [1ms]
2024-02-03 09:15:35.646 [info] > git status -z -uall [11ms]
2024-02-03 09:15:40.699 [info] > git config --get commit.template [6ms]
2024-02-03 09:15:40.700 [info] > git for-each-ref --format=%(refname)%00%(upstream:short)%00%(objectname)%00%(upstream:track)%00%(upstream:remotename)%00%(upstream:remoteref) refs/heads/master refs/remotes/master [1ms]
2024-02-03 09:15:40.713 [info] > git status -z -uall [10ms]
2024-02-03 09:15:45.762 [info] > git config --get commit.template [3ms]
2024-02-03 09:15:45.762 [info] > git for-each-ref --format=%(refname)%00%(upstream:short)%00%(objectname)%00%(upstream:track)%00%(upstream:remotename)%00%(upstream:remoteref) refs/heads/master refs/remotes/master [1ms]
2024-02-03 09:15:45.775 [info] > git status -z -uall [10ms]
2024-02-03 09:15:56.977 [info] > git config --get commit.template [1ms]
2024-02-03 09:15:56.984 [info] > git for-each-ref --format=%(refname)%00%(upstream:short)%00%(objectname)%00%(upstream:track)%00%(upstream:remotename)%00%(upstream:remoteref) refs/heads/master refs/remotes/master [1ms]
2024-02-03 09:15:57.003 [info] > git status -z -uall [14ms]
2024-02-03 09:16:02.063 [info] > git config --get commit.template [1ms]
2024-02-03 09:16:02.068 [info] > git for-each-ref --format=%(refname)%00%(upstream:short)%00%(objectname)%00%(upstream:track)%00%(upstream:remotename)%00%(upstream:remoteref) refs/heads/master refs/remotes/master [1ms]
2024-02-03 09:16:02.081 [info] > git status -z -uall [10ms]
2024-02-03 09:16:07.130 [info] > git config --get commit.template [1ms]
2024-02-03 09:16:07.136 [info] > git for-each-ref --format=%(refname)%00%(upstream:short)%00%(objectname)%00%(upstream:track)%00%(upstream:remotename)%00%(upstream:remoteref) refs/heads/master refs/remotes/master [1ms]
2024-02-03 09:16:07.152 [info] > git status -z -uall [12ms]
2024-02-03 09:16:12.206 [info] > git config --get commit.template [4ms]
2024-02-03 09:16:12.207 [info] > git for-each-ref --format=%(refname)%00%(upstream:short)%00%(objectname)%00%(upstream:track)%00%(upstream:remotename)%00%(upstream:remoteref) refs/heads/master refs/remotes/master [1ms]
2024-02-03 09:16:12.221 [info] > git status -z -uall [11ms]
2024-02-03 09:16:17.266 [info] > git config --get commit.template [4ms]
2024-02-03 09:16:17.267 [info] > git for-each-ref --format=%(refname)%00%(upstream:short)%00%(objectname)%00%(upstream:track)%00%(upstream:remotename)%00%(upstream:remoteref) refs/heads/master refs/remotes/master [1ms]
2024-02-03 09:16:17.280 [info] > git status -z -uall [10ms]
2024-02-03 09:16:22.332 [info] > git config --get commit.template [6ms]
2024-02-03 09:16:22.332 [info] > git for-each-ref --format=%(refname)%00%(upstream:short)%00%(objectname)%00%(upstream:track)%00%(upstream:remotename)%00%(upstream:remoteref) refs/heads/master refs/remotes/master [0ms]
2024-02-03 09:16:22.345 [info] > git status -z -uall [9ms]
2024-02-03 09:16:27.391 [info] > git config --get commit.template [1ms]
2024-02-03 09:16:27.396 [info] > git for-each-ref --format=%(refname)%00%(upstream:short)%00%(objectname)%00%(upstream:track)%00%(upstream:remotename)%00%(upstream:remoteref) refs/heads/master refs/remotes/master [0ms]
2024-02-03 09:16:27.410 [info] > git status -z -uall [10ms]
2024-02-03 09:16:32.461 [info] > git config --get commit.template [5ms]
2024-02-03 09:16:32.461 [info] > git for-each-ref --format=%(refname)%00%(upstream:short)%00%(objectname)%00%(upstream:track)%00%(upstream:remotename)%00%(upstream:remoteref) refs/heads/master refs/remotes/master [1ms]
2024-02-03 09:16:32.477 [info] > git status -z -uall [11ms]
2024-02-03 09:16:37.528 [info] > git config --get commit.template [5ms]
2024-02-03 09:16:37.528 [info] > git for-each-ref --format=%(refname)%00%(upstream:short)%00%(objectname)%00%(upstream:track)%00%(upstream:remotename)%00%(upstream:remoteref) refs/heads/master refs/remotes/master [1ms]
2024-02-03 09:16:37.542 [info] > git status -z -uall [10ms]
2024-02-03 09:16:42.592 [info] > git config --get commit.template [5ms]
2024-02-03 09:16:42.593 [info] > git for-each-ref --format=%(refname)%00%(upstream:short)%00%(objectname)%00%(upstream:track)%00%(upstream:remotename)%00%(upstream:remoteref) refs/heads/master refs/remotes/master [1ms]
2024-02-03 09:16:42.607 [info] > git status -z -uall [10ms]
2024-02-03 09:16:47.663 [info] > git config --get commit.template [7ms]
2024-02-03 09:16:47.663 [info] > git for-each-ref --format=%(refname)%00%(upstream:short)%00%(objectname)%00%(upstream:track)%00%(upstream:remotename)%00%(upstream:remoteref) refs/heads/master refs/remotes/master [1ms]
2024-02-03 09:16:47.677 [info] > git status -z -uall [10ms]
2024-02-03 09:16:52.723 [info] > git config --get commit.template [1ms]
2024-02-03 09:16:52.729 [info] > git for-each-ref --format=%(refname)%00%(upstream:short)%00%(objectname)%00%(upstream:track)%00%(upstream:remotename)%00%(upstream:remoteref) refs/heads/master refs/remotes/master [1ms]
2024-02-03 09:16:52.742 [info] > git status -z -uall [9ms]
2024-02-03 09:16:57.792 [info] > git config --get commit.template [5ms]
2024-02-03 09:16:57.792 [info] > git for-each-ref --format=%(refname)%00%(upstream:short)%00%(objectname)%00%(upstream:track)%00%(upstream:remotename)%00%(upstream:remoteref) refs/heads/master refs/remotes/master [0ms]
2024-02-03 09:16:57.807 [info] > git status -z -uall [9ms]
2024-02-03 09:17:02.853 [info] > git config --get commit.template [1ms]
2024-02-03 09:17:02.859 [info] > git for-each-ref --format=%(refname)%00%(upstream:short)%00%(objectname)%00%(upstream:track)%00%(upstream:remotename)%00%(upstream:remoteref) refs/heads/master refs/remotes/master [1ms]
2024-02-03 09:17:02.875 [info] > git status -z -uall [11ms]
2024-02-03 09:17:08.467 [info] > git config --get commit.template [1ms]
2024-02-03 09:17:08.475 [info] > git for-each-ref --format=%(refname)%00%(upstream:short)%00%(objectname)%00%(upstream:track)%00%(upstream:remotename)%00%(upstream:remoteref) refs/heads/master refs/remotes/master [1ms]
2024-02-03 09:17:08.495 [info] > git status -z -uall [14ms]
2024-02-03 09:17:13.545 [info] > git config --get commit.template [6ms]
2024-02-03 09:17:13.545 [info] > git for-each-ref --format=%(refname)%00%(upstream:short)%00%(objectname)%00%(upstream:track)%00%(upstream:remotename)%00%(upstream:remoteref) refs/heads/master refs/remotes/master [1ms]
2024-02-03 09:17:13.562 [info] > git status -z -uall [10ms]
2024-02-03 09:17:18.608 [info] > git config --get commit.template [1ms]
2024-02-03 09:17:18.613 [info] > git for-each-ref --format=%(refname)%00%(upstream:short)%00%(objectname)%00%(upstream:track)%00%(upstream:remotename)%00%(upstream:remoteref) refs/heads/master refs/remotes/master [0ms]
2024-02-03 09:17:18.626 [info] > git status -z -uall [10ms]
2024-02-03 09:17:23.680 [info] > git config --get commit.template [5ms]
2024-02-03 09:17:23.680 [info] > git for-each-ref --format=%(refname)%00%(upstream:short)%00%(objectname)%00%(upstream:track)%00%(upstream:remotename)%00%(upstream:remoteref) refs/heads/master refs/remotes/master [0ms]
2024-02-03 09:17:23.693 [info] > git status -z -uall [9ms]
2024-02-03 09:17:28.743 [info] > git config --get commit.template [1ms]
2024-02-03 09:17:28.748 [info] > git for-each-ref --format=%(refname)%00%(upstream:short)%00%(objectname)%00%(upstream:track)%00%(upstream:remotename)%00%(upstream:remoteref) refs/heads/master refs/remotes/master [1ms]
2024-02-03 09:17:28.760 [info] > git status -z -uall [9ms]
2024-02-03 09:17:33.815 [info] > git config --get commit.template [6ms]
2024-02-03 09:17:33.815 [info] > git for-each-ref --format=%(refname)%00%(upstream:short)%00%(objectname)%00%(upstream:track)%00%(upstream:remotename)%00%(upstream:remoteref) refs/heads/master refs/remotes/master [1ms]
2024-02-03 09:17:33.830 [info] > git status -z -uall [11ms]
2024-02-03 09:17:38.885 [info] > git config --get commit.template [6ms]
2024-02-03 09:17:38.886 [info] > git for-each-ref --format=%(refname)%00%(upstream:short)%00%(objectname)%00%(upstream:track)%00%(upstream:remotename)%00%(upstream:remoteref) refs/heads/master refs/remotes/master [1ms]
2024-02-03 09:17:38.901 [info] > git status -z -uall [11ms]
2024-02-03 09:17:43.956 [info] > git config --get commit.template [6ms]
2024-02-03 09:17:43.957 [info] > git for-each-ref --format=%(refname)%00%(upstream:short)%00%(objectname)%00%(upstream:track)%00%(upstream:remotename)%00%(upstream:remoteref) refs/heads/master refs/remotes/master [1ms]
2024-02-03 09:17:43.970 [info] > git status -z -uall [9ms]
2024-02-03 09:17:49.026 [info] > git config --get commit.template [6ms]
2024-02-03 09:17:49.026 [info] > git for-each-ref --format=%(refname)%00%(upstream:short)%00%(objectname)%00%(upstream:track)%00%(upstream:remotename)%00%(upstream:remoteref) refs/heads/master refs/remotes/master [1ms]
2024-02-03 09:17:49.040 [info] > git status -z -uall [10ms]
2024-02-03 09:17:54.091 [info] > git config --get commit.template [4ms]
2024-02-03 09:17:54.091 [info] > git for-each-ref --format=%(refname)%00%(upstream:short)%00%(objectname)%00%(upstream:track)%00%(upstream:remotename)%00%(upstream:remoteref) refs/heads/master refs/remotes/master [1ms]
2024-02-03 09:17:54.106 [info] > git status -z -uall [10ms]
2024-02-03 09:17:59.160 [info] > git config --get commit.template [6ms]
2024-02-03 09:17:59.160 [info] > git for-each-ref --format=%(refname)%00%(upstream:short)%00%(objectname)%00%(upstream:track)%00%(upstream:remotename)%00%(upstream:remoteref) refs/heads/master refs/remotes/master [1ms]
2024-02-03 09:17:59.175 [info] > git status -z -uall [10ms]
2024-02-03 09:18:04.226 [info] > git config --get commit.template [1ms]
2024-02-03 09:18:04.232 [info] > git for-each-ref --format=%(refname)%00%(upstream:short)%00%(objectname)%00%(upstream:track)%00%(upstream:remotename)%00%(upstream:remoteref) refs/heads/master refs/remotes/master [1ms]
2024-02-03 09:18:04.249 [info] > git status -z -uall [13ms]
2024-02-03 09:18:09.300 [info] > git config --get commit.template [4ms]
2024-02-03 09:18:09.300 [info] > git for-each-ref --format=%(refname)%00%(upstream:short)%00%(objectname)%00%(upstream:track)%00%(upstream:remotename)%00%(upstream:remoteref) refs/heads/master refs/remotes/master [1ms]
2024-02-03 09:18:09.314 [info] > git status -z -uall [11ms]
2024-02-03 09:18:14.358 [info] > git config --get commit.template [1ms]
2024-02-03 09:18:14.363 [info] > git for-each-ref --format=%(refname)%00%(upstream:short)%00%(objectname)%00%(upstream:track)%00%(upstream:remotename)%00%(upstream:remoteref) refs/heads/master refs/remotes/master [1ms]
2024-02-03 09:18:14.377 [info] > git status -z -uall [10ms]
2024-02-03 09:18:19.426 [info] > git config --get commit.template [4ms]
2024-02-03 09:18:19.427 [info] > git for-each-ref --format=%(refname)%00%(upstream:short)%00%(objectname)%00%(upstream:track)%00%(upstream:remotename)%00%(upstream:remoteref) refs/heads/master refs/remotes/master [1ms]
2024-02-03 09:18:19.440 [info] > git status -z -uall [9ms]
2024-02-03 09:18:24.491 [info] > git config --get commit.template [5ms]
2024-02-03 09:18:24.491 [info] > git for-each-ref --format=%(refname)%00%(upstream:short)%00%(objectname)%00%(upstream:track)%00%(upstream:remotename)%00%(upstream:remoteref) refs/heads/master refs/remotes/master [1ms]
2024-02-03 09:18:24.504 [info] > git status -z -uall [10ms]
2024-02-03 09:18:29.556 [info] > git config --get commit.template [5ms]
2024-02-03 09:18:29.556 [info] > git for-each-ref --format=%(refname)%00%(upstream:short)%00%(objectname)%00%(upstream:track)%00%(upstream:remotename)%00%(upstream:remoteref) refs/heads/master refs/remotes/master [1ms]
2024-02-03 09:18:29.569 [info] > git status -z -uall [10ms]
2024-02-03 09:18:34.615 [info] > git config --get commit.template [1ms]
2024-02-03 09:18:34.620 [info] > git for-each-ref --format=%(refname)%00%(upstream:short)%00%(objectname)%00%(upstream:track)%00%(upstream:remotename)%00%(upstream:remoteref) refs/heads/master refs/remotes/master [1ms]
2024-02-03 09:18:34.635 [info] > git status -z -uall [11ms]
2024-02-03 09:18:39.679 [info] > git config --get commit.template [0ms]
2024-02-03 09:18:39.683 [info] > git for-each-ref --format=%(refname)%00%(upstream:short)%00%(objectname)%00%(upstream:track)%00%(upstream:remotename)%00%(upstream:remoteref) refs/heads/master refs/remotes/master [1ms]
2024-02-03 09:18:39.696 [info] > git status -z -uall [10ms]
2024-02-03 09:18:44.754 [info] > git config --get commit.template [7ms]
2024-02-03 09:18:44.754 [info] > git for-each-ref --format=%(refname)%00%(upstream:short)%00%(objectname)%00%(upstream:track)%00%(upstream:remotename)%00%(upstream:remoteref) refs/heads/master refs/remotes/master [1ms]
2024-02-03 09:18:44.769 [info] > git status -z -uall [10ms]
2024-02-03 09:18:49.829 [info] > git config --get commit.template [7ms]
2024-02-03 09:18:49.829 [info] > git for-each-ref --format=%(refname)%00%(upstream:short)%00%(objectname)%00%(upstream:track)%00%(upstream:remotename)%00%(upstream:remoteref) refs/heads/master refs/remotes/master [1ms]
2024-02-03 09:18:49.845 [info] > git status -z -uall [11ms]
2024-02-03 09:18:54.895 [info] > git config --get commit.template [3ms]
2024-02-03 09:18:54.895 [info] > git for-each-ref --format=%(refname)%00%(upstream:short)%00%(objectname)%00%(upstream:track)%00%(upstream:remotename)%00%(upstream:remoteref) refs/heads/master refs/remotes/master [1ms]
2024-02-03 09:18:54.909 [info] > git status -z -uall [11ms]
2024-02-03 09:18:59.962 [info] > git config --get commit.template [1ms]
2024-02-03 09:18:59.967 [info] > git for-each-ref --format=%(refname)%00%(upstream:short)%00%(objectname)%00%(upstream:track)%00%(upstream:remotename)%00%(upstream:remoteref) refs/heads/master refs/remotes/master [1ms]
2024-02-03 09:18:59.982 [info] > git status -z -uall [11ms]
2024-02-03 09:19:05.030 [info] > git config --get commit.template [1ms]
2024-02-03 09:19:05.034 [info] > git for-each-ref --format=%(refname)%00%(upstream:short)%00%(objectname)%00%(upstream:track)%00%(upstream:remotename)%00%(upstream:remoteref) refs/heads/master refs/remotes/master [1ms]
2024-02-03 09:19:05.048 [info] > git status -z -uall [10ms]
2024-02-03 09:19:10.100 [info] > git config --get commit.template [4ms]
2024-02-03 09:19:10.101 [info] > git for-each-ref --format=%(refname)%00%(upstream:short)%00%(objectname)%00%(upstream:track)%00%(upstream:remotename)%00%(upstream:remoteref) refs/heads/master refs/remotes/master [1ms]
2024-02-03 09:19:10.114 [info] > git status -z -uall [10ms]
2024-02-03 09:19:15.165 [info] > git config --get commit.template [5ms]
2024-02-03 09:19:15.165 [info] > git for-each-ref --format=%(refname)%00%(upstream:short)%00%(objectname)%00%(upstream:track)%00%(upstream:remotename)%00%(upstream:remoteref) refs/heads/master refs/remotes/master [1ms]
2024-02-03 09:19:15.180 [info] > git status -z -uall [11ms]
2024-02-03 09:19:20.232 [info] > git config --get commit.template [4ms]
2024-02-03 09:19:20.232 [info] > git for-each-ref --format=%(refname)%00%(upstream:short)%00%(objectname)%00%(upstream:track)%00%(upstream:remotename)%00%(upstream:remoteref) refs/heads/master refs/remotes/master [1ms]
2024-02-03 09:19:20.246 [info] > git status -z -uall [10ms]
2024-02-03 09:19:25.291 [info] > git config --get commit.template [0ms]
2024-02-03 09:19:25.295 [info] > git for-each-ref --format=%(refname)%00%(upstream:short)%00%(objectname)%00%(upstream:track)%00%(upstream:remotename)%00%(upstream:remoteref) refs/heads/master refs/remotes/master [1ms]
2024-02-03 09:19:25.307 [info] > git status -z -uall [9ms]
2024-02-03 09:19:30.353 [info] > git config --get commit.template [1ms]
2024-02-03 09:19:30.357 [info] > git for-each-ref --format=%(refname)%00%(upstream:short)%00%(objectname)%00%(upstream:track)%00%(upstream:remotename)%00%(upstream:remoteref) refs/heads/master refs/remotes/master [1ms]
2024-02-03 09:19:30.370 [info] > git status -z -uall [10ms]
2024-02-03 09:19:35.416 [info] > git config --get commit.template [1ms]
2024-02-03 09:19:35.421 [info] > git for-each-ref --format=%(refname)%00%(upstream:short)%00%(objectname)%00%(upstream:track)%00%(upstream:remotename)%00%(upstream:remoteref) refs/heads/master refs/remotes/master [1ms]
2024-02-03 09:19:35.435 [info] > git status -z -uall [11ms]
2024-02-03 09:19:40.492 [info] > git config --get commit.template [6ms]
2024-02-03 09:19:40.492 [info] > git for-each-ref --format=%(refname)%00%(upstream:short)%00%(objectname)%00%(upstream:track)%00%(upstream:remotename)%00%(upstream:remoteref) refs/heads/master refs/remotes/master [1ms]
2024-02-03 09:19:40.508 [info] > git status -z -uall [11ms]
2024-02-03 09:19:45.564 [info] > git config --get commit.template [8ms]
2024-02-03 09:19:45.564 [info] > git for-each-ref --format=%(refname)%00%(upstream:short)%00%(objectname)%00%(upstream:track)%00%(upstream:remotename)%00%(upstream:remoteref) refs/heads/master refs/remotes/master [1ms]
2024-02-03 09:19:45.580 [info] > git status -z -uall [11ms]
2024-02-03 09:19:50.629 [info] > git config --get commit.template [1ms]
2024-02-03 09:19:50.633 [info] > git for-each-ref --format=%(refname)%00%(upstream:short)%00%(objectname)%00%(upstream:track)%00%(upstream:remotename)%00%(upstream:remoteref) refs/heads/master refs/remotes/master [1ms]
2024-02-03 09:19:50.646 [info] > git status -z -uall [10ms]
