2024-01-29 21:30:49.203 [info] Log level: Info
2024-01-29 21:30:49.203 [info] Validating found git in: "git"
2024-01-29 21:30:49.203 [info] Using git "2.34.1" from "git"
2024-01-29 21:30:49.203 [info] > git rev-parse --show-toplevel [2ms]
2024-01-29 21:30:49.203 [info] > git rev-parse --git-dir --git-common-dir [26ms]
2024-01-29 21:30:49.203 [info] Open repository: /home/msegfilph
2024-01-29 21:30:49.203 [info] > git rev-parse --show-toplevel [1ms]
2024-01-29 21:30:49.203 [info] > git config --get commit.template [4ms]
2024-01-29 21:30:49.212 [info] > git for-each-ref --format=%(refname)%00%(upstream:short)%00%(objectname)%00%(upstream:track)%00%(upstream:remotename)%00%(upstream:remoteref) refs/heads/master refs/remotes/master [1ms]
2024-01-29 21:30:49.216 [info] > git rev-parse --show-toplevel [9ms]
2024-01-29 21:30:49.222 [info] > git rev-parse --git-dir --git-common-dir [1ms]
2024-01-29 21:30:49.224 [info] Open repository: /home/msegfilph/.asdf
2024-01-29 21:30:49.233 [info] > git status -z -uall [17ms]
2024-01-29 21:30:49.255 [info] > git rev-parse --show-toplevel [23ms]
2024-01-29 21:30:49.255 [info] > git config --get commit.template [26ms]
2024-01-29 21:30:49.263 [info] > git config --get commit.template [9ms]
2024-01-29 21:30:49.268 [info] > git rev-parse --show-toplevel [6ms]
2024-01-29 21:30:49.275 [info] > git for-each-ref --format=%(refname)%00%(upstream:short)%00%(objectname)%00%(upstream:track)%00%(upstream:remotename)%00%(upstream:remoteref) refs/heads/master refs/remotes/master [4ms]
2024-01-29 21:30:49.280 [info] > git for-each-ref --format %(refname) %(objectname) %(*objectname) refs/tags [13ms]
2024-01-29 21:30:49.288 [info] > git status -z -uall [5ms]
2024-01-29 21:30:49.288 [info] > git rev-parse --show-toplevel [13ms]
2024-01-29 21:30:49.376 [info] > git status -z -uall [97ms]
2024-01-29 21:30:49.377 [info] > git rev-parse --show-toplevel [85ms]
2024-01-29 21:30:49.387 [info] > git config --get commit.template [13ms]
2024-01-29 21:30:49.391 [info] > git for-each-ref --format %(refname) %(objectname) %(*objectname) refs/tags [1ms]
2024-01-29 21:30:49.395 [info] > git status -z -uall [1ms]
2024-01-29 21:30:49.638 [info] > git show --textconv :workspace/database/activity_1.sql [3ms]
2024-01-29 21:30:49.639 [info] > git ls-files --stage -- /home/msegfilph/workspace/database/activity_1.sql [2ms]
2024-01-29 21:30:49.642 [info] > git cat-file -s 21f197f534b595fbf18729d6fc7f5d09a3bd047a [0ms]
2024-01-29 21:30:49.762 [info] > git check-ignore -v -z --stdin [4ms]
2024-01-29 21:30:49.763 [info] > git check-ignore -v -z --stdin [2ms]
2024-01-29 21:30:51.901 [info] > git config --get commit.template [2ms]
2024-01-29 21:30:51.907 [info] > git for-each-ref --format=%(refname)%00%(upstream:short)%00%(objectname)%00%(upstream:track)%00%(upstream:remotename)%00%(upstream:remoteref) refs/heads/master refs/remotes/master [1ms]
2024-01-29 21:30:51.918 [info] > git status -z -uall [7ms]
2024-01-29 21:30:56.939 [info] > git config --get commit.template [5ms]
2024-01-29 21:30:56.939 [info] > git for-each-ref --format=%(refname)%00%(upstream:short)%00%(objectname)%00%(upstream:track)%00%(upstream:remotename)%00%(upstream:remoteref) refs/heads/master refs/remotes/master [1ms]
2024-01-29 21:30:56.951 [info] > git status -z -uall [9ms]
2024-01-29 21:31:01.968 [info] > git config --get commit.template [1ms]
2024-01-29 21:31:01.975 [info] > git for-each-ref --format=%(refname)%00%(upstream:short)%00%(objectname)%00%(upstream:track)%00%(upstream:remotename)%00%(upstream:remoteref) refs/heads/master refs/remotes/master [1ms]
2024-01-29 21:31:01.986 [info] > git status -z -uall [8ms]
2024-01-29 21:31:07.004 [info] > git config --get commit.template [1ms]
2024-01-29 21:31:07.010 [info] > git for-each-ref --format=%(refname)%00%(upstream:short)%00%(objectname)%00%(upstream:track)%00%(upstream:remotename)%00%(upstream:remoteref) refs/heads/master refs/remotes/master [1ms]
2024-01-29 21:31:07.021 [info] > git status -z -uall [8ms]
2024-01-29 21:31:12.911 [info] > git config --get commit.template [2ms]
2024-01-29 21:31:12.915 [info] > git for-each-ref --format=%(refname)%00%(upstream:short)%00%(objectname)%00%(upstream:track)%00%(upstream:remotename)%00%(upstream:remoteref) refs/heads/master refs/remotes/master [1ms]
2024-01-29 21:31:12.925 [info] > git status -z -uall [7ms]
2024-01-29 21:31:17.941 [info] > git config --get commit.template [0ms]
2024-01-29 21:31:17.945 [info] > git for-each-ref --format=%(refname)%00%(upstream:short)%00%(objectname)%00%(upstream:track)%00%(upstream:remotename)%00%(upstream:remoteref) refs/heads/master refs/remotes/master [1ms]
2024-01-29 21:31:17.958 [info] > git status -z -uall [9ms]
2024-01-29 21:31:22.985 [info] > git config --get commit.template [7ms]
2024-01-29 21:31:22.986 [info] > git for-each-ref --format=%(refname)%00%(upstream:short)%00%(objectname)%00%(upstream:track)%00%(upstream:remotename)%00%(upstream:remoteref) refs/heads/master refs/remotes/master [2ms]
2024-01-29 21:31:23.000 [info] > git status -z -uall [10ms]
2024-01-29 21:31:28.020 [info] > git config --get commit.template [2ms]
2024-01-29 21:31:28.027 [info] > git for-each-ref --format=%(refname)%00%(upstream:short)%00%(objectname)%00%(upstream:track)%00%(upstream:remotename)%00%(upstream:remoteref) refs/heads/master refs/remotes/master [1ms]
2024-01-29 21:31:28.041 [info] > git status -z -uall [9ms]
2024-01-29 21:31:33.060 [info] > git config --get commit.template [1ms]
2024-01-29 21:31:33.064 [info] > git for-each-ref --format=%(refname)%00%(upstream:short)%00%(objectname)%00%(upstream:track)%00%(upstream:remotename)%00%(upstream:remoteref) refs/heads/master refs/remotes/master [0ms]
2024-01-29 21:31:33.074 [info] > git status -z -uall [7ms]
2024-01-29 21:31:38.085 [info] > git config --get commit.template [0ms]
2024-01-29 21:31:38.088 [info] > git for-each-ref --format=%(refname)%00%(upstream:short)%00%(objectname)%00%(upstream:track)%00%(upstream:remotename)%00%(upstream:remoteref) refs/heads/master refs/remotes/master [0ms]
2024-01-29 21:31:38.099 [info] > git status -z -uall [7ms]
2024-01-29 21:31:43.118 [info] > git config --get commit.template [1ms]
2024-01-29 21:31:43.125 [info] > git for-each-ref --format=%(refname)%00%(upstream:short)%00%(objectname)%00%(upstream:track)%00%(upstream:remotename)%00%(upstream:remoteref) refs/heads/master refs/remotes/master [1ms]
2024-01-29 21:31:43.136 [info] > git status -z -uall [8ms]
2024-01-29 21:31:48.147 [info] > git config --get commit.template [1ms]
2024-01-29 21:31:48.150 [info] > git for-each-ref --format=%(refname)%00%(upstream:short)%00%(objectname)%00%(upstream:track)%00%(upstream:remotename)%00%(upstream:remoteref) refs/heads/master refs/remotes/master [0ms]
2024-01-29 21:31:48.160 [info] > git status -z -uall [7ms]
2024-01-29 21:31:53.183 [info] > git config --get commit.template [7ms]
2024-01-29 21:31:53.184 [info] > git for-each-ref --format=%(refname)%00%(upstream:short)%00%(objectname)%00%(upstream:track)%00%(upstream:remotename)%00%(upstream:remoteref) refs/heads/master refs/remotes/master [1ms]
2024-01-29 21:31:53.197 [info] > git status -z -uall [9ms]
2024-01-29 21:31:58.217 [info] > git config --get commit.template [1ms]
2024-01-29 21:31:58.222 [info] > git for-each-ref --format=%(refname)%00%(upstream:short)%00%(objectname)%00%(upstream:track)%00%(upstream:remotename)%00%(upstream:remoteref) refs/heads/master refs/remotes/master [1ms]
2024-01-29 21:31:58.233 [info] > git status -z -uall [7ms]
2024-01-29 21:32:03.251 [info] > git config --get commit.template [1ms]
2024-01-29 21:32:03.256 [info] > git for-each-ref --format=%(refname)%00%(upstream:short)%00%(objectname)%00%(upstream:track)%00%(upstream:remotename)%00%(upstream:remoteref) refs/heads/master refs/remotes/master [1ms]
2024-01-29 21:32:03.268 [info] > git status -z -uall [8ms]
2024-01-29 21:32:08.289 [info] > git config --get commit.template [6ms]
2024-01-29 21:32:08.289 [info] > git for-each-ref --format=%(refname)%00%(upstream:short)%00%(objectname)%00%(upstream:track)%00%(upstream:remotename)%00%(upstream:remoteref) refs/heads/master refs/remotes/master [1ms]
2024-01-29 21:32:08.304 [info] > git status -z -uall [10ms]
2024-01-29 21:32:13.326 [info] > git config --get commit.template [1ms]
2024-01-29 21:32:13.333 [info] > git for-each-ref --format=%(refname)%00%(upstream:short)%00%(objectname)%00%(upstream:track)%00%(upstream:remotename)%00%(upstream:remoteref) refs/heads/master refs/remotes/master [0ms]
2024-01-29 21:32:13.344 [info] > git status -z -uall [8ms]
2024-01-29 21:32:18.362 [info] > git config --get commit.template [1ms]
2024-01-29 21:32:18.369 [info] > git for-each-ref --format=%(refname)%00%(upstream:short)%00%(objectname)%00%(upstream:track)%00%(upstream:remotename)%00%(upstream:remoteref) refs/heads/master refs/remotes/master [1ms]
2024-01-29 21:32:18.383 [info] > git status -z -uall [9ms]
2024-01-29 21:32:23.402 [info] > git config --get commit.template [1ms]
2024-01-29 21:32:23.409 [info] > git for-each-ref --format=%(refname)%00%(upstream:short)%00%(objectname)%00%(upstream:track)%00%(upstream:remotename)%00%(upstream:remoteref) refs/heads/master refs/remotes/master [0ms]
2024-01-29 21:32:23.423 [info] > git status -z -uall [9ms]
2024-01-29 21:32:28.438 [info] > git config --get commit.template [1ms]
2024-01-29 21:32:28.442 [info] > git for-each-ref --format=%(refname)%00%(upstream:short)%00%(objectname)%00%(upstream:track)%00%(upstream:remotename)%00%(upstream:remoteref) refs/heads/master refs/remotes/master [1ms]
2024-01-29 21:32:28.452 [info] > git status -z -uall [7ms]
2024-01-29 21:32:33.476 [info] > git config --get commit.template [7ms]
2024-01-29 21:32:33.476 [info] > git for-each-ref --format=%(refname)%00%(upstream:short)%00%(objectname)%00%(upstream:track)%00%(upstream:remotename)%00%(upstream:remoteref) refs/heads/master refs/remotes/master [1ms]
2024-01-29 21:32:33.489 [info] > git status -z -uall [8ms]
2024-01-29 21:32:38.506 [info] > git config --get commit.template [0ms]
2024-01-29 21:32:38.511 [info] > git for-each-ref --format=%(refname)%00%(upstream:short)%00%(objectname)%00%(upstream:track)%00%(upstream:remotename)%00%(upstream:remoteref) refs/heads/master refs/remotes/master [1ms]
2024-01-29 21:32:38.522 [info] > git status -z -uall [8ms]
2024-01-29 21:32:43.535 [info] > git config --get commit.template [1ms]
2024-01-29 21:32:43.538 [info] > git for-each-ref --format=%(refname)%00%(upstream:short)%00%(objectname)%00%(upstream:track)%00%(upstream:remotename)%00%(upstream:remoteref) refs/heads/master refs/remotes/master [0ms]
2024-01-29 21:32:43.549 [info] > git status -z -uall [8ms]
2024-01-29 21:33:56.688 [info] > git config --get commit.template [2ms]
2024-01-29 21:33:56.692 [info] > git for-each-ref --format=%(refname)%00%(upstream:short)%00%(objectname)%00%(upstream:track)%00%(upstream:remotename)%00%(upstream:remoteref) refs/heads/master refs/remotes/master [1ms]
2024-01-29 21:33:56.706 [info] > git status -z -uall [9ms]
2024-01-29 21:34:01.725 [info] > git config --get commit.template [1ms]
2024-01-29 21:34:01.731 [info] > git for-each-ref --format=%(refname)%00%(upstream:short)%00%(objectname)%00%(upstream:track)%00%(upstream:remotename)%00%(upstream:remoteref) refs/heads/master refs/remotes/master [1ms]
2024-01-29 21:34:01.747 [info] > git status -z -uall [11ms]
2024-01-29 21:34:06.769 [info] > git config --get commit.template [7ms]
2024-01-29 21:34:06.770 [info] > git for-each-ref --format=%(refname)%00%(upstream:short)%00%(objectname)%00%(upstream:track)%00%(upstream:remotename)%00%(upstream:remoteref) refs/heads/master refs/remotes/master [2ms]
2024-01-29 21:34:06.783 [info] > git status -z -uall [9ms]
2024-01-29 21:34:11.802 [info] > git config --get commit.template [2ms]
2024-01-29 21:34:11.808 [info] > git for-each-ref --format=%(refname)%00%(upstream:short)%00%(objectname)%00%(upstream:track)%00%(upstream:remotename)%00%(upstream:remoteref) refs/heads/master refs/remotes/master [1ms]
2024-01-29 21:34:11.819 [info] > git status -z -uall [8ms]
2024-01-29 21:34:16.833 [info] > git config --get commit.template [0ms]
2024-01-29 21:34:16.838 [info] > git for-each-ref --format=%(refname)%00%(upstream:short)%00%(objectname)%00%(upstream:track)%00%(upstream:remotename)%00%(upstream:remoteref) refs/heads/master refs/remotes/master [1ms]
2024-01-29 21:34:16.850 [info] > git status -z -uall [9ms]
2024-01-29 21:34:21.870 [info] > git config --get commit.template [2ms]
2024-01-29 21:34:21.877 [info] > git for-each-ref --format=%(refname)%00%(upstream:short)%00%(objectname)%00%(upstream:track)%00%(upstream:remotename)%00%(upstream:remoteref) refs/heads/master refs/remotes/master [1ms]
2024-01-29 21:34:21.890 [info] > git status -z -uall [9ms]
2024-01-29 21:34:26.906 [info] > git config --get commit.template [1ms]
2024-01-29 21:34:26.910 [info] > git for-each-ref --format=%(refname)%00%(upstream:short)%00%(objectname)%00%(upstream:track)%00%(upstream:remotename)%00%(upstream:remoteref) refs/heads/master refs/remotes/master [1ms]
2024-01-29 21:34:26.920 [info] > git status -z -uall [7ms]
2024-01-29 21:34:31.941 [info] > git config --get commit.template [5ms]
2024-01-29 21:34:31.941 [info] > git for-each-ref --format=%(refname)%00%(upstream:short)%00%(objectname)%00%(upstream:track)%00%(upstream:remotename)%00%(upstream:remoteref) refs/heads/master refs/remotes/master [0ms]
2024-01-29 21:34:31.952 [info] > git status -z -uall [7ms]
2024-01-29 21:34:36.971 [info] > git config --get commit.template [5ms]
2024-01-29 21:34:36.971 [info] > git for-each-ref --format=%(refname)%00%(upstream:short)%00%(objectname)%00%(upstream:track)%00%(upstream:remotename)%00%(upstream:remoteref) refs/heads/master refs/remotes/master [0ms]
2024-01-29 21:34:36.982 [info] > git status -z -uall [8ms]
2024-01-29 21:34:42.002 [info] > git config --get commit.template [6ms]
2024-01-29 21:34:42.003 [info] > git for-each-ref --format=%(refname)%00%(upstream:short)%00%(objectname)%00%(upstream:track)%00%(upstream:remotename)%00%(upstream:remoteref) refs/heads/master refs/remotes/master [1ms]
2024-01-29 21:34:42.018 [info] > git status -z -uall [10ms]
2024-01-29 21:34:47.039 [info] > git config --get commit.template [5ms]
2024-01-29 21:34:47.039 [info] > git for-each-ref --format=%(refname)%00%(upstream:short)%00%(objectname)%00%(upstream:track)%00%(upstream:remotename)%00%(upstream:remoteref) refs/heads/master refs/remotes/master [1ms]
2024-01-29 21:34:47.050 [info] > git status -z -uall [8ms]
2024-01-29 21:34:52.067 [info] > git config --get commit.template [1ms]
2024-01-29 21:34:52.073 [info] > git for-each-ref --format=%(refname)%00%(upstream:short)%00%(objectname)%00%(upstream:track)%00%(upstream:remotename)%00%(upstream:remoteref) refs/heads/master refs/remotes/master [1ms]
2024-01-29 21:34:52.086 [info] > git status -z -uall [10ms]
2024-01-29 21:34:57.106 [info] > git config --get commit.template [2ms]
2024-01-29 21:34:57.111 [info] > git for-each-ref --format=%(refname)%00%(upstream:short)%00%(objectname)%00%(upstream:track)%00%(upstream:remotename)%00%(upstream:remoteref) refs/heads/master refs/remotes/master [1ms]
2024-01-29 21:34:57.121 [info] > git status -z -uall [7ms]
2024-01-29 21:35:02.144 [info] > git config --get commit.template [7ms]
2024-01-29 21:35:02.144 [info] > git for-each-ref --format=%(refname)%00%(upstream:short)%00%(objectname)%00%(upstream:track)%00%(upstream:remotename)%00%(upstream:remoteref) refs/heads/master refs/remotes/master [1ms]
2024-01-29 21:35:02.156 [info] > git status -z -uall [8ms]
2024-01-29 21:35:07.176 [info] > git config --get commit.template [5ms]
2024-01-29 21:35:07.176 [info] > git for-each-ref --format=%(refname)%00%(upstream:short)%00%(objectname)%00%(upstream:track)%00%(upstream:remotename)%00%(upstream:remoteref) refs/heads/master refs/remotes/master [0ms]
2024-01-29 21:35:07.188 [info] > git status -z -uall [7ms]
2024-01-29 21:35:12.200 [info] > git config --get commit.template [1ms]
2024-01-29 21:35:12.203 [info] > git for-each-ref --format=%(refname)%00%(upstream:short)%00%(objectname)%00%(upstream:track)%00%(upstream:remotename)%00%(upstream:remoteref) refs/heads/master refs/remotes/master [0ms]
2024-01-29 21:35:12.213 [info] > git status -z -uall [7ms]
2024-01-29 21:35:17.232 [info] > git config --get commit.template [2ms]
2024-01-29 21:35:17.238 [info] > git for-each-ref --format=%(refname)%00%(upstream:short)%00%(objectname)%00%(upstream:track)%00%(upstream:remotename)%00%(upstream:remoteref) refs/heads/master refs/remotes/master [1ms]
2024-01-29 21:35:17.248 [info] > git status -z -uall [7ms]
2024-01-29 21:35:22.265 [info] > git config --get commit.template [1ms]
2024-01-29 21:35:22.272 [info] > git for-each-ref --format=%(refname)%00%(upstream:short)%00%(objectname)%00%(upstream:track)%00%(upstream:remotename)%00%(upstream:remoteref) refs/heads/master refs/remotes/master [1ms]
2024-01-29 21:35:22.285 [info] > git status -z -uall [9ms]
2024-01-29 21:35:27.307 [info] > git config --get commit.template [6ms]
2024-01-29 21:35:27.307 [info] > git for-each-ref --format=%(refname)%00%(upstream:short)%00%(objectname)%00%(upstream:track)%00%(upstream:remotename)%00%(upstream:remoteref) refs/heads/master refs/remotes/master [1ms]
2024-01-29 21:35:27.321 [info] > git status -z -uall [8ms]
2024-01-29 21:35:32.347 [info] > git config --get commit.template [7ms]
2024-01-29 21:35:32.347 [info] > git for-each-ref --format=%(refname)%00%(upstream:short)%00%(objectname)%00%(upstream:track)%00%(upstream:remotename)%00%(upstream:remoteref) refs/heads/master refs/remotes/master [1ms]
2024-01-29 21:35:32.362 [info] > git status -z -uall [9ms]
2024-01-29 21:35:37.387 [info] > git config --get commit.template [6ms]
2024-01-29 21:35:37.388 [info] > git for-each-ref --format=%(refname)%00%(upstream:short)%00%(objectname)%00%(upstream:track)%00%(upstream:remotename)%00%(upstream:remoteref) refs/heads/master refs/remotes/master [1ms]
2024-01-29 21:35:37.403 [info] > git status -z -uall [9ms]
2024-01-29 21:35:42.416 [info] > git config --get commit.template [0ms]
2024-01-29 21:35:42.420 [info] > git for-each-ref --format=%(refname)%00%(upstream:short)%00%(objectname)%00%(upstream:track)%00%(upstream:remotename)%00%(upstream:remoteref) refs/heads/master refs/remotes/master [1ms]
2024-01-29 21:35:42.434 [info] > git status -z -uall [10ms]
2024-01-29 21:35:47.456 [info] > git config --get commit.template [5ms]
2024-01-29 21:35:47.456 [info] > git for-each-ref --format=%(refname)%00%(upstream:short)%00%(objectname)%00%(upstream:track)%00%(upstream:remotename)%00%(upstream:remoteref) refs/heads/master refs/remotes/master [1ms]
2024-01-29 21:35:47.469 [info] > git status -z -uall [8ms]
2024-01-29 21:35:52.492 [info] > git config --get commit.template [5ms]
2024-01-29 21:35:52.493 [info] > git for-each-ref --format=%(refname)%00%(upstream:short)%00%(objectname)%00%(upstream:track)%00%(upstream:remotename)%00%(upstream:remoteref) refs/heads/master refs/remotes/master [0ms]
2024-01-29 21:35:52.505 [info] > git status -z -uall [7ms]
2024-01-29 21:35:57.531 [info] > git config --get commit.template [7ms]
2024-01-29 21:35:57.532 [info] > git for-each-ref --format=%(refname)%00%(upstream:short)%00%(objectname)%00%(upstream:track)%00%(upstream:remotename)%00%(upstream:remoteref) refs/heads/master refs/remotes/master [2ms]
2024-01-29 21:35:57.549 [info] > git status -z -uall [10ms]
2024-01-29 21:36:02.575 [info] > git config --get commit.template [6ms]
2024-01-29 21:36:02.576 [info] > git for-each-ref --format=%(refname)%00%(upstream:short)%00%(objectname)%00%(upstream:track)%00%(upstream:remotename)%00%(upstream:remoteref) refs/heads/master refs/remotes/master [1ms]
2024-01-29 21:36:02.591 [info] > git status -z -uall [9ms]
2024-01-29 21:36:07.613 [info] > git config --get commit.template [6ms]
2024-01-29 21:36:07.613 [info] > git for-each-ref --format=%(refname)%00%(upstream:short)%00%(objectname)%00%(upstream:track)%00%(upstream:remotename)%00%(upstream:remoteref) refs/heads/master refs/remotes/master [1ms]
2024-01-29 21:36:07.626 [info] > git status -z -uall [8ms]
2024-01-29 21:36:12.647 [info] > git config --get commit.template [1ms]
2024-01-29 21:36:12.654 [info] > git for-each-ref --format=%(refname)%00%(upstream:short)%00%(objectname)%00%(upstream:track)%00%(upstream:remotename)%00%(upstream:remoteref) refs/heads/master refs/remotes/master [1ms]
2024-01-29 21:36:12.665 [info] > git status -z -uall [8ms]
2024-01-29 21:36:17.688 [info] > git config --get commit.template [8ms]
2024-01-29 21:36:17.689 [info] > git for-each-ref --format=%(refname)%00%(upstream:short)%00%(objectname)%00%(upstream:track)%00%(upstream:remotename)%00%(upstream:remoteref) refs/heads/master refs/remotes/master [1ms]
2024-01-29 21:36:17.700 [info] > git status -z -uall [7ms]
2024-01-29 21:36:22.724 [info] > git config --get commit.template [6ms]
2024-01-29 21:36:22.724 [info] > git for-each-ref --format=%(refname)%00%(upstream:short)%00%(objectname)%00%(upstream:track)%00%(upstream:remotename)%00%(upstream:remoteref) refs/heads/master refs/remotes/master [1ms]
2024-01-29 21:36:22.741 [info] > git status -z -uall [8ms]
2024-01-29 21:36:27.754 [info] > git config --get commit.template [3ms]
2024-01-29 21:36:27.754 [info] > git for-each-ref --format=%(refname)%00%(upstream:short)%00%(objectname)%00%(upstream:track)%00%(upstream:remotename)%00%(upstream:remoteref) refs/heads/master refs/remotes/master [0ms]
2024-01-29 21:36:27.765 [info] > git status -z -uall [7ms]
2024-01-29 21:36:32.791 [info] > git config --get commit.template [7ms]
2024-01-29 21:36:32.792 [info] > git for-each-ref --format=%(refname)%00%(upstream:short)%00%(objectname)%00%(upstream:track)%00%(upstream:remotename)%00%(upstream:remoteref) refs/heads/master refs/remotes/master [1ms]
2024-01-29 21:36:32.807 [info] > git status -z -uall [9ms]
2024-01-29 21:36:37.831 [info] > git config --get commit.template [7ms]
2024-01-29 21:36:37.831 [info] > git for-each-ref --format=%(refname)%00%(upstream:short)%00%(objectname)%00%(upstream:track)%00%(upstream:remotename)%00%(upstream:remoteref) refs/heads/master refs/remotes/master [1ms]
2024-01-29 21:36:37.845 [info] > git status -z -uall [8ms]
2024-01-29 21:36:42.867 [info] > git config --get commit.template [6ms]
2024-01-29 21:36:42.867 [info] > git for-each-ref --format=%(refname)%00%(upstream:short)%00%(objectname)%00%(upstream:track)%00%(upstream:remotename)%00%(upstream:remoteref) refs/heads/master refs/remotes/master [1ms]
2024-01-29 21:36:42.880 [info] > git status -z -uall [7ms]
2024-01-29 21:36:47.902 [info] > git config --get commit.template [4ms]
2024-01-29 21:36:47.903 [info] > git for-each-ref --format=%(refname)%00%(upstream:short)%00%(objectname)%00%(upstream:track)%00%(upstream:remotename)%00%(upstream:remoteref) refs/heads/master refs/remotes/master [1ms]
2024-01-29 21:36:47.917 [info] > git status -z -uall [7ms]
2024-01-29 21:36:52.933 [info] > git config --get commit.template [1ms]
2024-01-29 21:36:52.938 [info] > git for-each-ref --format=%(refname)%00%(upstream:short)%00%(objectname)%00%(upstream:track)%00%(upstream:remotename)%00%(upstream:remoteref) refs/heads/master refs/remotes/master [0ms]
2024-01-29 21:36:52.947 [info] > git status -z -uall [7ms]
2024-01-29 21:36:57.966 [info] > git config --get commit.template [4ms]
2024-01-29 21:36:57.967 [info] > git for-each-ref --format=%(refname)%00%(upstream:short)%00%(objectname)%00%(upstream:track)%00%(upstream:remotename)%00%(upstream:remoteref) refs/heads/master refs/remotes/master [1ms]
2024-01-29 21:36:57.979 [info] > git status -z -uall [8ms]
2024-01-29 21:37:02.994 [info] > git config --get commit.template [4ms]
2024-01-29 21:37:02.995 [info] > git for-each-ref --format=%(refname)%00%(upstream:short)%00%(objectname)%00%(upstream:track)%00%(upstream:remotename)%00%(upstream:remoteref) refs/heads/master refs/remotes/master [1ms]
2024-01-29 21:37:03.009 [info] > git status -z -uall [9ms]
2024-01-29 21:37:08.027 [info] > git config --get commit.template [1ms]
2024-01-29 21:37:08.033 [info] > git for-each-ref --format=%(refname)%00%(upstream:short)%00%(objectname)%00%(upstream:track)%00%(upstream:remotename)%00%(upstream:remoteref) refs/heads/master refs/remotes/master [1ms]
2024-01-29 21:37:08.045 [info] > git status -z -uall [8ms]
2024-01-29 21:37:13.059 [info] > git config --get commit.template [2ms]
2024-01-29 21:37:13.065 [info] > git for-each-ref --format=%(refname)%00%(upstream:short)%00%(objectname)%00%(upstream:track)%00%(upstream:remotename)%00%(upstream:remoteref) refs/heads/master refs/remotes/master [1ms]
2024-01-29 21:37:13.078 [info] > git status -z -uall [10ms]
2024-01-29 21:45:57.503 [info] > git config --get commit.template [1ms]
2024-01-29 21:45:57.507 [info] > git for-each-ref --format=%(refname)%00%(upstream:short)%00%(objectname)%00%(upstream:track)%00%(upstream:remotename)%00%(upstream:remoteref) refs/heads/master refs/remotes/master [0ms]
2024-01-29 21:45:57.520 [info] > git status -z -uall [9ms]
2024-01-29 21:50:13.956 [info] > git config --get commit.template [2ms]
2024-01-29 21:50:13.961 [info] > git for-each-ref --format=%(refname)%00%(upstream:short)%00%(objectname)%00%(upstream:track)%00%(upstream:remotename)%00%(upstream:remoteref) refs/heads/master refs/remotes/master [0ms]
2024-01-29 21:50:13.976 [info] > git status -z -uall [10ms]
2024-01-29 21:50:18.999 [info] > git config --get commit.template [1ms]
2024-01-29 21:50:19.004 [info] > git for-each-ref --format=%(refname)%00%(upstream:short)%00%(objectname)%00%(upstream:track)%00%(upstream:remotename)%00%(upstream:remoteref) refs/heads/master refs/remotes/master [1ms]
2024-01-29 21:50:19.016 [info] > git status -z -uall [8ms]
2024-01-29 21:50:59.757 [info] > git config --get commit.template [3ms]
2024-01-29 21:50:59.758 [info] > git for-each-ref --format=%(refname)%00%(upstream:short)%00%(objectname)%00%(upstream:track)%00%(upstream:remotename)%00%(upstream:remoteref) refs/heads/master refs/remotes/master [1ms]
2024-01-29 21:50:59.772 [info] > git status -z -uall [8ms]
