2024-01-30 19:41:28.039 [info] Log level: Info
2024-01-30 19:41:28.039 [info] Validating found git in: "git"
2024-01-30 19:41:28.039 [info] Using git "2.34.1" from "git"
2024-01-30 19:41:28.039 [info] > git rev-parse --show-toplevel [26ms]
2024-01-30 19:41:28.045 [info] > git rev-parse --git-dir --git-common-dir [1ms]
2024-01-30 19:41:28.051 [info] Open repository: /home/msegfilph
2024-01-30 19:41:28.063 [info] > git rev-parse --show-toplevel [2ms]
2024-01-30 19:41:28.064 [info] > git config --get commit.template [7ms]
2024-01-30 19:41:28.073 [info] > git rev-parse --show-toplevel [5ms]
2024-01-30 19:41:28.077 [info] > git rev-parse --git-dir --git-common-dir [1ms]
2024-01-30 19:41:28.079 [info] Open repository: /home/msegfilph/.asdf
2024-01-30 19:41:28.079 [info] > git for-each-ref --format=%(refname)%00%(upstream:short)%00%(objectname)%00%(upstream:track)%00%(upstream:remotename)%00%(upstream:remoteref) refs/heads/master refs/remotes/master [7ms]
2024-01-30 19:41:28.100 [info] > git rev-parse --show-toplevel [4ms]
2024-01-30 19:41:28.101 [info] > git config --get commit.template [9ms]
2024-01-30 19:41:28.110 [info] > git rev-parse --show-toplevel [5ms]
2024-01-30 19:41:28.115 [info] > git rev-parse --show-toplevel [1ms]
2024-01-30 19:41:28.120 [info] > git for-each-ref --format %(refname) %(objectname) %(*objectname) refs/tags [11ms]
2024-01-30 19:41:28.125 [info] > git rev-parse --show-toplevel [5ms]
2024-01-30 19:41:28.127 [info] > git status -z -uall [4ms]
2024-01-30 19:41:28.137 [info] > git status -z -uall [52ms]
2024-01-30 19:41:28.137 [info] > git config --get commit.template [2ms]
2024-01-30 19:41:28.262 [info] > git config --get commit.template [5ms]
2024-01-30 19:41:28.262 [info] > git for-each-ref --format %(refname) %(objectname) %(*objectname) refs/tags [8ms]
2024-01-30 19:41:28.270 [info] > git status -z -uall [4ms]
2024-01-30 19:41:28.274 [info] > git for-each-ref --format=%(refname)%00%(upstream:short)%00%(objectname)%00%(upstream:track)%00%(upstream:remotename)%00%(upstream:remoteref) refs/heads/master refs/remotes/master [5ms]
2024-01-30 19:41:28.326 [info] > git status -z -uall [48ms]
2024-01-30 19:41:28.567 [info] > git show --textconv :workspace/database/activity_1.sql [3ms]
2024-01-30 19:41:28.568 [info] > git ls-files --stage -- /home/msegfilph/workspace/database/activity_1.sql [1ms]
2024-01-30 19:41:28.573 [info] > git cat-file -s 21f197f534b595fbf18729d6fc7f5d09a3bd047a [1ms]
2024-01-30 19:41:28.604 [info] > git check-ignore -v -z --stdin [3ms]
2024-01-30 19:41:28.605 [info] > git check-ignore -v -z --stdin [2ms]
2024-01-30 19:41:32.498 [info] > git config --get commit.template [2ms]
2024-01-30 19:41:32.502 [info] > git for-each-ref --format=%(refname)%00%(upstream:short)%00%(objectname)%00%(upstream:track)%00%(upstream:remotename)%00%(upstream:remoteref) refs/heads/master refs/remotes/master [0ms]
2024-01-30 19:41:32.515 [info] > git status -z -uall [9ms]
2024-01-30 19:41:37.531 [info] > git config --get commit.template [3ms]
2024-01-30 19:41:37.532 [info] > git for-each-ref --format=%(refname)%00%(upstream:short)%00%(objectname)%00%(upstream:track)%00%(upstream:remotename)%00%(upstream:remoteref) refs/heads/master refs/remotes/master [1ms]
2024-01-30 19:41:37.542 [info] > git status -z -uall [7ms]
2024-01-30 19:41:38.030 [info] > git check-ignore -v -z --stdin [1ms]
2024-01-30 19:41:39.035 [info] > git show --textconv :workspace/OOP/Abstraction.rb [3ms]
2024-01-30 19:41:39.036 [info] > git ls-files --stage -- /home/msegfilph/workspace/OOP/Abstraction.rb [1ms]
2024-01-30 19:41:39.040 [info] > git cat-file -s 2efaceaf4bed6ade290ebbf7787b0461c0291180 [2ms]
2024-01-30 19:41:46.601 [info] > git config --get commit.template [8ms]
2024-01-30 19:41:46.601 [info] > git for-each-ref --format=%(refname)%00%(upstream:short)%00%(objectname)%00%(upstream:track)%00%(upstream:remotename)%00%(upstream:remoteref) refs/heads/master refs/remotes/master [1ms]
2024-01-30 19:41:46.620 [info] > git status -z -uall [15ms]
2024-01-30 19:41:48.426 [info] > git show --textconv :workspace/OOP/Confection.rb [5ms]
2024-01-30 19:41:48.427 [info] > git ls-files --stage -- /home/msegfilph/workspace/OOP/Confection.rb [1ms]
2024-01-30 19:41:48.430 [info] > git cat-file -s 650e6533b2f9e29519a052748b08a474ece54432 [1ms]
2024-01-30 19:42:54.997 [info] > git config --get commit.template [4ms]
2024-01-30 19:42:55.007 [info] > git for-each-ref --format=%(refname)%00%(upstream:short)%00%(objectname)%00%(upstream:track)%00%(upstream:remotename)%00%(upstream:remoteref) refs/heads/master refs/remotes/master [3ms]
2024-01-30 19:42:55.034 [info] > git status -z -uall [18ms]
2024-01-30 19:42:57.762 [info] > git show --textconv :workspace/database/activity_1.sql [4ms]
2024-01-30 19:42:57.762 [info] > git ls-files --stage -- /home/msegfilph/workspace/database/activity_1.sql [2ms]
2024-01-30 19:42:57.767 [info] > git cat-file -s 21f197f534b595fbf18729d6fc7f5d09a3bd047a [1ms]
2024-01-30 19:43:00.063 [info] > git config --get commit.template [3ms]
2024-01-30 19:43:00.069 [info] > git for-each-ref --format=%(refname)%00%(upstream:short)%00%(objectname)%00%(upstream:track)%00%(upstream:remotename)%00%(upstream:remoteref) refs/heads/master refs/remotes/master [1ms]
2024-01-30 19:43:00.081 [info] > git status -z -uall [9ms]
2024-01-30 19:43:11.307 [info] > git config --get commit.template [6ms]
2024-01-30 19:43:11.307 [info] > git for-each-ref --format=%(refname)%00%(upstream:short)%00%(objectname)%00%(upstream:track)%00%(upstream:remotename)%00%(upstream:remoteref) refs/heads/master refs/remotes/master [1ms]
2024-01-30 19:43:11.321 [info] > git status -z -uall [11ms]
2024-01-30 19:43:16.353 [info] > git config --get commit.template [2ms]
2024-01-30 19:43:16.359 [info] > git for-each-ref --format=%(refname)%00%(upstream:short)%00%(objectname)%00%(upstream:track)%00%(upstream:remotename)%00%(upstream:remoteref) refs/heads/master refs/remotes/master [0ms]
2024-01-30 19:43:16.369 [info] > git status -z -uall [8ms]
2024-01-30 19:43:21.383 [info] > git config --get commit.template [1ms]
2024-01-30 19:43:21.386 [info] > git for-each-ref --format=%(refname)%00%(upstream:short)%00%(objectname)%00%(upstream:track)%00%(upstream:remotename)%00%(upstream:remoteref) refs/heads/master refs/remotes/master [0ms]
2024-01-30 19:43:21.397 [info] > git status -z -uall [8ms]
2024-01-30 19:43:34.695 [info] > git config --get commit.template [3ms]
2024-01-30 19:43:34.695 [info] > git for-each-ref --format=%(refname)%00%(upstream:short)%00%(objectname)%00%(upstream:track)%00%(upstream:remotename)%00%(upstream:remoteref) refs/heads/master refs/remotes/master [1ms]
2024-01-30 19:43:34.707 [info] > git status -z -uall [9ms]
2024-01-30 19:43:44.954 [info] > git config --get commit.template [1ms]
2024-01-30 19:43:44.958 [info] > git for-each-ref --format=%(refname)%00%(upstream:short)%00%(objectname)%00%(upstream:track)%00%(upstream:remotename)%00%(upstream:remoteref) refs/heads/master refs/remotes/master [1ms]
2024-01-30 19:43:44.972 [info] > git status -z -uall [11ms]
2024-01-30 19:43:53.868 [info] > git config --get commit.template [0ms]
2024-01-30 19:43:53.874 [info] > git for-each-ref --format=%(refname)%00%(upstream:short)%00%(objectname)%00%(upstream:track)%00%(upstream:remotename)%00%(upstream:remoteref) refs/heads/master refs/remotes/master [1ms]
2024-01-30 19:43:53.887 [info] > git status -z -uall [9ms]
2024-01-30 19:43:58.907 [info] > git config --get commit.template [1ms]
2024-01-30 19:43:58.912 [info] > git for-each-ref --format=%(refname)%00%(upstream:short)%00%(objectname)%00%(upstream:track)%00%(upstream:remotename)%00%(upstream:remoteref) refs/heads/master refs/remotes/master [1ms]
2024-01-30 19:43:58.926 [info] > git status -z -uall [10ms]
2024-01-30 19:44:04.621 [info] > git config --get commit.template [1ms]
2024-01-30 19:44:04.627 [info] > git for-each-ref --format=%(refname)%00%(upstream:short)%00%(objectname)%00%(upstream:track)%00%(upstream:remotename)%00%(upstream:remoteref) refs/heads/master refs/remotes/master [0ms]
2024-01-30 19:44:04.642 [info] > git status -z -uall [11ms]
2024-01-30 19:44:11.242 [info] > git config --get commit.template [1ms]
2024-01-30 19:44:11.247 [info] > git for-each-ref --format=%(refname)%00%(upstream:short)%00%(objectname)%00%(upstream:track)%00%(upstream:remotename)%00%(upstream:remoteref) refs/heads/master refs/remotes/master [1ms]
2024-01-30 19:44:11.264 [info] > git status -z -uall [13ms]
2024-01-30 19:44:16.465 [info] > git config --get commit.template [6ms]
2024-01-30 19:44:16.466 [info] > git for-each-ref --format=%(refname)%00%(upstream:short)%00%(objectname)%00%(upstream:track)%00%(upstream:remotename)%00%(upstream:remoteref) refs/heads/master refs/remotes/master [1ms]
2024-01-30 19:44:16.488 [info] > git status -z -uall [17ms]
2024-01-30 19:44:23.354 [info] > git config --get commit.template [10ms]
2024-01-30 19:44:23.355 [info] > git for-each-ref --format=%(refname)%00%(upstream:short)%00%(objectname)%00%(upstream:track)%00%(upstream:remotename)%00%(upstream:remoteref) refs/heads/master refs/remotes/master [3ms]
2024-01-30 19:44:23.371 [info] > git status -z -uall [11ms]
2024-01-30 19:44:28.672 [info] > git for-each-ref --format=%(refname)%00%(upstream:short)%00%(objectname)%00%(upstream:track)%00%(upstream:remotename)%00%(upstream:remoteref) refs/heads/master refs/remotes/master [3ms]
2024-01-30 19:44:28.673 [info] > git config --get commit.template [11ms]
2024-01-30 19:44:28.692 [info] > git status -z -uall [13ms]
2024-01-30 19:44:36.695 [info] > git config --get commit.template [1ms]
2024-01-30 19:44:36.701 [info] > git for-each-ref --format=%(refname)%00%(upstream:short)%00%(objectname)%00%(upstream:track)%00%(upstream:remotename)%00%(upstream:remoteref) refs/heads/master refs/remotes/master [1ms]
2024-01-30 19:44:36.713 [info] > git status -z -uall [8ms]
2024-01-30 19:44:41.727 [info] > git config --get commit.template [1ms]
2024-01-30 19:44:41.732 [info] > git for-each-ref --format=%(refname)%00%(upstream:short)%00%(objectname)%00%(upstream:track)%00%(upstream:remotename)%00%(upstream:remoteref) refs/heads/master refs/remotes/master [1ms]
2024-01-30 19:44:41.742 [info] > git status -z -uall [7ms]
2024-01-30 19:44:46.764 [info] > git config --get commit.template [7ms]
2024-01-30 19:44:46.765 [info] > git for-each-ref --format=%(refname)%00%(upstream:short)%00%(objectname)%00%(upstream:track)%00%(upstream:remotename)%00%(upstream:remoteref) refs/heads/master refs/remotes/master [2ms]
2024-01-30 19:44:46.780 [info] > git status -z -uall [9ms]
2024-01-30 19:44:51.799 [info] > git config --get commit.template [5ms]
2024-01-30 19:44:51.799 [info] > git for-each-ref --format=%(refname)%00%(upstream:short)%00%(objectname)%00%(upstream:track)%00%(upstream:remotename)%00%(upstream:remoteref) refs/heads/master refs/remotes/master [0ms]
2024-01-30 19:44:51.811 [info] > git status -z -uall [7ms]
2024-01-30 19:44:57.472 [info] > git config --get commit.template [5ms]
2024-01-30 19:44:57.473 [info] > git for-each-ref --format=%(refname)%00%(upstream:short)%00%(objectname)%00%(upstream:track)%00%(upstream:remotename)%00%(upstream:remoteref) refs/heads/master refs/remotes/master [1ms]
2024-01-30 19:44:57.487 [info] > git status -z -uall [9ms]
2024-01-30 19:45:42.621 [info] > git config --get commit.template [1ms]
2024-01-30 19:45:42.629 [info] > git for-each-ref --format=%(refname)%00%(upstream:short)%00%(objectname)%00%(upstream:track)%00%(upstream:remotename)%00%(upstream:remoteref) refs/heads/master refs/remotes/master [1ms]
2024-01-30 19:45:42.653 [info] > git status -z -uall [16ms]
2024-01-30 19:46:39.947 [info] > git config --get commit.template [6ms]
2024-01-30 19:46:39.947 [info] > git for-each-ref --format=%(refname)%00%(upstream:short)%00%(objectname)%00%(upstream:track)%00%(upstream:remotename)%00%(upstream:remoteref) refs/heads/master refs/remotes/master [2ms]
2024-01-30 19:46:39.964 [info] > git status -z -uall [11ms]
2024-01-30 19:46:44.986 [info] > git config --get commit.template [5ms]
2024-01-30 19:46:44.987 [info] > git for-each-ref --format=%(refname)%00%(upstream:short)%00%(objectname)%00%(upstream:track)%00%(upstream:remotename)%00%(upstream:remoteref) refs/heads/master refs/remotes/master [1ms]
2024-01-30 19:46:45.000 [info] > git status -z -uall [9ms]
2024-01-30 19:46:50.020 [info] > git config --get commit.template [4ms]
2024-01-30 19:46:50.021 [info] > git for-each-ref --format=%(refname)%00%(upstream:short)%00%(objectname)%00%(upstream:track)%00%(upstream:remotename)%00%(upstream:remoteref) refs/heads/master refs/remotes/master [1ms]
2024-01-30 19:46:50.030 [info] > git status -z -uall [7ms]
2024-01-30 19:47:05.123 [info] > git config --get commit.template [5ms]
2024-01-30 19:47:05.123 [info] > git for-each-ref --format=%(refname)%00%(upstream:short)%00%(objectname)%00%(upstream:track)%00%(upstream:remotename)%00%(upstream:remoteref) refs/heads/master refs/remotes/master [1ms]
2024-01-30 19:47:05.136 [info] > git status -z -uall [10ms]
2024-01-30 19:47:10.301 [info] > git config --get commit.template [1ms]
2024-01-30 19:47:10.305 [info] > git for-each-ref --format=%(refname)%00%(upstream:short)%00%(objectname)%00%(upstream:track)%00%(upstream:remotename)%00%(upstream:remoteref) refs/heads/master refs/remotes/master [0ms]
2024-01-30 19:47:10.319 [info] > git status -z -uall [8ms]
2024-01-30 19:47:15.336 [info] > git config --get commit.template [1ms]
2024-01-30 19:47:15.341 [info] > git for-each-ref --format=%(refname)%00%(upstream:short)%00%(objectname)%00%(upstream:track)%00%(upstream:remotename)%00%(upstream:remoteref) refs/heads/master refs/remotes/master [0ms]
2024-01-30 19:47:15.351 [info] > git status -z -uall [7ms]
2024-01-30 19:47:20.374 [info] > git config --get commit.template [5ms]
2024-01-30 19:47:20.375 [info] > git for-each-ref --format=%(refname)%00%(upstream:short)%00%(objectname)%00%(upstream:track)%00%(upstream:remotename)%00%(upstream:remoteref) refs/heads/master refs/remotes/master [1ms]
2024-01-30 19:47:20.386 [info] > git status -z -uall [7ms]
2024-01-30 19:47:25.409 [info] > git config --get commit.template [6ms]
2024-01-30 19:47:25.410 [info] > git for-each-ref --format=%(refname)%00%(upstream:short)%00%(objectname)%00%(upstream:track)%00%(upstream:remotename)%00%(upstream:remoteref) refs/heads/master refs/remotes/master [2ms]
2024-01-30 19:47:25.424 [info] > git status -z -uall [10ms]
2024-01-30 19:47:30.446 [info] > git config --get commit.template [4ms]
2024-01-30 19:47:30.446 [info] > git for-each-ref --format=%(refname)%00%(upstream:short)%00%(objectname)%00%(upstream:track)%00%(upstream:remotename)%00%(upstream:remoteref) refs/heads/master refs/remotes/master [1ms]
2024-01-30 19:47:30.457 [info] > git status -z -uall [7ms]
2024-01-30 19:47:35.477 [info] > git config --get commit.template [5ms]
2024-01-30 19:47:35.477 [info] > git for-each-ref --format=%(refname)%00%(upstream:short)%00%(objectname)%00%(upstream:track)%00%(upstream:remotename)%00%(upstream:remoteref) refs/heads/master refs/remotes/master [1ms]
2024-01-30 19:47:35.491 [info] > git status -z -uall [10ms]
2024-01-30 19:47:40.508 [info] > git config --get commit.template [1ms]
2024-01-30 19:47:40.513 [info] > git for-each-ref --format=%(refname)%00%(upstream:short)%00%(objectname)%00%(upstream:track)%00%(upstream:remotename)%00%(upstream:remoteref) refs/heads/master refs/remotes/master [0ms]
2024-01-30 19:47:40.527 [info] > git status -z -uall [10ms]
2024-01-30 19:48:38.239 [info] > git config --get commit.template [5ms]
2024-01-30 19:48:38.240 [info] > git for-each-ref --format=%(refname)%00%(upstream:short)%00%(objectname)%00%(upstream:track)%00%(upstream:remotename)%00%(upstream:remoteref) refs/heads/master refs/remotes/master [1ms]
2024-01-30 19:48:38.255 [info] > git status -z -uall [11ms]
2024-01-30 19:49:15.571 [info] > git config --get commit.template [4ms]
2024-01-30 19:49:15.571 [info] > git for-each-ref --format=%(refname)%00%(upstream:short)%00%(objectname)%00%(upstream:track)%00%(upstream:remotename)%00%(upstream:remoteref) refs/heads/master refs/remotes/master [1ms]
2024-01-30 19:49:15.591 [info] > git status -z -uall [15ms]
2024-01-30 19:53:04.905 [info] > git config --get commit.template [3ms]
2024-01-30 19:53:04.910 [info] > git for-each-ref --format=%(refname)%00%(upstream:short)%00%(objectname)%00%(upstream:track)%00%(upstream:remotename)%00%(upstream:remoteref) refs/heads/master refs/remotes/master [1ms]
2024-01-30 19:53:04.924 [info] > git status -z -uall [9ms]
2024-01-30 19:54:24.991 [info] > git config --get commit.template [2ms]
2024-01-30 19:54:25.003 [info] > git for-each-ref --format=%(refname)%00%(upstream:short)%00%(objectname)%00%(upstream:track)%00%(upstream:remotename)%00%(upstream:remoteref) refs/heads/master refs/remotes/master [2ms]
2024-01-30 19:54:25.023 [info] > git status -z -uall [13ms]
2024-01-30 19:54:34.129 [info] > git config --get commit.template [2ms]
2024-01-30 19:54:34.133 [info] > git for-each-ref --format=%(refname)%00%(upstream:short)%00%(objectname)%00%(upstream:track)%00%(upstream:remotename)%00%(upstream:remoteref) refs/heads/master refs/remotes/master [1ms]
2024-01-30 19:54:34.142 [info] > git status -z -uall [7ms]
2024-01-30 19:54:39.168 [info] > git config --get commit.template [5ms]
2024-01-30 19:54:39.169 [info] > git for-each-ref --format=%(refname)%00%(upstream:short)%00%(objectname)%00%(upstream:track)%00%(upstream:remotename)%00%(upstream:remoteref) refs/heads/master refs/remotes/master [1ms]
2024-01-30 19:54:39.182 [info] > git status -z -uall [10ms]
2024-01-30 19:54:44.200 [info] > git config --get commit.template [1ms]
2024-01-30 19:54:44.205 [info] > git for-each-ref --format=%(refname)%00%(upstream:short)%00%(objectname)%00%(upstream:track)%00%(upstream:remotename)%00%(upstream:remoteref) refs/heads/master refs/remotes/master [1ms]
2024-01-30 19:54:44.218 [info] > git status -z -uall [9ms]
2024-01-30 19:54:49.236 [info] > git config --get commit.template [2ms]
2024-01-30 19:54:49.243 [info] > git for-each-ref --format=%(refname)%00%(upstream:short)%00%(objectname)%00%(upstream:track)%00%(upstream:remotename)%00%(upstream:remoteref) refs/heads/master refs/remotes/master [1ms]
2024-01-30 19:54:49.259 [info] > git status -z -uall [10ms]
2024-01-30 19:54:54.278 [info] > git config --get commit.template [1ms]
2024-01-30 19:54:54.285 [info] > git for-each-ref --format=%(refname)%00%(upstream:short)%00%(objectname)%00%(upstream:track)%00%(upstream:remotename)%00%(upstream:remoteref) refs/heads/master refs/remotes/master [2ms]
2024-01-30 19:54:54.299 [info] > git status -z -uall [10ms]
2024-01-30 19:54:59.319 [info] > git config --get commit.template [1ms]
2024-01-30 19:54:59.324 [info] > git for-each-ref --format=%(refname)%00%(upstream:short)%00%(objectname)%00%(upstream:track)%00%(upstream:remotename)%00%(upstream:remoteref) refs/heads/master refs/remotes/master [1ms]
2024-01-30 19:54:59.338 [info] > git status -z -uall [10ms]
2024-01-30 19:55:04.355 [info] > git config --get commit.template [1ms]
2024-01-30 19:55:04.363 [info] > git for-each-ref --format=%(refname)%00%(upstream:short)%00%(objectname)%00%(upstream:track)%00%(upstream:remotename)%00%(upstream:remoteref) refs/heads/master refs/remotes/master [1ms]
2024-01-30 19:55:04.376 [info] > git status -z -uall [10ms]
2024-01-30 19:55:09.394 [info] > git config --get commit.template [1ms]
2024-01-30 19:55:09.400 [info] > git for-each-ref --format=%(refname)%00%(upstream:short)%00%(objectname)%00%(upstream:track)%00%(upstream:remotename)%00%(upstream:remoteref) refs/heads/master refs/remotes/master [1ms]
2024-01-30 19:55:09.415 [info] > git status -z -uall [11ms]
2024-01-30 19:55:14.438 [info] > git config --get commit.template [6ms]
2024-01-30 19:55:14.438 [info] > git for-each-ref --format=%(refname)%00%(upstream:short)%00%(objectname)%00%(upstream:track)%00%(upstream:remotename)%00%(upstream:remoteref) refs/heads/master refs/remotes/master [1ms]
2024-01-30 19:55:14.451 [info] > git status -z -uall [8ms]
2024-01-30 19:55:19.473 [info] > git config --get commit.template [5ms]
2024-01-30 19:55:19.474 [info] > git for-each-ref --format=%(refname)%00%(upstream:short)%00%(objectname)%00%(upstream:track)%00%(upstream:remotename)%00%(upstream:remoteref) refs/heads/master refs/remotes/master [1ms]
2024-01-30 19:55:19.491 [info] > git status -z -uall [13ms]
2024-01-30 20:19:16.493 [info] > git config --get commit.template [0ms]
2024-01-30 20:19:16.498 [info] > git for-each-ref --format=%(refname)%00%(upstream:short)%00%(objectname)%00%(upstream:track)%00%(upstream:remotename)%00%(upstream:remoteref) refs/heads/master refs/remotes/master [1ms]
2024-01-30 20:19:16.514 [info] > git status -z -uall [13ms]
2024-01-30 20:19:21.531 [info] > git config --get commit.template [2ms]
2024-01-30 20:19:21.534 [info] > git for-each-ref --format=%(refname)%00%(upstream:short)%00%(objectname)%00%(upstream:track)%00%(upstream:remotename)%00%(upstream:remoteref) refs/heads/master refs/remotes/master [1ms]
2024-01-30 20:19:21.544 [info] > git status -z -uall [7ms]
2024-01-30 20:19:26.560 [info] > git config --get commit.template [4ms]
2024-01-30 20:19:26.561 [info] > git for-each-ref --format=%(refname)%00%(upstream:short)%00%(objectname)%00%(upstream:track)%00%(upstream:remotename)%00%(upstream:remoteref) refs/heads/master refs/remotes/master [1ms]
2024-01-30 20:19:26.571 [info] > git status -z -uall [7ms]
2024-01-30 20:19:31.588 [info] > git config --get commit.template [4ms]
2024-01-30 20:19:31.588 [info] > git for-each-ref --format=%(refname)%00%(upstream:short)%00%(objectname)%00%(upstream:track)%00%(upstream:remotename)%00%(upstream:remoteref) refs/heads/master refs/remotes/master [1ms]
2024-01-30 20:19:31.597 [info] > git status -z -uall [7ms]
2024-01-30 20:19:36.611 [info] > git config --get commit.template [3ms]
2024-01-30 20:19:36.611 [info] > git for-each-ref --format=%(refname)%00%(upstream:short)%00%(objectname)%00%(upstream:track)%00%(upstream:remotename)%00%(upstream:remoteref) refs/heads/master refs/remotes/master [1ms]
2024-01-30 20:19:36.623 [info] > git status -z -uall [9ms]
2024-01-30 20:19:41.646 [info] > git config --get commit.template [6ms]
2024-01-30 20:19:41.647 [info] > git for-each-ref --format=%(refname)%00%(upstream:short)%00%(objectname)%00%(upstream:track)%00%(upstream:remotename)%00%(upstream:remoteref) refs/heads/master refs/remotes/master [1ms]
2024-01-30 20:19:41.660 [info] > git status -z -uall [10ms]
2024-01-30 20:19:46.674 [info] > git config --get commit.template [3ms]
2024-01-30 20:19:46.674 [info] > git for-each-ref --format=%(refname)%00%(upstream:short)%00%(objectname)%00%(upstream:track)%00%(upstream:remotename)%00%(upstream:remoteref) refs/heads/master refs/remotes/master [1ms]
2024-01-30 20:19:46.684 [info] > git status -z -uall [8ms]
2024-01-30 20:19:51.709 [info] > git config --get commit.template [6ms]
2024-01-30 20:19:51.710 [info] > git for-each-ref --format=%(refname)%00%(upstream:short)%00%(objectname)%00%(upstream:track)%00%(upstream:remotename)%00%(upstream:remoteref) refs/heads/master refs/remotes/master [1ms]
2024-01-30 20:19:51.722 [info] > git status -z -uall [8ms]
2024-01-30 20:35:04.340 [info] > git config --get commit.template [9ms]
2024-01-30 20:35:04.340 [info] > git for-each-ref --format=%(refname)%00%(upstream:short)%00%(objectname)%00%(upstream:track)%00%(upstream:remotename)%00%(upstream:remoteref) refs/heads/master refs/remotes/master [1ms]
2024-01-30 20:35:04.357 [info] > git status -z -uall [9ms]
2024-01-30 20:43:31.877 [info] > git config --get commit.template [9ms]
2024-01-30 20:43:31.878 [info] > git for-each-ref --format=%(refname)%00%(upstream:short)%00%(objectname)%00%(upstream:track)%00%(upstream:remotename)%00%(upstream:remoteref) refs/heads/master refs/remotes/master [1ms]
2024-01-30 20:43:31.907 [info] > git status -z -uall [14ms]
2024-01-30 20:43:36.925 [info] > git config --get commit.template [0ms]
2024-01-30 20:43:36.928 [info] > git for-each-ref --format=%(refname)%00%(upstream:short)%00%(objectname)%00%(upstream:track)%00%(upstream:remotename)%00%(upstream:remoteref) refs/heads/master refs/remotes/master [1ms]
2024-01-30 20:43:36.939 [info] > git status -z -uall [7ms]
2024-01-30 21:03:17.903 [info] > git config --get commit.template [4ms]
2024-01-30 21:03:17.903 [info] > git for-each-ref --format=%(refname)%00%(upstream:short)%00%(objectname)%00%(upstream:track)%00%(upstream:remotename)%00%(upstream:remoteref) refs/heads/master refs/remotes/master [1ms]
2024-01-30 21:03:17.916 [info] > git status -z -uall [10ms]
