2024-01-24 19:41:26.722 [info] Log level: Info
2024-01-24 19:41:26.722 [info] Validating found git in: "git"
2024-01-24 19:41:26.722 [info] Using git "2.34.1" from "git"
2024-01-24 19:41:26.722 [info] > git rev-parse --show-toplevel [3ms]
2024-01-24 19:41:26.722 [info] fatal: not a git repository (or any of the parent directories): .git
2024-01-24 19:41:26.722 [info] > git rev-parse --show-toplevel [1ms]
2024-01-24 19:41:26.722 [info] fatal: not a git repository (or any of the parent directories): .git
2024-01-24 19:41:26.722 [info] > git rev-parse --show-toplevel [0ms]
2024-01-24 19:41:26.745 [info] > git rev-parse --git-dir --git-common-dir [20ms]
2024-01-24 19:41:26.755 [info] Open repository: /home/msegfilph/.asdf
2024-01-24 19:41:26.769 [info] > git rev-parse --show-toplevel [2ms]
2024-01-24 19:41:26.769 [info] fatal: not a git repository (or any of the parent directories): .git
2024-01-24 19:41:26.769 [info] > git config --get commit.template [8ms]
2024-01-24 19:41:26.778 [info] > git for-each-ref --format %(refname) %(objectname) %(*objectname) refs/tags [2ms]
2024-01-24 19:41:26.784 [info] > git rev-parse --show-toplevel [12ms]
2024-01-24 19:41:26.784 [info] fatal: not a git repository (or any of the parent directories): .git
2024-01-24 19:41:26.789 [info] > git status -z -uall [6ms]
2024-01-24 19:41:26.789 [info] > git rev-parse --show-toplevel [2ms]
2024-01-24 19:41:26.789 [info] fatal: not a git repository (or any of the parent directories): .git
2024-01-24 19:41:26.805 [info] > git rev-parse --show-toplevel [6ms]
2024-01-24 19:41:26.805 [info] fatal: not a git repository (or any of the parent directories): .git
2024-01-24 19:41:26.808 [info] > git config --get commit.template [4ms]
2024-01-24 19:41:26.817 [info] > git for-each-ref --format %(refname) %(objectname) %(*objectname) refs/tags [2ms]
2024-01-24 19:41:26.825 [info] > git status -z -uall [5ms]
2024-01-24 19:41:27.292 [info] > git check-ignore -v -z --stdin [0ms]
2024-01-24 19:42:10.572 [info] > git rev-parse --show-toplevel [2ms]
2024-01-24 19:42:10.572 [info] fatal: not a git repository (or any of the parent directories): .git
2024-01-24 19:42:12.171 [info] > git rev-parse --show-toplevel [0ms]
2024-01-24 19:42:12.171 [info] fatal: not a git repository (or any of the parent directories): .git
