2024-01-31 19:13:19.161 [info] Extension host with pid 534 started
2024-01-31 19:13:19.174 [info] Lock '/home/msegfilph/.vscode-server/data/User/workspaceStorage/343a70f2656c8f3d0b1c523a74f2ade7/vscode.lock': Lock acquired.
2024-01-31 19:13:19.257 [info] ExtensionService#_doActivateExtension vscode.tunnel-forwarding, startup: false, activationEvent: 'onTunnel'
2024-01-31 19:13:19.258 [info] ExtensionService#_doActivateExtension vscode.emmet, startup: false, activationEvent: 'onLanguage'
2024-01-31 19:13:19.406 [info] ExtensionService#_doActivateExtension vscode.git-base, startup: true, activationEvent: '*', root cause: vscode.git
2024-01-31 19:13:19.406 [info] ExtensionService#_doActivateExtension ckolkman.vscode-postgres, startup: true, activationEvent: '*'
2024-01-31 19:13:19.640 [info] ExtensionService#_doActivateExtension vscode.git, startup: true, activationEvent: '*'
2024-01-31 19:13:19.640 [info] ExtensionService#_doActivateExtension vscode.github, startup: true, activationEvent: '*'
2024-01-31 19:13:19.771 [info] Eager extensions activated
2024-01-31 19:13:19.771 [info] ExtensionService#_doActivateExtension vscode.debug-auto-launch, startup: false, activationEvent: 'onStartupFinished'
2024-01-31 19:13:19.771 [info] ExtensionService#_doActivateExtension vscode.merge-conflict, startup: false, activationEvent: 'onStartupFinished'
2024-01-31 19:13:19.918 [warning] [Decorations] CAPPING events from decorations provider vscode.git 834
2024-01-31 19:13:20.093 [warning] [Decorations] CAPPING events from decorations provider vscode.git 834
2024-01-31 19:13:23.289 [warning] [Decorations] CAPPING events from decorations provider vscode.git 834
2024-01-31 19:13:28.313 [warning] [Decorations] CAPPING events from decorations provider vscode.git 846
2024-01-31 19:13:36.339 [warning] [Decorations] CAPPING events from decorations provider vscode.git 846
2024-01-31 19:13:41.382 [warning] [Decorations] CAPPING events from decorations provider vscode.git 846
2024-01-31 19:13:46.419 [warning] [Decorations] CAPPING events from decorations provider vscode.git 846
2024-01-31 19:13:51.449 [warning] [Decorations] CAPPING events from decorations provider vscode.git 846
2024-01-31 19:13:56.487 [warning] [Decorations] CAPPING events from decorations provider vscode.git 846
2024-01-31 19:14:03.756 [warning] [Decorations] CAPPING events from decorations provider vscode.git 847
2024-01-31 19:14:08.796 [warning] [Decorations] CAPPING events from decorations provider vscode.git 849
2024-01-31 19:14:13.829 [warning] [Decorations] CAPPING events from decorations provider vscode.git 849
2024-01-31 19:14:14.963 [info] ExtensionService#_doActivateExtension vscode.npm, startup: false, activationEvent: 'onTerminalQuickFixRequest:ms-vscode.npm-command'
2024-01-31 19:14:18.865 [warning] [Decorations] CAPPING events from decorations provider vscode.git 849
2024-01-31 19:14:26.314 [warning] [Decorations] CAPPING events from decorations provider vscode.git 849
2024-01-31 19:14:31.348 [warning] [Decorations] CAPPING events from decorations provider vscode.git 849
2024-01-31 19:14:36.382 [warning] [Decorations] CAPPING events from decorations provider vscode.git 849
2024-01-31 19:14:41.416 [warning] [Decorations] CAPPING events from decorations provider vscode.git 849
2024-01-31 19:14:46.455 [warning] [Decorations] CAPPING events from decorations provider vscode.git 849
2024-01-31 19:14:51.484 [warning] [Decorations] CAPPING events from decorations provider vscode.git 849
2024-01-31 19:14:56.525 [warning] [Decorations] CAPPING events from decorations provider vscode.git 849
2024-01-31 19:15:01.555 [warning] [Decorations] CAPPING events from decorations provider vscode.git 849
2024-01-31 19:15:06.580 [warning] [Decorations] CAPPING events from decorations provider vscode.git 849
2024-01-31 19:15:11.617 [warning] [Decorations] CAPPING events from decorations provider vscode.git 849
2024-01-31 19:15:16.650 [warning] [Decorations] CAPPING events from decorations provider vscode.git 849
2024-01-31 19:15:21.679 [warning] [Decorations] CAPPING events from decorations provider vscode.git 849
2024-01-31 19:15:26.719 [warning] [Decorations] CAPPING events from decorations provider vscode.git 849
2024-01-31 19:15:31.753 [warning] [Decorations] CAPPING events from decorations provider vscode.git 849
2024-01-31 19:15:36.787 [warning] [Decorations] CAPPING events from decorations provider vscode.git 849
2024-01-31 19:15:41.824 [warning] [Decorations] CAPPING events from decorations provider vscode.git 849
2024-01-31 19:15:46.861 [warning] [Decorations] CAPPING events from decorations provider vscode.git 849
2024-01-31 19:15:51.904 [warning] [Decorations] CAPPING events from decorations provider vscode.git 849
2024-01-31 19:15:56.936 [warning] [Decorations] CAPPING events from decorations provider vscode.git 849
2024-01-31 19:16:01.969 [warning] [Decorations] CAPPING events from decorations provider vscode.git 849
2024-01-31 19:16:07.004 [warning] [Decorations] CAPPING events from decorations provider vscode.git 849
2024-01-31 19:16:12.028 [warning] [Decorations] CAPPING events from decorations provider vscode.git 849
2024-01-31 19:16:17.062 [warning] [Decorations] CAPPING events from decorations provider vscode.git 849
2024-01-31 19:16:22.098 [warning] [Decorations] CAPPING events from decorations provider vscode.git 849
2024-01-31 19:16:27.132 [warning] [Decorations] CAPPING events from decorations provider vscode.git 849
2024-01-31 19:16:32.157 [warning] [Decorations] CAPPING events from decorations provider vscode.git 849
2024-01-31 19:16:37.193 [warning] [Decorations] CAPPING events from decorations provider vscode.git 849
2024-01-31 19:16:42.228 [warning] [Decorations] CAPPING events from decorations provider vscode.git 849
2024-01-31 19:16:47.265 [warning] [Decorations] CAPPING events from decorations provider vscode.git 849
2024-01-31 19:16:52.299 [warning] [Decorations] CAPPING events from decorations provider vscode.git 849
2024-01-31 19:16:57.340 [warning] [Decorations] CAPPING events from decorations provider vscode.git 849
2024-01-31 19:17:02.375 [warning] [Decorations] CAPPING events from decorations provider vscode.git 849
2024-01-31 19:17:07.408 [warning] [Decorations] CAPPING events from decorations provider vscode.git 849
2024-01-31 19:17:12.430 [warning] [Decorations] CAPPING events from decorations provider vscode.git 849
2024-01-31 19:17:17.488 [warning] [Decorations] CAPPING events from decorations provider vscode.git 849
2024-01-31 19:17:22.513 [warning] [Decorations] CAPPING events from decorations provider vscode.git 849
2024-01-31 19:17:27.546 [warning] [Decorations] CAPPING events from decorations provider vscode.git 849
2024-01-31 19:17:32.587 [warning] [Decorations] CAPPING events from decorations provider vscode.git 849
2024-01-31 19:17:37.619 [warning] [Decorations] CAPPING events from decorations provider vscode.git 849
2024-01-31 19:17:42.651 [warning] [Decorations] CAPPING events from decorations provider vscode.git 849
2024-01-31 19:17:47.687 [warning] [Decorations] CAPPING events from decorations provider vscode.git 849
2024-01-31 19:17:52.718 [warning] [Decorations] CAPPING events from decorations provider vscode.git 849
2024-01-31 19:17:57.748 [warning] [Decorations] CAPPING events from decorations provider vscode.git 849
2024-01-31 19:18:02.781 [warning] [Decorations] CAPPING events from decorations provider vscode.git 849
2024-01-31 19:18:07.820 [warning] [Decorations] CAPPING events from decorations provider vscode.git 849
2024-01-31 19:18:12.852 [warning] [Decorations] CAPPING events from decorations provider vscode.git 849
2024-01-31 19:18:17.890 [warning] [Decorations] CAPPING events from decorations provider vscode.git 849
2024-01-31 19:18:22.929 [warning] [Decorations] CAPPING events from decorations provider vscode.git 849
2024-01-31 19:18:27.964 [warning] [Decorations] CAPPING events from decorations provider vscode.git 849
2024-01-31 19:18:32.988 [warning] [Decorations] CAPPING events from decorations provider vscode.git 849
2024-01-31 19:18:38.020 [warning] [Decorations] CAPPING events from decorations provider vscode.git 849
2024-01-31 19:18:43.054 [warning] [Decorations] CAPPING events from decorations provider vscode.git 849
2024-01-31 19:19:03.413 [warning] [Decorations] CAPPING events from decorations provider vscode.git 849
2024-01-31 19:19:08.450 [warning] [Decorations] CAPPING events from decorations provider vscode.git 849
2024-01-31 19:19:13.483 [warning] [Decorations] CAPPING events from decorations provider vscode.git 849
2024-01-31 19:20:12.691 [warning] [Decorations] CAPPING events from decorations provider vscode.git 849
2024-01-31 19:20:17.723 [warning] [Decorations] CAPPING events from decorations provider vscode.git 849
2024-01-31 19:20:22.758 [warning] [Decorations] CAPPING events from decorations provider vscode.git 849
2024-01-31 19:20:29.357 [warning] [Decorations] CAPPING events from decorations provider vscode.git 849
2024-01-31 19:20:48.628 [warning] [Decorations] CAPPING events from decorations provider vscode.git 849
2024-01-31 19:21:05.240 [warning] [Decorations] CAPPING events from decorations provider vscode.git 849
2024-01-31 19:21:10.276 [warning] [Decorations] CAPPING events from decorations provider vscode.git 849
2024-01-31 19:21:15.312 [warning] [Decorations] CAPPING events from decorations provider vscode.git 849
2024-01-31 19:21:20.344 [warning] [Decorations] CAPPING events from decorations provider vscode.git 849
2024-01-31 19:21:25.378 [warning] [Decorations] CAPPING events from decorations provider vscode.git 849
2024-01-31 19:21:30.411 [warning] [Decorations] CAPPING events from decorations provider vscode.git 849
2024-01-31 19:21:35.453 [warning] [Decorations] CAPPING events from decorations provider vscode.git 849
2024-01-31 19:21:40.477 [warning] [Decorations] CAPPING events from decorations provider vscode.git 849
2024-01-31 19:21:45.516 [warning] [Decorations] CAPPING events from decorations provider vscode.git 849
2024-01-31 19:21:50.555 [warning] [Decorations] CAPPING events from decorations provider vscode.git 849
2024-01-31 19:21:55.586 [warning] [Decorations] CAPPING events from decorations provider vscode.git 849
2024-01-31 19:22:00.624 [warning] [Decorations] CAPPING events from decorations provider vscode.git 849
2024-01-31 19:22:08.128 [warning] [Decorations] CAPPING events from decorations provider vscode.git 849
2024-01-31 19:22:13.165 [warning] [Decorations] CAPPING events from decorations provider vscode.git 849
2024-01-31 19:22:18.196 [warning] [Decorations] CAPPING events from decorations provider vscode.git 849
2024-01-31 19:22:23.227 [warning] [Decorations] CAPPING events from decorations provider vscode.git 849
2024-01-31 19:22:28.254 [warning] [Decorations] CAPPING events from decorations provider vscode.git 849
2024-01-31 19:22:35.780 [warning] [Decorations] CAPPING events from decorations provider vscode.git 849
2024-01-31 19:22:40.817 [warning] [Decorations] CAPPING events from decorations provider vscode.git 849
2024-01-31 19:22:45.853 [warning] [Decorations] CAPPING events from decorations provider vscode.git 849
2024-01-31 19:22:50.890 [warning] [Decorations] CAPPING events from decorations provider vscode.git 849
2024-01-31 19:22:55.922 [warning] [Decorations] CAPPING events from decorations provider vscode.git 849
2024-01-31 19:23:00.963 [warning] [Decorations] CAPPING events from decorations provider vscode.git 849
2024-01-31 19:23:05.989 [warning] [Decorations] CAPPING events from decorations provider vscode.git 850
2024-01-31 19:23:11.026 [warning] [Decorations] CAPPING events from decorations provider vscode.git 850
2024-01-31 19:23:16.064 [warning] [Decorations] CAPPING events from decorations provider vscode.git 851
2024-01-31 19:23:21.094 [warning] [Decorations] CAPPING events from decorations provider vscode.git 851
2024-01-31 19:23:26.139 [warning] [Decorations] CAPPING events from decorations provider vscode.git 852
2024-01-31 19:23:31.178 [warning] [Decorations] CAPPING events from decorations provider vscode.git 852
2024-01-31 19:23:36.968 [warning] [Decorations] CAPPING events from decorations provider vscode.git 852
2024-01-31 19:23:42.005 [warning] [Decorations] CAPPING events from decorations provider vscode.git 852
2024-01-31 19:23:47.044 [warning] [Decorations] CAPPING events from decorations provider vscode.git 853
2024-01-31 19:23:52.077 [warning] [Decorations] CAPPING events from decorations provider vscode.git 853
2024-01-31 19:23:57.111 [warning] [Decorations] CAPPING events from decorations provider vscode.git 853
2024-01-31 19:24:02.148 [warning] [Decorations] CAPPING events from decorations provider vscode.git 853
2024-01-31 19:24:07.188 [warning] [Decorations] CAPPING events from decorations provider vscode.git 853
2024-01-31 19:24:12.218 [warning] [Decorations] CAPPING events from decorations provider vscode.git 853
2024-01-31 19:25:56.407 [warning] [Decorations] CAPPING events from decorations provider vscode.git 853
2024-01-31 19:26:01.447 [warning] [Decorations] CAPPING events from decorations provider vscode.git 853
2024-01-31 19:26:06.486 [warning] [Decorations] CAPPING events from decorations provider vscode.git 853
2024-01-31 19:26:11.528 [warning] [Decorations] CAPPING events from decorations provider vscode.git 853
2024-01-31 19:26:16.570 [warning] [Decorations] CAPPING events from decorations provider vscode.git 853
2024-01-31 19:26:21.605 [warning] [Decorations] CAPPING events from decorations provider vscode.git 853
2024-01-31 19:26:26.634 [warning] [Decorations] CAPPING events from decorations provider vscode.git 853
2024-01-31 19:26:31.668 [warning] [Decorations] CAPPING events from decorations provider vscode.git 853
2024-01-31 19:26:36.697 [warning] [Decorations] CAPPING events from decorations provider vscode.git 853
2024-01-31 19:26:41.737 [warning] [Decorations] CAPPING events from decorations provider vscode.git 853
2024-01-31 19:26:46.778 [warning] [Decorations] CAPPING events from decorations provider vscode.git 853
2024-01-31 19:26:51.815 [warning] [Decorations] CAPPING events from decorations provider vscode.git 853
2024-01-31 19:26:56.848 [warning] [Decorations] CAPPING events from decorations provider vscode.git 853
2024-01-31 19:27:01.880 [warning] [Decorations] CAPPING events from decorations provider vscode.git 853
2024-01-31 19:27:06.912 [warning] [Decorations] CAPPING events from decorations provider vscode.git 853
2024-01-31 19:27:11.950 [warning] [Decorations] CAPPING events from decorations provider vscode.git 853
2024-01-31 19:27:16.982 [warning] [Decorations] CAPPING events from decorations provider vscode.git 853
2024-01-31 19:27:47.925 [warning] [Decorations] CAPPING events from decorations provider vscode.git 853
2024-01-31 19:27:52.985 [warning] [Decorations] CAPPING events from decorations provider vscode.git 853
2024-01-31 19:28:10.463 [warning] [Decorations] CAPPING events from decorations provider vscode.git 853
2024-01-31 19:28:15.501 [warning] [Decorations] CAPPING events from decorations provider vscode.git 853
2024-01-31 19:28:21.537 [warning] [Decorations] CAPPING events from decorations provider vscode.git 853
2024-01-31 19:28:34.411 [warning] [Decorations] CAPPING events from decorations provider vscode.git 853
2024-01-31 19:28:46.355 [warning] [Decorations] CAPPING events from decorations provider vscode.git 853
2024-01-31 19:28:51.391 [warning] [Decorations] CAPPING events from decorations provider vscode.git 853
2024-01-31 19:29:08.367 [warning] [Decorations] CAPPING events from decorations provider vscode.git 853
2024-01-31 19:29:13.404 [warning] [Decorations] CAPPING events from decorations provider vscode.git 853
2024-01-31 19:29:22.792 [warning] [Decorations] CAPPING events from decorations provider vscode.git 853
2024-01-31 19:29:34.660 [warning] [Decorations] CAPPING events from decorations provider vscode.git 853
2024-01-31 19:29:39.826 [warning] [Decorations] CAPPING events from decorations provider vscode.git 853
2024-01-31 19:29:59.763 [warning] [Decorations] CAPPING events from decorations provider vscode.git 853
2024-01-31 19:30:13.579 [warning] [Decorations] CAPPING events from decorations provider vscode.git 853
2024-01-31 19:30:18.618 [warning] [Decorations] CAPPING events from decorations provider vscode.git 853
2024-01-31 19:30:23.655 [warning] [Decorations] CAPPING events from decorations provider vscode.git 853
2024-01-31 19:31:01.698 [warning] [Decorations] CAPPING events from decorations provider vscode.git 853
2024-01-31 19:31:06.739 [warning] [Decorations] CAPPING events from decorations provider vscode.git 853
2024-01-31 19:31:11.783 [warning] [Decorations] CAPPING events from decorations provider vscode.git 853
2024-01-31 19:31:16.823 [warning] [Decorations] CAPPING events from decorations provider vscode.git 853
2024-01-31 19:31:21.862 [warning] [Decorations] CAPPING events from decorations provider vscode.git 853
2024-01-31 19:31:26.906 [warning] [Decorations] CAPPING events from decorations provider vscode.git 853
2024-01-31 19:31:31.938 [warning] [Decorations] CAPPING events from decorations provider vscode.git 853
2024-01-31 19:31:36.964 [warning] [Decorations] CAPPING events from decorations provider vscode.git 853
2024-01-31 19:31:41.997 [warning] [Decorations] CAPPING events from decorations provider vscode.git 854
2024-01-31 19:31:47.034 [warning] [Decorations] CAPPING events from decorations provider vscode.git 854
2024-01-31 19:31:52.065 [warning] [Decorations] CAPPING events from decorations provider vscode.git 854
2024-01-31 19:31:57.099 [warning] [Decorations] CAPPING events from decorations provider vscode.git 854
2024-01-31 19:32:02.138 [warning] [Decorations] CAPPING events from decorations provider vscode.git 854
2024-01-31 19:32:07.171 [warning] [Decorations] CAPPING events from decorations provider vscode.git 854
2024-01-31 19:32:12.211 [warning] [Decorations] CAPPING events from decorations provider vscode.git 854
2024-01-31 19:32:17.251 [warning] [Decorations] CAPPING events from decorations provider vscode.git 854
2024-01-31 19:32:22.287 [warning] [Decorations] CAPPING events from decorations provider vscode.git 854
2024-01-31 19:32:27.325 [warning] [Decorations] CAPPING events from decorations provider vscode.git 855
2024-01-31 19:32:32.353 [warning] [Decorations] CAPPING events from decorations provider vscode.git 855
2024-01-31 19:33:05.424 [warning] [Decorations] CAPPING events from decorations provider vscode.git 855
2024-01-31 19:33:10.456 [warning] [Decorations] CAPPING events from decorations provider vscode.git 855
2024-01-31 19:33:16.586 [warning] [Decorations] CAPPING events from decorations provider vscode.git 855
2024-01-31 19:33:25.904 [warning] [Decorations] CAPPING events from decorations provider vscode.git 855
2024-01-31 19:34:17.432 [warning] [Decorations] CAPPING events from decorations provider vscode.git 855
2024-01-31 19:34:22.471 [warning] [Decorations] CAPPING events from decorations provider vscode.git 855
2024-01-31 19:34:27.506 [warning] [Decorations] CAPPING events from decorations provider vscode.git 855
2024-01-31 19:34:32.546 [warning] [Decorations] CAPPING events from decorations provider vscode.git 855
2024-01-31 19:34:37.584 [warning] [Decorations] CAPPING events from decorations provider vscode.git 855
2024-01-31 19:34:42.615 [warning] [Decorations] CAPPING events from decorations provider vscode.git 855
2024-01-31 19:34:47.657 [warning] [Decorations] CAPPING events from decorations provider vscode.git 855
2024-01-31 19:34:52.692 [warning] [Decorations] CAPPING events from decorations provider vscode.git 855
2024-01-31 19:34:57.728 [warning] [Decorations] CAPPING events from decorations provider vscode.git 855
2024-01-31 19:35:02.766 [warning] [Decorations] CAPPING events from decorations provider vscode.git 855
2024-01-31 19:35:07.790 [warning] [Decorations] CAPPING events from decorations provider vscode.git 855
2024-01-31 19:35:13.369 [warning] [Decorations] CAPPING events from decorations provider vscode.git 855
2024-01-31 19:35:19.417 [warning] [Decorations] CAPPING events from decorations provider vscode.git 855
2024-01-31 19:35:24.454 [warning] [Decorations] CAPPING events from decorations provider vscode.git 856
2024-01-31 19:35:29.477 [warning] [Decorations] CAPPING events from decorations provider vscode.git 856
2024-01-31 19:35:34.512 [warning] [Decorations] CAPPING events from decorations provider vscode.git 856
2024-01-31 19:35:39.553 [warning] [Decorations] CAPPING events from decorations provider vscode.git 856
2024-01-31 19:35:48.791 [warning] [Decorations] CAPPING events from decorations provider vscode.git 856
2024-01-31 19:35:53.818 [warning] [Decorations] CAPPING events from decorations provider vscode.git 856
2024-01-31 19:35:58.857 [warning] [Decorations] CAPPING events from decorations provider vscode.git 856
2024-01-31 19:36:03.885 [warning] [Decorations] CAPPING events from decorations provider vscode.git 856
2024-01-31 19:36:08.915 [warning] [Decorations] CAPPING events from decorations provider vscode.git 856
2024-01-31 19:36:13.945 [warning] [Decorations] CAPPING events from decorations provider vscode.git 856
2024-01-31 19:36:18.971 [warning] [Decorations] CAPPING events from decorations provider vscode.git 856
2024-01-31 19:36:24.005 [warning] [Decorations] CAPPING events from decorations provider vscode.git 857
2024-01-31 19:36:29.044 [warning] [Decorations] CAPPING events from decorations provider vscode.git 857
2024-01-31 19:36:34.077 [warning] [Decorations] CAPPING events from decorations provider vscode.git 857
2024-01-31 19:36:39.114 [warning] [Decorations] CAPPING events from decorations provider vscode.git 857
2024-01-31 19:36:44.144 [warning] [Decorations] CAPPING events from decorations provider vscode.git 857
2024-01-31 19:36:49.186 [warning] [Decorations] CAPPING events from decorations provider vscode.git 857
2024-01-31 19:36:56.061 [warning] [Decorations] CAPPING events from decorations provider vscode.git 857
2024-01-31 19:37:09.646 [warning] [Decorations] CAPPING events from decorations provider vscode.git 857
2024-01-31 19:37:14.682 [warning] [Decorations] CAPPING events from decorations provider vscode.git 857
2024-01-31 19:37:23.346 [warning] [Decorations] CAPPING events from decorations provider vscode.git 857
2024-01-31 19:37:43.654 [warning] [Decorations] CAPPING events from decorations provider vscode.git 857
2024-01-31 19:37:48.690 [warning] [Decorations] CAPPING events from decorations provider vscode.git 857
2024-01-31 19:37:53.727 [warning] [Decorations] CAPPING events from decorations provider vscode.git 857
2024-01-31 19:37:58.756 [warning] [Decorations] CAPPING events from decorations provider vscode.git 857
2024-01-31 19:38:03.794 [warning] [Decorations] CAPPING events from decorations provider vscode.git 857
2024-01-31 19:38:08.834 [warning] [Decorations] CAPPING events from decorations provider vscode.git 857
2024-01-31 19:38:13.874 [warning] [Decorations] CAPPING events from decorations provider vscode.git 857
2024-01-31 19:38:18.908 [warning] [Decorations] CAPPING events from decorations provider vscode.git 857
2024-01-31 19:38:34.653 [warning] [Decorations] CAPPING events from decorations provider vscode.git 857
2024-01-31 19:39:40.035 [warning] [Decorations] CAPPING events from decorations provider vscode.git 857
2024-01-31 19:39:45.070 [warning] [Decorations] CAPPING events from decorations provider vscode.git 857
2024-01-31 19:39:50.231 [warning] [Decorations] CAPPING events from decorations provider vscode.git 857
2024-01-31 19:40:01.814 [warning] [Decorations] CAPPING events from decorations provider vscode.git 857
2024-01-31 19:40:06.846 [warning] [Decorations] CAPPING events from decorations provider vscode.git 857
2024-01-31 19:40:11.882 [warning] [Decorations] CAPPING events from decorations provider vscode.git 857
2024-01-31 19:40:25.890 [warning] [Decorations] CAPPING events from decorations provider vscode.git 857
2024-01-31 19:40:30.929 [warning] [Decorations] CAPPING events from decorations provider vscode.git 857
2024-01-31 19:40:35.953 [warning] [Decorations] CAPPING events from decorations provider vscode.git 857
2024-01-31 19:40:56.204 [warning] [Decorations] CAPPING events from decorations provider vscode.git 857
2024-01-31 19:41:01.246 [warning] [Decorations] CAPPING events from decorations provider vscode.git 857
2024-01-31 19:41:14.315 [warning] [Decorations] CAPPING events from decorations provider vscode.git 857
2024-01-31 19:41:19.353 [warning] [Decorations] CAPPING events from decorations provider vscode.git 857
2024-01-31 19:41:24.389 [warning] [Decorations] CAPPING events from decorations provider vscode.git 857
2024-01-31 19:41:29.418 [warning] [Decorations] CAPPING events from decorations provider vscode.git 857
2024-01-31 19:41:48.949 [warning] [Decorations] CAPPING events from decorations provider vscode.git 857
2024-01-31 19:41:53.989 [warning] [Decorations] CAPPING events from decorations provider vscode.git 857
2024-01-31 19:41:59.022 [warning] [Decorations] CAPPING events from decorations provider vscode.git 857
2024-01-31 19:42:04.061 [warning] [Decorations] CAPPING events from decorations provider vscode.git 857
2024-01-31 19:42:09.095 [warning] [Decorations] CAPPING events from decorations provider vscode.git 857
2024-01-31 19:42:14.134 [warning] [Decorations] CAPPING events from decorations provider vscode.git 857
2024-01-31 19:42:19.170 [warning] [Decorations] CAPPING events from decorations provider vscode.git 858
2024-01-31 19:42:24.209 [warning] [Decorations] CAPPING events from decorations provider vscode.git 858
2024-01-31 19:42:29.232 [warning] [Decorations] CAPPING events from decorations provider vscode.git 858
2024-01-31 19:42:34.255 [warning] [Decorations] CAPPING events from decorations provider vscode.git 858
2024-01-31 19:42:39.286 [warning] [Decorations] CAPPING events from decorations provider vscode.git 858
2024-01-31 19:42:44.329 [warning] [Decorations] CAPPING events from decorations provider vscode.git 858
2024-01-31 19:42:49.370 [warning] [Decorations] CAPPING events from decorations provider vscode.git 858
2024-01-31 19:42:54.404 [warning] [Decorations] CAPPING events from decorations provider vscode.git 858
2024-01-31 19:42:59.448 [warning] [Decorations] CAPPING events from decorations provider vscode.git 858
2024-01-31 19:43:04.482 [warning] [Decorations] CAPPING events from decorations provider vscode.git 858
2024-01-31 19:43:09.519 [warning] [Decorations] CAPPING events from decorations provider vscode.git 858
2024-01-31 19:43:14.558 [warning] [Decorations] CAPPING events from decorations provider vscode.git 858
2024-01-31 19:43:19.601 [warning] [Decorations] CAPPING events from decorations provider vscode.git 858
2024-01-31 19:43:24.640 [warning] [Decorations] CAPPING events from decorations provider vscode.git 858
2024-01-31 19:43:29.677 [warning] [Decorations] CAPPING events from decorations provider vscode.git 858
2024-01-31 19:45:05.451 [warning] [Decorations] CAPPING events from decorations provider vscode.git 858
2024-01-31 19:45:13.124 [warning] [Decorations] CAPPING events from decorations provider vscode.git 858
2024-01-31 19:46:01.965 [warning] [Decorations] CAPPING events from decorations provider vscode.git 858
2024-01-31 19:46:06.995 [warning] [Decorations] CAPPING events from decorations provider vscode.git 858
2024-01-31 19:46:12.030 [warning] [Decorations] CAPPING events from decorations provider vscode.git 858
2024-01-31 19:46:33.961 [warning] [Decorations] CAPPING events from decorations provider vscode.git 858
2024-01-31 19:46:38.994 [warning] [Decorations] CAPPING events from decorations provider vscode.git 858
2024-01-31 19:46:44.028 [warning] [Decorations] CAPPING events from decorations provider vscode.git 858
2024-01-31 19:46:57.700 [warning] [Decorations] CAPPING events from decorations provider vscode.git 858
2024-01-31 19:47:02.733 [warning] [Decorations] CAPPING events from decorations provider vscode.git 858
2024-01-31 19:47:07.776 [warning] [Decorations] CAPPING events from decorations provider vscode.git 858
2024-01-31 19:47:12.812 [warning] [Decorations] CAPPING events from decorations provider vscode.git 858
2024-01-31 19:47:25.007 [warning] [Decorations] CAPPING events from decorations provider vscode.git 858
2024-01-31 19:47:42.051 [warning] [Decorations] CAPPING events from decorations provider vscode.git 858
2024-01-31 19:47:54.419 [warning] [Decorations] CAPPING events from decorations provider vscode.git 858
2024-01-31 19:48:09.728 [warning] [Decorations] CAPPING events from decorations provider vscode.git 858
2024-01-31 19:48:52.292 [warning] [Decorations] CAPPING events from decorations provider vscode.git 858
2024-01-31 19:48:57.329 [warning] [Decorations] CAPPING events from decorations provider vscode.git 858
2024-01-31 19:49:02.354 [warning] [Decorations] CAPPING events from decorations provider vscode.git 858
2024-01-31 19:49:07.392 [warning] [Decorations] CAPPING events from decorations provider vscode.git 858
2024-01-31 19:49:12.423 [warning] [Decorations] CAPPING events from decorations provider vscode.git 858
2024-01-31 19:49:17.461 [warning] [Decorations] CAPPING events from decorations provider vscode.git 858
2024-01-31 19:49:22.494 [warning] [Decorations] CAPPING events from decorations provider vscode.git 858
2024-01-31 19:49:27.525 [warning] [Decorations] CAPPING events from decorations provider vscode.git 858
2024-01-31 19:49:32.564 [warning] [Decorations] CAPPING events from decorations provider vscode.git 858
2024-01-31 19:49:37.601 [warning] [Decorations] CAPPING events from decorations provider vscode.git 858
2024-01-31 19:49:42.627 [warning] [Decorations] CAPPING events from decorations provider vscode.git 858
2024-01-31 19:49:47.664 [warning] [Decorations] CAPPING events from decorations provider vscode.git 858
2024-01-31 19:49:59.464 [warning] [Decorations] CAPPING events from decorations provider vscode.git 858
2024-01-31 19:50:04.503 [warning] [Decorations] CAPPING events from decorations provider vscode.git 858
2024-01-31 19:50:09.535 [warning] [Decorations] CAPPING events from decorations provider vscode.git 858
2024-01-31 19:50:14.574 [warning] [Decorations] CAPPING events from decorations provider vscode.git 858
2024-01-31 19:50:19.609 [warning] [Decorations] CAPPING events from decorations provider vscode.git 858
2024-01-31 19:50:24.646 [warning] [Decorations] CAPPING events from decorations provider vscode.git 858
2024-01-31 19:50:29.683 [warning] [Decorations] CAPPING events from decorations provider vscode.git 858
2024-01-31 19:50:34.724 [warning] [Decorations] CAPPING events from decorations provider vscode.git 858
2024-01-31 19:50:39.766 [warning] [Decorations] CAPPING events from decorations provider vscode.git 858
2024-01-31 19:50:44.802 [warning] [Decorations] CAPPING events from decorations provider vscode.git 858
2024-01-31 19:50:49.835 [warning] [Decorations] CAPPING events from decorations provider vscode.git 858
2024-01-31 19:50:54.863 [warning] [Decorations] CAPPING events from decorations provider vscode.git 858
2024-01-31 19:51:04.134 [warning] [Decorations] CAPPING events from decorations provider vscode.git 858
2024-01-31 19:51:09.925 [warning] [Decorations] CAPPING events from decorations provider vscode.git 858
2024-01-31 19:51:15.594 [warning] [Decorations] CAPPING events from decorations provider vscode.git 858
2024-01-31 19:55:56.765 [warning] [Decorations] CAPPING events from decorations provider vscode.git 858
2024-01-31 19:56:01.795 [warning] [Decorations] CAPPING events from decorations provider vscode.git 858
2024-01-31 19:56:06.838 [warning] [Decorations] CAPPING events from decorations provider vscode.git 858
2024-01-31 19:56:11.863 [warning] [Decorations] CAPPING events from decorations provider vscode.git 858
2024-01-31 19:56:17.526 [warning] [Decorations] CAPPING events from decorations provider vscode.git 858
2024-01-31 19:56:37.945 [warning] [Decorations] CAPPING events from decorations provider vscode.git 858
2024-01-31 19:57:15.040 [warning] [Decorations] CAPPING events from decorations provider vscode.git 858
2024-01-31 19:57:20.066 [warning] [Decorations] CAPPING events from decorations provider vscode.git 858
2024-01-31 19:59:39.932 [warning] [Decorations] CAPPING events from decorations provider vscode.git 858
2024-01-31 19:59:44.979 [warning] [Decorations] CAPPING events from decorations provider vscode.git 858
2024-01-31 19:59:50.025 [warning] [Decorations] CAPPING events from decorations provider vscode.git 858
2024-01-31 19:59:58.291 [warning] [Decorations] CAPPING events from decorations provider vscode.git 858
2024-01-31 20:00:03.325 [warning] [Decorations] CAPPING events from decorations provider vscode.git 858
2024-01-31 20:00:08.362 [warning] [Decorations] CAPPING events from decorations provider vscode.git 858
2024-01-31 20:00:13.406 [warning] [Decorations] CAPPING events from decorations provider vscode.git 858
2024-01-31 20:00:18.443 [warning] [Decorations] CAPPING events from decorations provider vscode.git 858
2024-01-31 20:00:23.483 [warning] [Decorations] CAPPING events from decorations provider vscode.git 858
2024-01-31 20:00:55.909 [warning] [Decorations] CAPPING events from decorations provider vscode.git 858
2024-01-31 20:01:00.946 [warning] [Decorations] CAPPING events from decorations provider vscode.git 858
2024-01-31 20:01:07.956 [warning] [Decorations] CAPPING events from decorations provider vscode.git 858
2024-01-31 20:01:14.444 [warning] [Decorations] CAPPING events from decorations provider vscode.git 858
2024-01-31 20:01:19.482 [warning] [Decorations] CAPPING events from decorations provider vscode.git 860
2024-01-31 20:03:20.704 [warning] [Decorations] CAPPING events from decorations provider vscode.git 860
2024-01-31 20:19:00.850 [warning] [Decorations] CAPPING events from decorations provider vscode.git 860
2024-01-31 20:19:05.875 [warning] [Decorations] CAPPING events from decorations provider vscode.git 860
2024-01-31 20:19:10.907 [warning] [Decorations] CAPPING events from decorations provider vscode.git 861
2024-01-31 20:20:55.790 [warning] [Decorations] CAPPING events from decorations provider vscode.git 861
2024-01-31 20:21:00.827 [warning] [Decorations] CAPPING events from decorations provider vscode.git 861
2024-01-31 20:22:40.009 [warning] [Decorations] CAPPING events from decorations provider vscode.git 861
2024-01-31 20:23:59.308 [warning] [Decorations] CAPPING events from decorations provider vscode.git 861
2024-01-31 20:52:43.041 [warning] [Decorations] CAPPING events from decorations provider vscode.git 861
2024-01-31 20:52:48.079 [warning] [Decorations] CAPPING events from decorations provider vscode.git 861
2024-01-31 20:52:53.109 [warning] [Decorations] CAPPING events from decorations provider vscode.git 861
2024-01-31 20:52:58.154 [warning] [Decorations] CAPPING events from decorations provider vscode.git 861
2024-01-31 20:53:03.221 [warning] [Decorations] CAPPING events from decorations provider vscode.git 861
2024-01-31 20:53:08.274 [warning] [Decorations] CAPPING events from decorations provider vscode.git 843
2024-01-31 20:53:13.322 [warning] [Decorations] CAPPING events from decorations provider vscode.git 843
