2024-01-29 20:12:03.363 [info] Log level: Info
2024-01-29 20:12:03.363 [info] Validating found git in: "git"
2024-01-29 20:12:03.363 [info] Using git "2.34.1" from "git"
2024-01-29 20:12:03.363 [info] > git rev-parse --show-toplevel [3ms]
2024-01-29 20:12:03.363 [info] > git rev-parse --git-dir --git-common-dir [2ms]
2024-01-29 20:12:03.363 [info] Open repository: /home/msegfilph
2024-01-29 20:12:03.363 [info] > git rev-parse --show-toplevel [1ms]
2024-01-29 20:12:03.364 [info] > git config --get commit.template [4ms]
2024-01-29 20:12:03.372 [info] > git rev-parse --show-toplevel [4ms]
2024-01-29 20:12:03.375 [info] > git for-each-ref --format=%(refname)%00%(upstream:short)%00%(objectname)%00%(upstream:track)%00%(upstream:remotename)%00%(upstream:remoteref) refs/heads/master refs/remotes/master [4ms]
2024-01-29 20:12:03.396 [info] > git rev-parse --git-dir --git-common-dir [21ms]
2024-01-29 20:12:03.399 [info] Open repository: /home/msegfilph/.asdf
2024-01-29 20:12:03.411 [info] > git rev-parse --show-toplevel [2ms]
2024-01-29 20:12:03.412 [info] > git config --get commit.template [6ms]
2024-01-29 20:12:03.419 [info] > git rev-parse --show-toplevel [4ms]
2024-01-29 20:12:03.423 [info] > git rev-parse --show-toplevel [1ms]
2024-01-29 20:12:03.428 [info] > git for-each-ref --format %(refname) %(objectname) %(*objectname) refs/tags [9ms]
2024-01-29 20:12:03.435 [info] > git rev-parse --show-toplevel [8ms]
2024-01-29 20:12:03.462 [info] > git status -z -uall [30ms]
2024-01-29 20:12:03.471 [info] > git status -z -uall [91ms]
2024-01-29 20:12:03.481 [info] > git config --get commit.template [11ms]
2024-01-29 20:12:03.481 [info] > git config --get commit.template [1ms]
2024-01-29 20:12:03.490 [info] > git for-each-ref --format %(refname) %(objectname) %(*objectname) refs/tags [4ms]
2024-01-29 20:12:03.495 [info] > git for-each-ref --format=%(refname)%00%(upstream:short)%00%(objectname)%00%(upstream:track)%00%(upstream:remotename)%00%(upstream:remoteref) refs/heads/master refs/remotes/master [6ms]
2024-01-29 20:12:03.501 [info] > git status -z -uall [7ms]
2024-01-29 20:12:03.511 [info] > git status -z -uall [11ms]
2024-01-29 20:12:03.875 [info] > git show --textconv :workspace/Polymorphism.rb [3ms]
2024-01-29 20:12:03.876 [info] > git ls-files --stage -- /home/msegfilph/workspace/Polymorphism.rb [2ms]
2024-01-29 20:12:03.878 [info] > git cat-file -s 29530bbdf700dc4e62a562243bc3e29f9892065c [0ms]
2024-01-29 20:12:03.907 [info] > git check-ignore -v -z --stdin [2ms]
2024-01-29 20:12:03.908 [info] > git check-ignore -v -z --stdin [1ms]
2024-01-29 20:12:06.979 [info] > git config --get commit.template [1ms]
2024-01-29 20:12:06.984 [info] > git for-each-ref --format=%(refname)%00%(upstream:short)%00%(objectname)%00%(upstream:track)%00%(upstream:remotename)%00%(upstream:remoteref) refs/heads/master refs/remotes/master [1ms]
2024-01-29 20:12:06.997 [info] > git status -z -uall [9ms]
2024-01-29 20:12:12.004 [info] > git config --get commit.template [0ms]
2024-01-29 20:12:12.009 [info] > git for-each-ref --format=%(refname)%00%(upstream:short)%00%(objectname)%00%(upstream:track)%00%(upstream:remotename)%00%(upstream:remoteref) refs/heads/master refs/remotes/master [1ms]
2024-01-29 20:12:12.021 [info] > git status -z -uall [9ms]
2024-01-29 20:12:15.363 [info] > git check-ignore -v -z --stdin [1ms]
2024-01-29 20:12:17.032 [info] > git config --get commit.template [1ms]
2024-01-29 20:12:17.037 [info] > git for-each-ref --format=%(refname)%00%(upstream:short)%00%(objectname)%00%(upstream:track)%00%(upstream:remotename)%00%(upstream:remoteref) refs/heads/master refs/remotes/master [1ms]
2024-01-29 20:12:17.052 [info] > git status -z -uall [10ms]
2024-01-29 20:12:22.059 [info] > git config --get commit.template [1ms]
2024-01-29 20:12:22.062 [info] > git for-each-ref --format=%(refname)%00%(upstream:short)%00%(objectname)%00%(upstream:track)%00%(upstream:remotename)%00%(upstream:remoteref) refs/heads/master refs/remotes/master [1ms]
2024-01-29 20:12:22.074 [info] > git status -z -uall [9ms]
2024-01-29 20:12:25.196 [info] > git show --textconv :workspace/Abstraction.rb [4ms]
2024-01-29 20:12:25.196 [info] > git ls-files --stage -- /home/msegfilph/workspace/Abstraction.rb [1ms]
2024-01-29 20:12:25.199 [info] > git cat-file -s 5b7b5dcc5925ce92362e9781b1efe199e9a6e141 [0ms]
2024-01-29 20:12:25.420 [info] > git check-ignore -v -z --stdin [2ms]
2024-01-29 20:12:27.084 [info] > git config --get commit.template [1ms]
2024-01-29 20:12:27.088 [info] > git for-each-ref --format=%(refname)%00%(upstream:short)%00%(objectname)%00%(upstream:track)%00%(upstream:remotename)%00%(upstream:remoteref) refs/heads/master refs/remotes/master [1ms]
2024-01-29 20:12:27.099 [info] > git status -z -uall [9ms]
2024-01-29 20:12:33.968 [info] > git config --get commit.template [3ms]
2024-01-29 20:12:33.968 [info] > git for-each-ref --format=%(refname)%00%(upstream:short)%00%(objectname)%00%(upstream:track)%00%(upstream:remotename)%00%(upstream:remoteref) refs/heads/master refs/remotes/master [1ms]
2024-01-29 20:12:33.981 [info] > git status -z -uall [10ms]
2024-01-29 20:12:34.388 [info] > git show --textconv :workspace/OOP/Abstraction.rb [3ms]
2024-01-29 20:12:34.389 [info] > git ls-files --stage -- /home/msegfilph/workspace/OOP/Abstraction.rb [1ms]
2024-01-29 20:12:34.884 [info] > git check-ignore -v -z --stdin [2ms]
2024-01-29 20:12:38.991 [info] > git config --get commit.template [3ms]
2024-01-29 20:12:38.991 [info] > git for-each-ref --format=%(refname)%00%(upstream:short)%00%(objectname)%00%(upstream:track)%00%(upstream:remotename)%00%(upstream:remoteref) refs/heads/master refs/remotes/master [1ms]
2024-01-29 20:12:39.004 [info] > git status -z -uall [10ms]
2024-01-29 20:12:55.615 [info] > git config --get commit.template [3ms]
2024-01-29 20:12:55.616 [info] > git for-each-ref --format=%(refname)%00%(upstream:short)%00%(objectname)%00%(upstream:track)%00%(upstream:remotename)%00%(upstream:remoteref) refs/heads/master refs/remotes/master [1ms]
2024-01-29 20:12:55.627 [info] > git status -z -uall [8ms]
2024-01-29 20:13:00.642 [info] > git for-each-ref --format=%(refname)%00%(upstream:short)%00%(objectname)%00%(upstream:track)%00%(upstream:remotename)%00%(upstream:remoteref) refs/heads/master refs/remotes/master [2ms]
2024-01-29 20:13:00.642 [info] > git config --get commit.template [6ms]
2024-01-29 20:13:00.654 [info] > git status -z -uall [8ms]
2024-01-29 20:13:03.375 [info] > git show --textconv :workspace/database/activity_1.sql [3ms]
2024-01-29 20:13:03.376 [info] > git ls-files --stage -- /home/msegfilph/workspace/database/activity_1.sql [1ms]
2024-01-29 20:13:03.641 [info] > git check-ignore -v -z --stdin [3ms]
2024-01-29 20:13:10.887 [info] > git config --get commit.template [2ms]
2024-01-29 20:13:10.891 [info] > git for-each-ref --format=%(refname)%00%(upstream:short)%00%(objectname)%00%(upstream:track)%00%(upstream:remotename)%00%(upstream:remoteref) refs/heads/master refs/remotes/master [1ms]
2024-01-29 20:13:10.905 [info] > git status -z -uall [11ms]
2024-01-29 20:13:15.922 [info] > git config --get commit.template [5ms]
2024-01-29 20:13:15.922 [info] > git for-each-ref --format=%(refname)%00%(upstream:short)%00%(objectname)%00%(upstream:track)%00%(upstream:remotename)%00%(upstream:remoteref) refs/heads/master refs/remotes/master [1ms]
2024-01-29 20:13:15.934 [info] > git status -z -uall [9ms]
2024-01-29 20:13:20.948 [info] > git config --get commit.template [5ms]
2024-01-29 20:13:20.948 [info] > git for-each-ref --format=%(refname)%00%(upstream:short)%00%(objectname)%00%(upstream:track)%00%(upstream:remotename)%00%(upstream:remoteref) refs/heads/master refs/remotes/master [1ms]
2024-01-29 20:13:20.960 [info] > git status -z -uall [9ms]
2024-01-29 20:13:25.970 [info] > git config --get commit.template [1ms]
2024-01-29 20:13:25.975 [info] > git for-each-ref --format=%(refname)%00%(upstream:short)%00%(objectname)%00%(upstream:track)%00%(upstream:remotename)%00%(upstream:remoteref) refs/heads/master refs/remotes/master [1ms]
2024-01-29 20:13:25.988 [info] > git status -z -uall [10ms]
2024-01-29 20:13:30.999 [info] > git config --get commit.template [1ms]
2024-01-29 20:13:31.003 [info] > git for-each-ref --format=%(refname)%00%(upstream:short)%00%(objectname)%00%(upstream:track)%00%(upstream:remotename)%00%(upstream:remoteref) refs/heads/master refs/remotes/master [1ms]
2024-01-29 20:13:31.015 [info] > git status -z -uall [9ms]
2024-01-29 20:13:36.027 [info] > git config --get commit.template [4ms]
2024-01-29 20:13:36.027 [info] > git for-each-ref --format=%(refname)%00%(upstream:short)%00%(objectname)%00%(upstream:track)%00%(upstream:remotename)%00%(upstream:remoteref) refs/heads/master refs/remotes/master [1ms]
2024-01-29 20:13:36.040 [info] > git status -z -uall [10ms]
2024-01-29 20:13:54.916 [info] > git config --get commit.template [3ms]
2024-01-29 20:13:54.917 [info] > git for-each-ref --format=%(refname)%00%(upstream:short)%00%(objectname)%00%(upstream:track)%00%(upstream:remotename)%00%(upstream:remoteref) refs/heads/master refs/remotes/master [1ms]
2024-01-29 20:13:54.929 [info] > git status -z -uall [10ms]
2024-01-29 20:13:59.945 [info] > git config --get commit.template [5ms]
2024-01-29 20:13:59.945 [info] > git for-each-ref --format=%(refname)%00%(upstream:short)%00%(objectname)%00%(upstream:track)%00%(upstream:remotename)%00%(upstream:remoteref) refs/heads/master refs/remotes/master [1ms]
2024-01-29 20:13:59.958 [info] > git status -z -uall [10ms]
2024-01-29 20:14:03.632 [info] > git config --get commit.template [4ms]
2024-01-29 20:14:03.633 [info] > git for-each-ref --format %(refname) %(objectname) %(*objectname) refs/tags [1ms]
2024-01-29 20:14:03.638 [info] > git status -z -uall [1ms]
2024-01-29 20:14:03.735 [info] > git ls-files --stage -- /home/msegfilph/workspace/database/activity_1.sql [1ms]
2024-01-29 20:14:03.738 [info] > git cat-file -s e4e4986c53aa028c84fedfda5e4db4653df0e91b [1ms]
2024-01-29 20:14:03.744 [info] > git show --textconv :workspace/database/activity_1.sql [1ms]
2024-01-29 20:14:04.967 [info] > git config --get commit.template [1ms]
2024-01-29 20:14:04.970 [info] > git for-each-ref --format=%(refname)%00%(upstream:short)%00%(objectname)%00%(upstream:track)%00%(upstream:remotename)%00%(upstream:remoteref) refs/heads/master refs/remotes/master [0ms]
2024-01-29 20:14:04.988 [info] > git status -z -uall [15ms]
2024-01-29 20:14:10.000 [info] > git config --get commit.template [1ms]
2024-01-29 20:14:10.004 [info] > git for-each-ref --format=%(refname)%00%(upstream:short)%00%(objectname)%00%(upstream:track)%00%(upstream:remotename)%00%(upstream:remoteref) refs/heads/master refs/remotes/master [0ms]
2024-01-29 20:14:10.014 [info] > git status -z -uall [7ms]
2024-01-29 20:14:15.026 [info] > git config --get commit.template [4ms]
2024-01-29 20:14:15.027 [info] > git for-each-ref --format=%(refname)%00%(upstream:short)%00%(objectname)%00%(upstream:track)%00%(upstream:remotename)%00%(upstream:remoteref) refs/heads/master refs/remotes/master [0ms]
2024-01-29 20:14:15.035 [info] > git status -z -uall [6ms]
2024-01-29 20:14:20.051 [info] > git config --get commit.template [5ms]
2024-01-29 20:14:20.052 [info] > git for-each-ref --format=%(refname)%00%(upstream:short)%00%(objectname)%00%(upstream:track)%00%(upstream:remotename)%00%(upstream:remoteref) refs/heads/master refs/remotes/master [1ms]
2024-01-29 20:14:20.063 [info] > git status -z -uall [8ms]
2024-01-29 20:14:27.817 [info] > git config --get commit.template [4ms]
2024-01-29 20:14:27.817 [info] > git for-each-ref --format=%(refname)%00%(upstream:short)%00%(objectname)%00%(upstream:track)%00%(upstream:remotename)%00%(upstream:remoteref) refs/heads/master refs/remotes/master [1ms]
2024-01-29 20:14:27.830 [info] > git status -z -uall [9ms]
2024-01-29 20:14:32.842 [info] > git config --get commit.template [1ms]
2024-01-29 20:14:32.845 [info] > git for-each-ref --format=%(refname)%00%(upstream:short)%00%(objectname)%00%(upstream:track)%00%(upstream:remotename)%00%(upstream:remoteref) refs/heads/master refs/remotes/master [0ms]
2024-01-29 20:14:32.855 [info] > git status -z -uall [7ms]
2024-01-29 20:14:37.865 [info] > git config --get commit.template [4ms]
2024-01-29 20:14:37.866 [info] > git for-each-ref --format=%(refname)%00%(upstream:short)%00%(objectname)%00%(upstream:track)%00%(upstream:remotename)%00%(upstream:remoteref) refs/heads/master refs/remotes/master [2ms]
2024-01-29 20:14:37.874 [info] > git status -z -uall [6ms]
2024-01-29 20:14:42.885 [info] > git config --get commit.template [4ms]
2024-01-29 20:14:42.886 [info] > git for-each-ref --format=%(refname)%00%(upstream:short)%00%(objectname)%00%(upstream:track)%00%(upstream:remotename)%00%(upstream:remoteref) refs/heads/master refs/remotes/master [1ms]
2024-01-29 20:14:42.895 [info] > git status -z -uall [7ms]
2024-01-29 20:14:47.906 [info] > git config --get commit.template [1ms]
2024-01-29 20:14:47.912 [info] > git for-each-ref --format=%(refname)%00%(upstream:short)%00%(objectname)%00%(upstream:track)%00%(upstream:remotename)%00%(upstream:remoteref) refs/heads/master refs/remotes/master [1ms]
2024-01-29 20:14:47.923 [info] > git status -z -uall [8ms]
2024-01-29 20:14:54.036 [info] > git config --get commit.template [2ms]
2024-01-29 20:14:54.040 [info] > git for-each-ref --format=%(refname)%00%(upstream:short)%00%(objectname)%00%(upstream:track)%00%(upstream:remotename)%00%(upstream:remoteref) refs/heads/master refs/remotes/master [1ms]
2024-01-29 20:14:54.050 [info] > git status -z -uall [7ms]
2024-01-29 20:14:59.062 [info] > git config --get commit.template [4ms]
2024-01-29 20:14:59.062 [info] > git for-each-ref --format=%(refname)%00%(upstream:short)%00%(objectname)%00%(upstream:track)%00%(upstream:remotename)%00%(upstream:remoteref) refs/heads/master refs/remotes/master [0ms]
2024-01-29 20:14:59.072 [info] > git status -z -uall [7ms]
2024-01-29 20:15:04.087 [info] > git config --get commit.template [6ms]
2024-01-29 20:15:04.088 [info] > git for-each-ref --format=%(refname)%00%(upstream:short)%00%(objectname)%00%(upstream:track)%00%(upstream:remotename)%00%(upstream:remoteref) refs/heads/master refs/remotes/master [1ms]
2024-01-29 20:15:04.100 [info] > git status -z -uall [8ms]
2024-01-29 20:15:09.114 [info] > git config --get commit.template [4ms]
2024-01-29 20:15:09.114 [info] > git for-each-ref --format=%(refname)%00%(upstream:short)%00%(objectname)%00%(upstream:track)%00%(upstream:remotename)%00%(upstream:remoteref) refs/heads/master refs/remotes/master [1ms]
2024-01-29 20:15:09.124 [info] > git status -z -uall [7ms]
2024-01-29 20:15:14.135 [info] > git config --get commit.template [2ms]
2024-01-29 20:15:14.140 [info] > git for-each-ref --format=%(refname)%00%(upstream:short)%00%(objectname)%00%(upstream:track)%00%(upstream:remotename)%00%(upstream:remoteref) refs/heads/master refs/remotes/master [1ms]
2024-01-29 20:15:14.151 [info] > git status -z -uall [7ms]
2024-01-29 20:15:19.161 [info] > git config --get commit.template [1ms]
2024-01-29 20:15:19.165 [info] > git for-each-ref --format=%(refname)%00%(upstream:short)%00%(objectname)%00%(upstream:track)%00%(upstream:remotename)%00%(upstream:remoteref) refs/heads/master refs/remotes/master [1ms]
2024-01-29 20:15:19.175 [info] > git status -z -uall [7ms]
2024-01-29 20:15:24.185 [info] > git config --get commit.template [3ms]
2024-01-29 20:15:24.185 [info] > git for-each-ref --format=%(refname)%00%(upstream:short)%00%(objectname)%00%(upstream:track)%00%(upstream:remotename)%00%(upstream:remoteref) refs/heads/master refs/remotes/master [0ms]
2024-01-29 20:15:24.194 [info] > git status -z -uall [6ms]
2024-01-29 20:15:29.211 [info] > git config --get commit.template [6ms]
2024-01-29 20:15:29.211 [info] > git for-each-ref --format=%(refname)%00%(upstream:short)%00%(objectname)%00%(upstream:track)%00%(upstream:remotename)%00%(upstream:remoteref) refs/heads/master refs/remotes/master [1ms]
2024-01-29 20:15:29.221 [info] > git status -z -uall [7ms]
2024-01-29 20:15:34.230 [info] > git config --get commit.template [1ms]
2024-01-29 20:15:34.233 [info] > git for-each-ref --format=%(refname)%00%(upstream:short)%00%(objectname)%00%(upstream:track)%00%(upstream:remotename)%00%(upstream:remoteref) refs/heads/master refs/remotes/master [1ms]
2024-01-29 20:15:34.242 [info] > git status -z -uall [7ms]
2024-01-29 20:15:38.251 [info] > git ls-files --stage -- /home/msegfilph/workspace/database/activity_1.sql [1ms]
2024-01-29 20:15:38.254 [info] > git cat-file -s e4e4986c53aa028c84fedfda5e4db4653df0e91b [0ms]
2024-01-29 20:15:38.262 [info] > git show --textconv :workspace/database/activity_1.sql [1ms]
2024-01-29 20:15:39.259 [info] > git config --get commit.template [5ms]
2024-01-29 20:15:39.259 [info] > git for-each-ref --format=%(refname)%00%(upstream:short)%00%(objectname)%00%(upstream:track)%00%(upstream:remotename)%00%(upstream:remoteref) refs/heads/master refs/remotes/master [1ms]
2024-01-29 20:15:39.269 [info] > git status -z -uall [7ms]
2024-01-29 20:15:57.029 [info] > git config --get commit.template [3ms]
2024-01-29 20:15:57.030 [info] > git for-each-ref --format=%(refname)%00%(upstream:short)%00%(objectname)%00%(upstream:track)%00%(upstream:remotename)%00%(upstream:remoteref) refs/heads/master refs/remotes/master [1ms]
2024-01-29 20:15:57.041 [info] > git status -z -uall [8ms]
2024-01-29 20:16:02.047 [info] > git config --get commit.template [1ms]
2024-01-29 20:16:02.050 [info] > git for-each-ref --format=%(refname)%00%(upstream:short)%00%(objectname)%00%(upstream:track)%00%(upstream:remotename)%00%(upstream:remoteref) refs/heads/master refs/remotes/master [0ms]
2024-01-29 20:16:02.058 [info] > git status -z -uall [6ms]
2024-01-29 20:16:12.550 [info] > git config --get commit.template [4ms]
2024-01-29 20:16:12.550 [info] > git for-each-ref --format=%(refname)%00%(upstream:short)%00%(objectname)%00%(upstream:track)%00%(upstream:remotename)%00%(upstream:remoteref) refs/heads/master refs/remotes/master [1ms]
2024-01-29 20:16:12.561 [info] > git status -z -uall [8ms]
2024-01-29 20:16:17.571 [info] > git config --get commit.template [3ms]
2024-01-29 20:16:17.571 [info] > git for-each-ref --format=%(refname)%00%(upstream:short)%00%(objectname)%00%(upstream:track)%00%(upstream:remotename)%00%(upstream:remoteref) refs/heads/master refs/remotes/master [0ms]
2024-01-29 20:16:17.580 [info] > git status -z -uall [6ms]
2024-01-29 20:16:42.464 [info] > git config --get commit.template [0ms]
2024-01-29 20:16:42.468 [info] > git for-each-ref --format=%(refname)%00%(upstream:short)%00%(objectname)%00%(upstream:track)%00%(upstream:remotename)%00%(upstream:remoteref) refs/heads/master refs/remotes/master [1ms]
2024-01-29 20:16:42.478 [info] > git status -z -uall [6ms]
2024-01-29 20:18:57.606 [info] > git config --get commit.template [1ms]
2024-01-29 20:18:57.610 [info] > git for-each-ref --format=%(refname)%00%(upstream:short)%00%(objectname)%00%(upstream:track)%00%(upstream:remotename)%00%(upstream:remoteref) refs/heads/master refs/remotes/master [1ms]
2024-01-29 20:18:57.621 [info] > git status -z -uall [8ms]
2024-01-29 20:19:02.628 [info] > git config --get commit.template [2ms]
2024-01-29 20:19:02.632 [info] > git for-each-ref --format=%(refname)%00%(upstream:short)%00%(objectname)%00%(upstream:track)%00%(upstream:remotename)%00%(upstream:remoteref) refs/heads/master refs/remotes/master [1ms]
2024-01-29 20:19:02.641 [info] > git status -z -uall [6ms]
2024-01-29 20:19:08.936 [info] > git config --get commit.template [4ms]
2024-01-29 20:19:08.936 [info] > git for-each-ref --format=%(refname)%00%(upstream:short)%00%(objectname)%00%(upstream:track)%00%(upstream:remotename)%00%(upstream:remoteref) refs/heads/master refs/remotes/master [1ms]
2024-01-29 20:19:08.945 [info] > git status -z -uall [6ms]
2024-01-29 20:19:13.954 [info] > git config --get commit.template [1ms]
2024-01-29 20:19:13.959 [info] > git for-each-ref --format=%(refname)%00%(upstream:short)%00%(objectname)%00%(upstream:track)%00%(upstream:remotename)%00%(upstream:remoteref) refs/heads/master refs/remotes/master [2ms]
2024-01-29 20:19:13.968 [info] > git status -z -uall [6ms]
2024-01-29 20:19:18.978 [info] > git config --get commit.template [0ms]
2024-01-29 20:19:18.982 [info] > git for-each-ref --format=%(refname)%00%(upstream:short)%00%(objectname)%00%(upstream:track)%00%(upstream:remotename)%00%(upstream:remoteref) refs/heads/master refs/remotes/master [1ms]
2024-01-29 20:19:18.994 [info] > git status -z -uall [8ms]
2024-01-29 20:19:24.009 [info] > git config --get commit.template [4ms]
2024-01-29 20:19:24.009 [info] > git for-each-ref --format=%(refname)%00%(upstream:short)%00%(objectname)%00%(upstream:track)%00%(upstream:remotename)%00%(upstream:remoteref) refs/heads/master refs/remotes/master [1ms]
2024-01-29 20:19:24.019 [info] > git status -z -uall [6ms]
2024-01-29 20:19:29.033 [info] > git config --get commit.template [5ms]
2024-01-29 20:19:29.034 [info] > git for-each-ref --format=%(refname)%00%(upstream:short)%00%(objectname)%00%(upstream:track)%00%(upstream:remotename)%00%(upstream:remoteref) refs/heads/master refs/remotes/master [1ms]
2024-01-29 20:19:29.044 [info] > git status -z -uall [6ms]
2024-01-29 20:19:31.230 [info] > git ls-files --stage -- /home/msegfilph/workspace/database/activity_1.sql [2ms]
2024-01-29 20:19:31.234 [info] > git cat-file -s 3853163c4ba71a5cc7e3d4c49c9ccf8d0937f3c9 [1ms]
2024-01-29 20:19:31.241 [info] > git show --textconv :workspace/database/activity_1.sql [1ms]
2024-01-29 20:19:34.058 [info] > git config --get commit.template [2ms]
2024-01-29 20:19:34.066 [info] > git for-each-ref --format=%(refname)%00%(upstream:short)%00%(objectname)%00%(upstream:track)%00%(upstream:remotename)%00%(upstream:remoteref) refs/heads/master refs/remotes/master [1ms]
2024-01-29 20:19:34.075 [info] > git status -z -uall [6ms]
2024-01-29 20:19:39.080 [info] > git config --get commit.template [1ms]
2024-01-29 20:19:39.083 [info] > git for-each-ref --format=%(refname)%00%(upstream:short)%00%(objectname)%00%(upstream:track)%00%(upstream:remotename)%00%(upstream:remoteref) refs/heads/master refs/remotes/master [1ms]
2024-01-29 20:19:39.090 [info] > git status -z -uall [5ms]
2024-01-29 20:19:44.106 [info] > git config --get commit.template [6ms]
2024-01-29 20:19:44.107 [info] > git for-each-ref --format=%(refname)%00%(upstream:short)%00%(objectname)%00%(upstream:track)%00%(upstream:remotename)%00%(upstream:remoteref) refs/heads/master refs/remotes/master [2ms]
2024-01-29 20:19:44.118 [info] > git status -z -uall [7ms]
2024-01-29 20:19:49.134 [info] > git config --get commit.template [6ms]
2024-01-29 20:19:49.135 [info] > git for-each-ref --format=%(refname)%00%(upstream:short)%00%(objectname)%00%(upstream:track)%00%(upstream:remotename)%00%(upstream:remoteref) refs/heads/master refs/remotes/master [1ms]
2024-01-29 20:19:49.146 [info] > git status -z -uall [7ms]
2024-01-29 20:19:54.157 [info] > git config --get commit.template [3ms]
2024-01-29 20:19:54.161 [info] > git for-each-ref --format=%(refname)%00%(upstream:short)%00%(objectname)%00%(upstream:track)%00%(upstream:remotename)%00%(upstream:remoteref) refs/heads/master refs/remotes/master [1ms]
2024-01-29 20:19:54.171 [info] > git status -z -uall [7ms]
2024-01-29 20:19:59.179 [info] > git config --get commit.template [1ms]
2024-01-29 20:19:59.183 [info] > git for-each-ref --format=%(refname)%00%(upstream:short)%00%(objectname)%00%(upstream:track)%00%(upstream:remotename)%00%(upstream:remoteref) refs/heads/master refs/remotes/master [0ms]
2024-01-29 20:19:59.193 [info] > git status -z -uall [7ms]
2024-01-29 20:20:04.207 [info] > git config --get commit.template [5ms]
2024-01-29 20:20:04.207 [info] > git for-each-ref --format=%(refname)%00%(upstream:short)%00%(objectname)%00%(upstream:track)%00%(upstream:remotename)%00%(upstream:remoteref) refs/heads/master refs/remotes/master [1ms]
2024-01-29 20:20:04.216 [info] > git status -z -uall [6ms]
2024-01-29 20:20:09.234 [info] > git config --get commit.template [7ms]
2024-01-29 20:20:09.235 [info] > git for-each-ref --format=%(refname)%00%(upstream:short)%00%(objectname)%00%(upstream:track)%00%(upstream:remotename)%00%(upstream:remoteref) refs/heads/master refs/remotes/master [1ms]
2024-01-29 20:20:09.248 [info] > git status -z -uall [9ms]
2024-01-29 20:20:14.260 [info] > git config --get commit.template [3ms]
2024-01-29 20:20:14.264 [info] > git for-each-ref --format=%(refname)%00%(upstream:short)%00%(objectname)%00%(upstream:track)%00%(upstream:remotename)%00%(upstream:remoteref) refs/heads/master refs/remotes/master [1ms]
2024-01-29 20:20:14.273 [info] > git status -z -uall [6ms]
2024-01-29 20:20:19.290 [info] > git config --get commit.template [5ms]
2024-01-29 20:20:19.290 [info] > git for-each-ref --format=%(refname)%00%(upstream:short)%00%(objectname)%00%(upstream:track)%00%(upstream:remotename)%00%(upstream:remoteref) refs/heads/master refs/remotes/master [1ms]
2024-01-29 20:20:19.300 [info] > git status -z -uall [7ms]
2024-01-29 20:20:24.316 [info] > git config --get commit.template [6ms]
2024-01-29 20:20:24.316 [info] > git for-each-ref --format=%(refname)%00%(upstream:short)%00%(objectname)%00%(upstream:track)%00%(upstream:remotename)%00%(upstream:remoteref) refs/heads/master refs/remotes/master [2ms]
2024-01-29 20:20:24.325 [info] > git status -z -uall [6ms]
2024-01-29 20:20:29.335 [info] > git config --get commit.template [0ms]
2024-01-29 20:20:29.339 [info] > git for-each-ref --format=%(refname)%00%(upstream:short)%00%(objectname)%00%(upstream:track)%00%(upstream:remotename)%00%(upstream:remoteref) refs/heads/master refs/remotes/master [0ms]
2024-01-29 20:20:29.348 [info] > git status -z -uall [6ms]
2024-01-29 20:20:34.354 [info] > git config --get commit.template [0ms]
2024-01-29 20:20:34.356 [info] > git for-each-ref --format=%(refname)%00%(upstream:short)%00%(objectname)%00%(upstream:track)%00%(upstream:remotename)%00%(upstream:remoteref) refs/heads/master refs/remotes/master [0ms]
2024-01-29 20:20:34.365 [info] > git status -z -uall [6ms]
2024-01-29 20:20:39.378 [info] > git config --get commit.template [5ms]
2024-01-29 20:20:39.379 [info] > git for-each-ref --format=%(refname)%00%(upstream:short)%00%(objectname)%00%(upstream:track)%00%(upstream:remotename)%00%(upstream:remoteref) refs/heads/master refs/remotes/master [1ms]
2024-01-29 20:20:39.389 [info] > git status -z -uall [7ms]
2024-01-29 20:20:44.400 [info] > git config --get commit.template [1ms]
2024-01-29 20:20:44.406 [info] > git for-each-ref --format=%(refname)%00%(upstream:short)%00%(objectname)%00%(upstream:track)%00%(upstream:remotename)%00%(upstream:remoteref) refs/heads/master refs/remotes/master [2ms]
2024-01-29 20:20:44.416 [info] > git status -z -uall [7ms]
2024-01-29 20:20:49.437 [info] > git config --get commit.template [9ms]
2024-01-29 20:20:49.438 [info] > git for-each-ref --format=%(refname)%00%(upstream:short)%00%(objectname)%00%(upstream:track)%00%(upstream:remotename)%00%(upstream:remoteref) refs/heads/master refs/remotes/master [2ms]
2024-01-29 20:20:49.449 [info] > git status -z -uall [7ms]
2024-01-29 20:20:54.457 [info] > git config --get commit.template [3ms]
2024-01-29 20:20:54.458 [info] > git for-each-ref --format=%(refname)%00%(upstream:short)%00%(objectname)%00%(upstream:track)%00%(upstream:remotename)%00%(upstream:remoteref) refs/heads/master refs/remotes/master [1ms]
2024-01-29 20:20:54.466 [info] > git status -z -uall [5ms]
2024-01-29 20:20:59.482 [info] > git config --get commit.template [6ms]
2024-01-29 20:20:59.482 [info] > git for-each-ref --format=%(refname)%00%(upstream:short)%00%(objectname)%00%(upstream:track)%00%(upstream:remotename)%00%(upstream:remoteref) refs/heads/master refs/remotes/master [1ms]
2024-01-29 20:20:59.491 [info] > git status -z -uall [6ms]
2024-01-29 20:21:04.506 [info] > git config --get commit.template [5ms]
2024-01-29 20:21:04.506 [info] > git for-each-ref --format=%(refname)%00%(upstream:short)%00%(objectname)%00%(upstream:track)%00%(upstream:remotename)%00%(upstream:remoteref) refs/heads/master refs/remotes/master [1ms]
2024-01-29 20:21:04.516 [info] > git status -z -uall [7ms]
2024-01-29 20:21:09.531 [info] > git config --get commit.template [5ms]
2024-01-29 20:21:09.531 [info] > git for-each-ref --format=%(refname)%00%(upstream:short)%00%(objectname)%00%(upstream:track)%00%(upstream:remotename)%00%(upstream:remoteref) refs/heads/master refs/remotes/master [1ms]
2024-01-29 20:21:09.540 [info] > git status -z -uall [6ms]
2024-01-29 20:21:14.552 [info] > git config --get commit.template [1ms]
2024-01-29 20:21:14.557 [info] > git for-each-ref --format=%(refname)%00%(upstream:short)%00%(objectname)%00%(upstream:track)%00%(upstream:remotename)%00%(upstream:remoteref) refs/heads/master refs/remotes/master [1ms]
2024-01-29 20:21:14.566 [info] > git status -z -uall [6ms]
2024-01-29 20:21:19.572 [info] > git config --get commit.template [1ms]
2024-01-29 20:21:19.575 [info] > git for-each-ref --format=%(refname)%00%(upstream:short)%00%(objectname)%00%(upstream:track)%00%(upstream:remotename)%00%(upstream:remoteref) refs/heads/master refs/remotes/master [0ms]
2024-01-29 20:21:19.584 [info] > git status -z -uall [6ms]
2024-01-29 20:21:24.595 [info] > git config --get commit.template [2ms]
2024-01-29 20:21:24.599 [info] > git for-each-ref --format=%(refname)%00%(upstream:short)%00%(objectname)%00%(upstream:track)%00%(upstream:remotename)%00%(upstream:remoteref) refs/heads/master refs/remotes/master [0ms]
2024-01-29 20:21:24.609 [info] > git status -z -uall [7ms]
2024-01-29 20:21:29.619 [info] > git config --get commit.template [4ms]
2024-01-29 20:21:29.619 [info] > git for-each-ref --format=%(refname)%00%(upstream:short)%00%(objectname)%00%(upstream:track)%00%(upstream:remotename)%00%(upstream:remoteref) refs/heads/master refs/remotes/master [1ms]
2024-01-29 20:21:29.630 [info] > git status -z -uall [9ms]
2024-01-29 20:21:34.643 [info] > git config --get commit.template [2ms]
2024-01-29 20:21:34.648 [info] > git for-each-ref --format=%(refname)%00%(upstream:short)%00%(objectname)%00%(upstream:track)%00%(upstream:remotename)%00%(upstream:remoteref) refs/heads/master refs/remotes/master [0ms]
2024-01-29 20:21:34.655 [info] > git status -z -uall [5ms]
2024-01-29 20:21:39.673 [info] > git config --get commit.template [6ms]
2024-01-29 20:21:39.673 [info] > git for-each-ref --format=%(refname)%00%(upstream:short)%00%(objectname)%00%(upstream:track)%00%(upstream:remotename)%00%(upstream:remoteref) refs/heads/master refs/remotes/master [1ms]
2024-01-29 20:21:39.683 [info] > git status -z -uall [7ms]
2024-01-29 20:21:41.745 [info] > git ls-files --stage -- /home/msegfilph/workspace/database/activity_1.sql [1ms]
2024-01-29 20:21:41.748 [info] > git cat-file -s 3853163c4ba71a5cc7e3d4c49c9ccf8d0937f3c9 [1ms]
2024-01-29 20:21:41.755 [info] > git show --textconv :workspace/database/activity_1.sql [1ms]
2024-01-29 20:21:44.690 [info] > git config --get commit.template [0ms]
2024-01-29 20:21:44.694 [info] > git for-each-ref --format=%(refname)%00%(upstream:short)%00%(objectname)%00%(upstream:track)%00%(upstream:remotename)%00%(upstream:remoteref) refs/heads/master refs/remotes/master [1ms]
2024-01-29 20:21:44.702 [info] > git status -z -uall [6ms]
2024-01-29 20:21:49.721 [info] > git config --get commit.template [6ms]
2024-01-29 20:21:49.721 [info] > git for-each-ref --format=%(refname)%00%(upstream:short)%00%(objectname)%00%(upstream:track)%00%(upstream:remotename)%00%(upstream:remoteref) refs/heads/master refs/remotes/master [1ms]
2024-01-29 20:21:49.735 [info] > git status -z -uall [10ms]
2024-01-29 20:22:01.928 [info] > git config --get commit.template [9ms]
2024-01-29 20:22:01.928 [info] > git for-each-ref --format=%(refname)%00%(upstream:short)%00%(objectname)%00%(upstream:track)%00%(upstream:remotename)%00%(upstream:remoteref) refs/heads/master refs/remotes/master [1ms]
2024-01-29 20:22:01.946 [info] > git status -z -uall [13ms]
2024-01-29 20:23:20.670 [info] > git config --get commit.template [0ms]
2024-01-29 20:23:20.675 [info] > git for-each-ref --format=%(refname)%00%(upstream:short)%00%(objectname)%00%(upstream:track)%00%(upstream:remotename)%00%(upstream:remoteref) refs/heads/master refs/remotes/master [1ms]
2024-01-29 20:23:20.684 [info] > git status -z -uall [6ms]
2024-01-29 20:23:25.697 [info] > git config --get commit.template [3ms]
2024-01-29 20:23:25.703 [info] > git for-each-ref --format=%(refname)%00%(upstream:short)%00%(objectname)%00%(upstream:track)%00%(upstream:remotename)%00%(upstream:remoteref) refs/heads/master refs/remotes/master [1ms]
2024-01-29 20:23:25.714 [info] > git status -z -uall [8ms]
2024-01-29 20:28:04.250 [info] > git config --get commit.template [5ms]
2024-01-29 20:28:04.251 [info] > git for-each-ref --format=%(refname)%00%(upstream:short)%00%(objectname)%00%(upstream:track)%00%(upstream:remotename)%00%(upstream:remoteref) refs/heads/master refs/remotes/master [2ms]
2024-01-29 20:28:04.267 [info] > git status -z -uall [12ms]
2024-01-29 20:29:14.945 [info] > git config --get commit.template [0ms]
2024-01-29 20:29:14.952 [info] > git for-each-ref --format=%(refname)%00%(upstream:short)%00%(objectname)%00%(upstream:track)%00%(upstream:remotename)%00%(upstream:remoteref) refs/heads/master refs/remotes/master [2ms]
2024-01-29 20:29:14.962 [info] > git status -z -uall [7ms]
2024-01-29 20:29:19.978 [info] > git config --get commit.template [6ms]
2024-01-29 20:29:19.979 [info] > git for-each-ref --format=%(refname)%00%(upstream:short)%00%(objectname)%00%(upstream:track)%00%(upstream:remotename)%00%(upstream:remoteref) refs/heads/master refs/remotes/master [2ms]
2024-01-29 20:29:19.990 [info] > git status -z -uall [7ms]
2024-01-29 20:29:48.050 [info] > git config --get commit.template [5ms]
2024-01-29 20:29:48.051 [info] > git for-each-ref --format=%(refname)%00%(upstream:short)%00%(objectname)%00%(upstream:track)%00%(upstream:remotename)%00%(upstream:remoteref) refs/heads/master refs/remotes/master [1ms]
2024-01-29 20:29:48.062 [info] > git status -z -uall [6ms]
2024-01-29 20:29:53.858 [info] > git config --get commit.template [5ms]
2024-01-29 20:29:53.859 [info] > git for-each-ref --format=%(refname)%00%(upstream:short)%00%(objectname)%00%(upstream:track)%00%(upstream:remotename)%00%(upstream:remoteref) refs/heads/master refs/remotes/master [1ms]
2024-01-29 20:29:53.871 [info] > git status -z -uall [8ms]
2024-01-29 20:29:58.888 [info] > git config --get commit.template [7ms]
2024-01-29 20:29:58.888 [info] > git for-each-ref --format=%(refname)%00%(upstream:short)%00%(objectname)%00%(upstream:track)%00%(upstream:remotename)%00%(upstream:remoteref) refs/heads/master refs/remotes/master [1ms]
2024-01-29 20:29:58.901 [info] > git status -z -uall [8ms]
2024-01-29 20:30:04.282 [info] > git config --get commit.template [1ms]
2024-01-29 20:30:04.286 [info] > git for-each-ref --format=%(refname)%00%(upstream:short)%00%(objectname)%00%(upstream:track)%00%(upstream:remotename)%00%(upstream:remoteref) refs/heads/master refs/remotes/master [1ms]
2024-01-29 20:30:04.305 [info] > git status -z -uall [14ms]
2024-01-29 20:30:09.322 [info] > git config --get commit.template [5ms]
2024-01-29 20:30:09.322 [info] > git for-each-ref --format=%(refname)%00%(upstream:short)%00%(objectname)%00%(upstream:track)%00%(upstream:remotename)%00%(upstream:remoteref) refs/heads/master refs/remotes/master [1ms]
2024-01-29 20:30:09.336 [info] > git status -z -uall [9ms]
2024-01-29 20:30:24.718 [info] > git config --get commit.template [7ms]
2024-01-29 20:30:24.719 [info] > git for-each-ref --format=%(refname)%00%(upstream:short)%00%(objectname)%00%(upstream:track)%00%(upstream:remotename)%00%(upstream:remoteref) refs/heads/master refs/remotes/master [2ms]
2024-01-29 20:30:24.734 [info] > git status -z -uall [10ms]
2024-01-29 20:30:29.751 [info] > git config --get commit.template [5ms]
2024-01-29 20:30:29.752 [info] > git for-each-ref --format=%(refname)%00%(upstream:short)%00%(objectname)%00%(upstream:track)%00%(upstream:remotename)%00%(upstream:remoteref) refs/heads/master refs/remotes/master [0ms]
2024-01-29 20:30:29.762 [info] > git status -z -uall [7ms]
2024-01-29 20:31:06.001 [info] > git config --get commit.template [3ms]
2024-01-29 20:31:06.002 [info] > git for-each-ref --format=%(refname)%00%(upstream:short)%00%(objectname)%00%(upstream:track)%00%(upstream:remotename)%00%(upstream:remoteref) refs/heads/master refs/remotes/master [1ms]
2024-01-29 20:31:06.011 [info] > git status -z -uall [7ms]
2024-01-29 20:31:23.615 [info] > git config --get commit.template [9ms]
2024-01-29 20:31:23.616 [info] > git for-each-ref --format=%(refname)%00%(upstream:short)%00%(objectname)%00%(upstream:track)%00%(upstream:remotename)%00%(upstream:remoteref) refs/heads/master refs/remotes/master [2ms]
2024-01-29 20:31:23.631 [info] > git status -z -uall [8ms]
2024-01-29 20:41:11.914 [info] > git config --get commit.template [4ms]
2024-01-29 20:41:11.915 [info] > git for-each-ref --format=%(refname)%00%(upstream:short)%00%(objectname)%00%(upstream:track)%00%(upstream:remotename)%00%(upstream:remoteref) refs/heads/master refs/remotes/master [1ms]
2024-01-29 20:41:11.926 [info] > git status -z -uall [8ms]
2024-01-29 20:42:30.510 [info] > git config --get commit.template [0ms]
2024-01-29 20:42:30.516 [info] > git for-each-ref --format=%(refname)%00%(upstream:short)%00%(objectname)%00%(upstream:track)%00%(upstream:remotename)%00%(upstream:remoteref) refs/heads/master refs/remotes/master [1ms]
2024-01-29 20:42:30.526 [info] > git status -z -uall [7ms]
2024-01-29 20:43:28.001 [info] > git config --get commit.template [5ms]
2024-01-29 20:43:28.001 [info] > git for-each-ref --format=%(refname)%00%(upstream:short)%00%(objectname)%00%(upstream:track)%00%(upstream:remotename)%00%(upstream:remoteref) refs/heads/master refs/remotes/master [1ms]
2024-01-29 20:43:28.016 [info] > git status -z -uall [10ms]
2024-01-29 20:43:33.034 [info] > git for-each-ref --format=%(refname)%00%(upstream:short)%00%(objectname)%00%(upstream:track)%00%(upstream:remotename)%00%(upstream:remoteref) refs/heads/master refs/remotes/master [1ms]
2024-01-29 20:43:33.034 [info] > git config --get commit.template [6ms]
2024-01-29 20:43:33.045 [info] > git status -z -uall [7ms]
2024-01-29 20:43:38.052 [info] > git config --get commit.template [1ms]
2024-01-29 20:43:38.055 [info] > git for-each-ref --format=%(refname)%00%(upstream:short)%00%(objectname)%00%(upstream:track)%00%(upstream:remotename)%00%(upstream:remoteref) refs/heads/master refs/remotes/master [0ms]
2024-01-29 20:43:38.063 [info] > git status -z -uall [6ms]
2024-01-29 20:43:43.078 [info] > git config --get commit.template [5ms]
2024-01-29 20:43:43.078 [info] > git for-each-ref --format=%(refname)%00%(upstream:short)%00%(objectname)%00%(upstream:track)%00%(upstream:remotename)%00%(upstream:remoteref) refs/heads/master refs/remotes/master [1ms]
2024-01-29 20:43:43.088 [info] > git status -z -uall [7ms]
2024-01-29 20:43:48.100 [info] > git config --get commit.template [5ms]
2024-01-29 20:43:48.100 [info] > git for-each-ref --format=%(refname)%00%(upstream:short)%00%(objectname)%00%(upstream:track)%00%(upstream:remotename)%00%(upstream:remoteref) refs/heads/master refs/remotes/master [1ms]
2024-01-29 20:43:48.110 [info] > git status -z -uall [6ms]
2024-01-29 20:43:53.125 [info] > git config --get commit.template [5ms]
2024-01-29 20:43:53.126 [info] > git for-each-ref --format=%(refname)%00%(upstream:short)%00%(objectname)%00%(upstream:track)%00%(upstream:remotename)%00%(upstream:remoteref) refs/heads/master refs/remotes/master [0ms]
2024-01-29 20:43:53.135 [info] > git status -z -uall [6ms]
2024-01-29 20:43:58.146 [info] > git config --get commit.template [1ms]
2024-01-29 20:43:58.151 [info] > git for-each-ref --format=%(refname)%00%(upstream:short)%00%(objectname)%00%(upstream:track)%00%(upstream:remotename)%00%(upstream:remoteref) refs/heads/master refs/remotes/master [1ms]
2024-01-29 20:43:58.159 [info] > git status -z -uall [5ms]
2024-01-29 20:44:03.168 [info] > git config --get commit.template [2ms]
2024-01-29 20:44:03.173 [info] > git for-each-ref --format=%(refname)%00%(upstream:short)%00%(objectname)%00%(upstream:track)%00%(upstream:remotename)%00%(upstream:remoteref) refs/heads/master refs/remotes/master [1ms]
2024-01-29 20:44:03.182 [info] > git status -z -uall [7ms]
2024-01-29 20:44:08.196 [info] > git config --get commit.template [5ms]
2024-01-29 20:44:08.197 [info] > git for-each-ref --format=%(refname)%00%(upstream:short)%00%(objectname)%00%(upstream:track)%00%(upstream:remotename)%00%(upstream:remoteref) refs/heads/master refs/remotes/master [1ms]
2024-01-29 20:44:08.207 [info] > git status -z -uall [6ms]
2024-01-29 20:44:13.221 [info] > git config --get commit.template [6ms]
2024-01-29 20:44:13.221 [info] > git for-each-ref --format=%(refname)%00%(upstream:short)%00%(objectname)%00%(upstream:track)%00%(upstream:remotename)%00%(upstream:remoteref) refs/heads/master refs/remotes/master [1ms]
2024-01-29 20:44:13.236 [info] > git status -z -uall [6ms]
2024-01-29 20:44:18.252 [info] > git config --get commit.template [6ms]
2024-01-29 20:44:18.253 [info] > git for-each-ref --format=%(refname)%00%(upstream:short)%00%(objectname)%00%(upstream:track)%00%(upstream:remotename)%00%(upstream:remoteref) refs/heads/master refs/remotes/master [2ms]
2024-01-29 20:44:18.264 [info] > git status -z -uall [8ms]
2024-01-29 20:44:23.279 [info] > git config --get commit.template [5ms]
2024-01-29 20:44:23.279 [info] > git for-each-ref --format=%(refname)%00%(upstream:short)%00%(objectname)%00%(upstream:track)%00%(upstream:remotename)%00%(upstream:remoteref) refs/heads/master refs/remotes/master [1ms]
2024-01-29 20:44:23.289 [info] > git status -z -uall [7ms]
2024-01-29 20:44:28.300 [info] > git config --get commit.template [1ms]
2024-01-29 20:44:28.304 [info] > git for-each-ref --format=%(refname)%00%(upstream:short)%00%(objectname)%00%(upstream:track)%00%(upstream:remotename)%00%(upstream:remoteref) refs/heads/master refs/remotes/master [1ms]
2024-01-29 20:44:28.313 [info] > git status -z -uall [6ms]
2024-01-29 20:44:33.327 [info] > git config --get commit.template [5ms]
2024-01-29 20:44:33.327 [info] > git for-each-ref --format=%(refname)%00%(upstream:short)%00%(objectname)%00%(upstream:track)%00%(upstream:remotename)%00%(upstream:remoteref) refs/heads/master refs/remotes/master [1ms]
2024-01-29 20:44:33.341 [info] > git status -z -uall [9ms]
2024-01-29 20:44:38.350 [info] > git config --get commit.template [2ms]
2024-01-29 20:44:38.350 [info] > git for-each-ref --format=%(refname)%00%(upstream:short)%00%(objectname)%00%(upstream:track)%00%(upstream:remotename)%00%(upstream:remoteref) refs/heads/master refs/remotes/master [1ms]
2024-01-29 20:44:38.358 [info] > git status -z -uall [6ms]
2024-01-29 20:44:43.372 [info] > git config --get commit.template [5ms]
2024-01-29 20:44:43.372 [info] > git for-each-ref --format=%(refname)%00%(upstream:short)%00%(objectname)%00%(upstream:track)%00%(upstream:remotename)%00%(upstream:remoteref) refs/heads/master refs/remotes/master [1ms]
2024-01-29 20:44:43.383 [info] > git status -z -uall [8ms]
2024-01-29 20:44:48.392 [info] > git config --get commit.template [2ms]
2024-01-29 20:44:48.396 [info] > git for-each-ref --format=%(refname)%00%(upstream:short)%00%(objectname)%00%(upstream:track)%00%(upstream:remotename)%00%(upstream:remoteref) refs/heads/master refs/remotes/master [1ms]
2024-01-29 20:44:48.405 [info] > git status -z -uall [6ms]
2024-01-29 20:44:53.417 [info] > git config --get commit.template [3ms]
2024-01-29 20:44:53.417 [info] > git for-each-ref --format=%(refname)%00%(upstream:short)%00%(objectname)%00%(upstream:track)%00%(upstream:remotename)%00%(upstream:remoteref) refs/heads/master refs/remotes/master [1ms]
2024-01-29 20:44:53.425 [info] > git status -z -uall [5ms]
2024-01-29 20:44:58.438 [info] > git config --get commit.template [4ms]
2024-01-29 20:44:58.438 [info] > git for-each-ref --format=%(refname)%00%(upstream:short)%00%(objectname)%00%(upstream:track)%00%(upstream:remotename)%00%(upstream:remoteref) refs/heads/master refs/remotes/master [1ms]
2024-01-29 20:44:58.447 [info] > git status -z -uall [6ms]
2024-01-29 20:45:03.454 [info] > git config --get commit.template [0ms]
2024-01-29 20:45:03.459 [info] > git for-each-ref --format=%(refname)%00%(upstream:short)%00%(objectname)%00%(upstream:track)%00%(upstream:remotename)%00%(upstream:remoteref) refs/heads/master refs/remotes/master [1ms]
2024-01-29 20:45:03.468 [info] > git status -z -uall [6ms]
2024-01-29 20:45:08.482 [info] > git config --get commit.template [5ms]
2024-01-29 20:45:08.482 [info] > git for-each-ref --format=%(refname)%00%(upstream:short)%00%(objectname)%00%(upstream:track)%00%(upstream:remotename)%00%(upstream:remoteref) refs/heads/master refs/remotes/master [1ms]
2024-01-29 20:45:08.491 [info] > git status -z -uall [6ms]
2024-01-29 20:45:13.506 [info] > git config --get commit.template [6ms]
2024-01-29 20:45:13.507 [info] > git for-each-ref --format=%(refname)%00%(upstream:short)%00%(objectname)%00%(upstream:track)%00%(upstream:remotename)%00%(upstream:remoteref) refs/heads/master refs/remotes/master [2ms]
2024-01-29 20:45:13.517 [info] > git status -z -uall [7ms]
2024-01-29 20:45:18.526 [info] > git config --get commit.template [1ms]
2024-01-29 20:45:18.531 [info] > git for-each-ref --format=%(refname)%00%(upstream:short)%00%(objectname)%00%(upstream:track)%00%(upstream:remotename)%00%(upstream:remoteref) refs/heads/master refs/remotes/master [0ms]
2024-01-29 20:45:18.540 [info] > git status -z -uall [7ms]
2024-01-29 20:45:23.548 [info] > git config --get commit.template [2ms]
2024-01-29 20:45:23.548 [info] > git for-each-ref --format=%(refname)%00%(upstream:short)%00%(objectname)%00%(upstream:track)%00%(upstream:remotename)%00%(upstream:remoteref) refs/heads/master refs/remotes/master [1ms]
2024-01-29 20:45:23.556 [info] > git status -z -uall [6ms]
2024-01-29 20:45:28.569 [info] > git config --get commit.template [4ms]
2024-01-29 20:45:28.569 [info] > git for-each-ref --format=%(refname)%00%(upstream:short)%00%(objectname)%00%(upstream:track)%00%(upstream:remotename)%00%(upstream:remoteref) refs/heads/master refs/remotes/master [1ms]
2024-01-29 20:45:28.578 [info] > git status -z -uall [6ms]
2024-01-29 20:45:33.590 [info] > git config --get commit.template [4ms]
2024-01-29 20:45:33.590 [info] > git for-each-ref --format=%(refname)%00%(upstream:short)%00%(objectname)%00%(upstream:track)%00%(upstream:remotename)%00%(upstream:remoteref) refs/heads/master refs/remotes/master [1ms]
2024-01-29 20:45:33.598 [info] > git status -z -uall [6ms]
2024-01-29 20:45:38.608 [info] > git config --get commit.template [3ms]
2024-01-29 20:45:38.609 [info] > git for-each-ref --format=%(refname)%00%(upstream:short)%00%(objectname)%00%(upstream:track)%00%(upstream:remotename)%00%(upstream:remoteref) refs/heads/master refs/remotes/master [0ms]
2024-01-29 20:45:38.617 [info] > git status -z -uall [6ms]
2024-01-29 20:45:43.630 [info] > git config --get commit.template [3ms]
2024-01-29 20:45:43.635 [info] > git for-each-ref --format=%(refname)%00%(upstream:short)%00%(objectname)%00%(upstream:track)%00%(upstream:remotename)%00%(upstream:remoteref) refs/heads/master refs/remotes/master [1ms]
2024-01-29 20:45:43.646 [info] > git status -z -uall [8ms]
2024-01-29 20:45:48.655 [info] > git config --get commit.template [3ms]
2024-01-29 20:45:48.655 [info] > git for-each-ref --format=%(refname)%00%(upstream:short)%00%(objectname)%00%(upstream:track)%00%(upstream:remotename)%00%(upstream:remoteref) refs/heads/master refs/remotes/master [0ms]
2024-01-29 20:45:48.663 [info] > git status -z -uall [6ms]
2024-01-29 20:45:53.675 [info] > git config --get commit.template [4ms]
2024-01-29 20:45:53.676 [info] > git for-each-ref --format=%(refname)%00%(upstream:short)%00%(objectname)%00%(upstream:track)%00%(upstream:remotename)%00%(upstream:remoteref) refs/heads/master refs/remotes/master [1ms]
2024-01-29 20:45:53.685 [info] > git status -z -uall [6ms]
2024-01-29 20:45:59.288 [info] > git config --get commit.template [6ms]
2024-01-29 20:45:59.288 [info] > git for-each-ref --format=%(refname)%00%(upstream:short)%00%(objectname)%00%(upstream:track)%00%(upstream:remotename)%00%(upstream:remoteref) refs/heads/master refs/remotes/master [1ms]
2024-01-29 20:45:59.297 [info] > git status -z -uall [7ms]
2024-01-29 20:46:04.312 [info] > git config --get commit.template [5ms]
2024-01-29 20:46:04.312 [info] > git for-each-ref --format=%(refname)%00%(upstream:short)%00%(objectname)%00%(upstream:track)%00%(upstream:remotename)%00%(upstream:remoteref) refs/heads/master refs/remotes/master [1ms]
2024-01-29 20:46:04.322 [info] > git status -z -uall [7ms]
2024-01-29 20:46:09.333 [info] > git config --get commit.template [4ms]
2024-01-29 20:46:09.333 [info] > git for-each-ref --format=%(refname)%00%(upstream:short)%00%(objectname)%00%(upstream:track)%00%(upstream:remotename)%00%(upstream:remoteref) refs/heads/master refs/remotes/master [1ms]
2024-01-29 20:46:09.341 [info] > git status -z -uall [6ms]
2024-01-29 20:46:14.355 [info] > git config --get commit.template [4ms]
2024-01-29 20:46:14.356 [info] > git for-each-ref --format=%(refname)%00%(upstream:short)%00%(objectname)%00%(upstream:track)%00%(upstream:remotename)%00%(upstream:remoteref) refs/heads/master refs/remotes/master [1ms]
2024-01-29 20:46:14.365 [info] > git status -z -uall [5ms]
2024-01-29 20:46:19.378 [info] > git config --get commit.template [4ms]
2024-01-29 20:46:19.378 [info] > git for-each-ref --format=%(refname)%00%(upstream:short)%00%(objectname)%00%(upstream:track)%00%(upstream:remotename)%00%(upstream:remoteref) refs/heads/master refs/remotes/master [1ms]
2024-01-29 20:46:19.387 [info] > git status -z -uall [6ms]
2024-01-29 20:46:24.399 [info] > git config --get commit.template [2ms]
2024-01-29 20:46:24.404 [info] > git for-each-ref --format=%(refname)%00%(upstream:short)%00%(objectname)%00%(upstream:track)%00%(upstream:remotename)%00%(upstream:remoteref) refs/heads/master refs/remotes/master [1ms]
2024-01-29 20:46:24.413 [info] > git status -z -uall [7ms]
2024-01-29 20:46:29.420 [info] > git config --get commit.template [1ms]
2024-01-29 20:46:29.423 [info] > git for-each-ref --format=%(refname)%00%(upstream:short)%00%(objectname)%00%(upstream:track)%00%(upstream:remotename)%00%(upstream:remoteref) refs/heads/master refs/remotes/master [0ms]
2024-01-29 20:46:29.432 [info] > git status -z -uall [6ms]
2024-01-29 20:46:34.444 [info] > git config --get commit.template [4ms]
2024-01-29 20:46:34.444 [info] > git for-each-ref --format=%(refname)%00%(upstream:short)%00%(objectname)%00%(upstream:track)%00%(upstream:remotename)%00%(upstream:remoteref) refs/heads/master refs/remotes/master [0ms]
2024-01-29 20:46:34.452 [info] > git status -z -uall [5ms]
2024-01-29 20:46:39.467 [info] > git config --get commit.template [3ms]
2024-01-29 20:46:39.467 [info] > git for-each-ref --format=%(refname)%00%(upstream:short)%00%(objectname)%00%(upstream:track)%00%(upstream:remotename)%00%(upstream:remoteref) refs/heads/master refs/remotes/master [1ms]
2024-01-29 20:46:39.476 [info] > git status -z -uall [7ms]
2024-01-29 20:46:44.485 [info] > git config --get commit.template [4ms]
2024-01-29 20:46:44.485 [info] > git for-each-ref --format=%(refname)%00%(upstream:short)%00%(objectname)%00%(upstream:track)%00%(upstream:remotename)%00%(upstream:remoteref) refs/heads/master refs/remotes/master [1ms]
2024-01-29 20:46:44.493 [info] > git status -z -uall [6ms]
2024-01-29 20:46:49.501 [info] > git config --get commit.template [0ms]
2024-01-29 20:46:49.504 [info] > git for-each-ref --format=%(refname)%00%(upstream:short)%00%(objectname)%00%(upstream:track)%00%(upstream:remotename)%00%(upstream:remoteref) refs/heads/master refs/remotes/master [1ms]
2024-01-29 20:46:49.512 [info] > git status -z -uall [6ms]
2024-01-29 20:46:54.526 [info] > git config --get commit.template [5ms]
2024-01-29 20:46:54.527 [info] > git for-each-ref --format=%(refname)%00%(upstream:short)%00%(objectname)%00%(upstream:track)%00%(upstream:remotename)%00%(upstream:remoteref) refs/heads/master refs/remotes/master [1ms]
2024-01-29 20:46:54.536 [info] > git status -z -uall [7ms]
2024-01-29 20:46:59.548 [info] > git config --get commit.template [4ms]
2024-01-29 20:46:59.549 [info] > git for-each-ref --format=%(refname)%00%(upstream:short)%00%(objectname)%00%(upstream:track)%00%(upstream:remotename)%00%(upstream:remoteref) refs/heads/master refs/remotes/master [0ms]
2024-01-29 20:46:59.558 [info] > git status -z -uall [6ms]
2024-01-29 20:47:04.566 [info] > git config --get commit.template [1ms]
2024-01-29 20:47:04.569 [info] > git for-each-ref --format=%(refname)%00%(upstream:short)%00%(objectname)%00%(upstream:track)%00%(upstream:remotename)%00%(upstream:remoteref) refs/heads/master refs/remotes/master [0ms]
2024-01-29 20:47:04.578 [info] > git status -z -uall [6ms]
2024-01-29 20:47:09.589 [info] > git config --get commit.template [2ms]
2024-01-29 20:47:09.593 [info] > git for-each-ref --format=%(refname)%00%(upstream:short)%00%(objectname)%00%(upstream:track)%00%(upstream:remotename)%00%(upstream:remoteref) refs/heads/master refs/remotes/master [0ms]
2024-01-29 20:47:09.604 [info] > git status -z -uall [8ms]
2024-01-29 20:47:14.617 [info] > git config --get commit.template [4ms]
2024-01-29 20:47:14.617 [info] > git for-each-ref --format=%(refname)%00%(upstream:short)%00%(objectname)%00%(upstream:track)%00%(upstream:remotename)%00%(upstream:remoteref) refs/heads/master refs/remotes/master [0ms]
2024-01-29 20:47:14.626 [info] > git status -z -uall [6ms]
2024-01-29 20:47:19.637 [info] > git config --get commit.template [2ms]
2024-01-29 20:47:19.642 [info] > git for-each-ref --format=%(refname)%00%(upstream:short)%00%(objectname)%00%(upstream:track)%00%(upstream:remotename)%00%(upstream:remoteref) refs/heads/master refs/remotes/master [1ms]
2024-01-29 20:47:19.653 [info] > git status -z -uall [8ms]
2024-01-29 20:47:24.663 [info] > git config --get commit.template [4ms]
2024-01-29 20:47:24.664 [info] > git for-each-ref --format=%(refname)%00%(upstream:short)%00%(objectname)%00%(upstream:track)%00%(upstream:remotename)%00%(upstream:remoteref) refs/heads/master refs/remotes/master [1ms]
2024-01-29 20:47:24.676 [info] > git status -z -uall [9ms]
2024-01-29 20:47:29.691 [info] > git config --get commit.template [5ms]
2024-01-29 20:47:29.691 [info] > git for-each-ref --format=%(refname)%00%(upstream:short)%00%(objectname)%00%(upstream:track)%00%(upstream:remotename)%00%(upstream:remoteref) refs/heads/master refs/remotes/master [1ms]
2024-01-29 20:47:29.701 [info] > git status -z -uall [7ms]
2024-01-29 20:47:34.714 [info] > git config --get commit.template [4ms]
2024-01-29 20:47:34.715 [info] > git for-each-ref --format=%(refname)%00%(upstream:short)%00%(objectname)%00%(upstream:track)%00%(upstream:remotename)%00%(upstream:remoteref) refs/heads/master refs/remotes/master [1ms]
2024-01-29 20:47:34.726 [info] > git status -z -uall [8ms]
2024-01-29 20:47:39.739 [info] > git config --get commit.template [4ms]
2024-01-29 20:47:39.739 [info] > git for-each-ref --format=%(refname)%00%(upstream:short)%00%(objectname)%00%(upstream:track)%00%(upstream:remotename)%00%(upstream:remoteref) refs/heads/master refs/remotes/master [1ms]
2024-01-29 20:47:39.749 [info] > git status -z -uall [7ms]
2024-01-29 20:47:44.760 [info] > git config --get commit.template [1ms]
2024-01-29 20:47:44.765 [info] > git for-each-ref --format=%(refname)%00%(upstream:short)%00%(objectname)%00%(upstream:track)%00%(upstream:remotename)%00%(upstream:remoteref) refs/heads/master refs/remotes/master [1ms]
2024-01-29 20:47:44.775 [info] > git status -z -uall [6ms]
2024-01-29 20:47:49.789 [info] > git config --get commit.template [5ms]
2024-01-29 20:47:49.789 [info] > git for-each-ref --format=%(refname)%00%(upstream:short)%00%(objectname)%00%(upstream:track)%00%(upstream:remotename)%00%(upstream:remoteref) refs/heads/master refs/remotes/master [1ms]
2024-01-29 20:47:49.799 [info] > git status -z -uall [7ms]
2024-01-29 20:47:54.814 [info] > git config --get commit.template [6ms]
2024-01-29 20:47:54.814 [info] > git for-each-ref --format=%(refname)%00%(upstream:short)%00%(objectname)%00%(upstream:track)%00%(upstream:remotename)%00%(upstream:remoteref) refs/heads/master refs/remotes/master [1ms]
2024-01-29 20:47:54.826 [info] > git status -z -uall [9ms]
2024-01-29 20:47:59.841 [info] > git config --get commit.template [6ms]
2024-01-29 20:47:59.841 [info] > git for-each-ref --format=%(refname)%00%(upstream:short)%00%(objectname)%00%(upstream:track)%00%(upstream:remotename)%00%(upstream:remoteref) refs/heads/master refs/remotes/master [1ms]
2024-01-29 20:47:59.853 [info] > git status -z -uall [7ms]
2024-01-29 20:48:04.862 [info] > git config --get commit.template [1ms]
2024-01-29 20:48:04.867 [info] > git for-each-ref --format=%(refname)%00%(upstream:short)%00%(objectname)%00%(upstream:track)%00%(upstream:remotename)%00%(upstream:remoteref) refs/heads/master refs/remotes/master [1ms]
2024-01-29 20:48:04.876 [info] > git status -z -uall [6ms]
2024-01-29 20:48:09.887 [info] > git config --get commit.template [6ms]
2024-01-29 20:48:09.888 [info] > git for-each-ref --format=%(refname)%00%(upstream:short)%00%(objectname)%00%(upstream:track)%00%(upstream:remotename)%00%(upstream:remoteref) refs/heads/master refs/remotes/master [2ms]
2024-01-29 20:48:09.899 [info] > git status -z -uall [8ms]
2024-01-29 20:48:14.910 [info] > git config --get commit.template [4ms]
2024-01-29 20:48:14.911 [info] > git for-each-ref --format=%(refname)%00%(upstream:short)%00%(objectname)%00%(upstream:track)%00%(upstream:remotename)%00%(upstream:remoteref) refs/heads/master refs/remotes/master [1ms]
2024-01-29 20:48:14.920 [info] > git status -z -uall [6ms]
2024-01-29 20:48:19.931 [info] > git config --get commit.template [3ms]
2024-01-29 20:48:19.931 [info] > git for-each-ref --format=%(refname)%00%(upstream:short)%00%(objectname)%00%(upstream:track)%00%(upstream:remotename)%00%(upstream:remoteref) refs/heads/master refs/remotes/master [0ms]
2024-01-29 20:48:19.939 [info] > git status -z -uall [5ms]
2024-01-29 20:48:24.953 [info] > git config --get commit.template [6ms]
2024-01-29 20:48:24.953 [info] > git for-each-ref --format=%(refname)%00%(upstream:short)%00%(objectname)%00%(upstream:track)%00%(upstream:remotename)%00%(upstream:remoteref) refs/heads/master refs/remotes/master [1ms]
2024-01-29 20:48:24.963 [info] > git status -z -uall [6ms]
2024-01-29 20:48:29.974 [info] > git config --get commit.template [4ms]
2024-01-29 20:48:29.974 [info] > git for-each-ref --format=%(refname)%00%(upstream:short)%00%(objectname)%00%(upstream:track)%00%(upstream:remotename)%00%(upstream:remoteref) refs/heads/master refs/remotes/master [1ms]
2024-01-29 20:48:29.982 [info] > git status -z -uall [5ms]
2024-01-29 20:48:34.992 [info] > git config --get commit.template [4ms]
2024-01-29 20:48:34.992 [info] > git for-each-ref --format=%(refname)%00%(upstream:short)%00%(objectname)%00%(upstream:track)%00%(upstream:remotename)%00%(upstream:remoteref) refs/heads/master refs/remotes/master [0ms]
2024-01-29 20:48:35.000 [info] > git status -z -uall [5ms]
2024-01-29 20:48:40.011 [info] > git config --get commit.template [3ms]
2024-01-29 20:48:40.016 [info] > git for-each-ref --format=%(refname)%00%(upstream:short)%00%(objectname)%00%(upstream:track)%00%(upstream:remotename)%00%(upstream:remoteref) refs/heads/master refs/remotes/master [1ms]
2024-01-29 20:48:40.026 [info] > git status -z -uall [7ms]
2024-01-29 20:48:45.038 [info] > git config --get commit.template [4ms]
2024-01-29 20:48:45.039 [info] > git for-each-ref --format=%(refname)%00%(upstream:short)%00%(objectname)%00%(upstream:track)%00%(upstream:remotename)%00%(upstream:remoteref) refs/heads/master refs/remotes/master [2ms]
2024-01-29 20:48:45.047 [info] > git status -z -uall [6ms]
2024-01-29 20:48:50.061 [info] > git config --get commit.template [5ms]
2024-01-29 20:48:50.062 [info] > git for-each-ref --format=%(refname)%00%(upstream:short)%00%(objectname)%00%(upstream:track)%00%(upstream:remotename)%00%(upstream:remoteref) refs/heads/master refs/remotes/master [1ms]
2024-01-29 20:48:50.071 [info] > git status -z -uall [6ms]
2024-01-29 20:48:55.088 [info] > git config --get commit.template [7ms]
2024-01-29 20:48:55.088 [info] > git for-each-ref --format=%(refname)%00%(upstream:short)%00%(objectname)%00%(upstream:track)%00%(upstream:remotename)%00%(upstream:remoteref) refs/heads/master refs/remotes/master [2ms]
2024-01-29 20:48:55.097 [info] > git status -z -uall [6ms]
2024-01-29 20:49:00.108 [info] > git config --get commit.template [2ms]
2024-01-29 20:49:00.111 [info] > git for-each-ref --format=%(refname)%00%(upstream:short)%00%(objectname)%00%(upstream:track)%00%(upstream:remotename)%00%(upstream:remoteref) refs/heads/master refs/remotes/master [0ms]
2024-01-29 20:49:00.121 [info] > git status -z -uall [6ms]
2024-01-29 20:49:05.136 [info] > git config --get commit.template [5ms]
2024-01-29 20:49:05.137 [info] > git for-each-ref --format=%(refname)%00%(upstream:short)%00%(objectname)%00%(upstream:track)%00%(upstream:remotename)%00%(upstream:remoteref) refs/heads/master refs/remotes/master [1ms]
2024-01-29 20:49:05.145 [info] > git status -z -uall [6ms]
2024-01-29 20:49:10.159 [info] > git config --get commit.template [4ms]
2024-01-29 20:49:10.159 [info] > git for-each-ref --format=%(refname)%00%(upstream:short)%00%(objectname)%00%(upstream:track)%00%(upstream:remotename)%00%(upstream:remoteref) refs/heads/master refs/remotes/master [0ms]
2024-01-29 20:49:10.169 [info] > git status -z -uall [7ms]
2024-01-29 20:49:15.183 [info] > git config --get commit.template [5ms]
2024-01-29 20:49:15.183 [info] > git for-each-ref --format=%(refname)%00%(upstream:short)%00%(objectname)%00%(upstream:track)%00%(upstream:remotename)%00%(upstream:remoteref) refs/heads/master refs/remotes/master [1ms]
2024-01-29 20:49:15.192 [info] > git status -z -uall [6ms]
2024-01-29 20:49:20.203 [info] > git config --get commit.template [1ms]
2024-01-29 20:49:20.210 [info] > git for-each-ref --format=%(refname)%00%(upstream:short)%00%(objectname)%00%(upstream:track)%00%(upstream:remotename)%00%(upstream:remoteref) refs/heads/master refs/remotes/master [2ms]
2024-01-29 20:49:20.222 [info] > git status -z -uall [7ms]
2024-01-29 20:49:25.233 [info] > git config --get commit.template [4ms]
2024-01-29 20:49:25.233 [info] > git for-each-ref --format=%(refname)%00%(upstream:short)%00%(objectname)%00%(upstream:track)%00%(upstream:remotename)%00%(upstream:remoteref) refs/heads/master refs/remotes/master [0ms]
2024-01-29 20:49:25.241 [info] > git status -z -uall [5ms]
2024-01-29 20:49:30.254 [info] > git config --get commit.template [4ms]
2024-01-29 20:49:30.254 [info] > git for-each-ref --format=%(refname)%00%(upstream:short)%00%(objectname)%00%(upstream:track)%00%(upstream:remotename)%00%(upstream:remoteref) refs/heads/master refs/remotes/master [0ms]
2024-01-29 20:49:30.262 [info] > git status -z -uall [5ms]
2024-01-29 20:49:35.267 [info] > git config --get commit.template [1ms]
2024-01-29 20:49:35.274 [info] > git for-each-ref --format=%(refname)%00%(upstream:short)%00%(objectname)%00%(upstream:track)%00%(upstream:remotename)%00%(upstream:remoteref) refs/heads/master refs/remotes/master [2ms]
2024-01-29 20:49:35.287 [info] > git status -z -uall [7ms]
2024-01-29 20:49:40.294 [info] > git config --get commit.template [0ms]
2024-01-29 20:49:40.297 [info] > git for-each-ref --format=%(refname)%00%(upstream:short)%00%(objectname)%00%(upstream:track)%00%(upstream:remotename)%00%(upstream:remoteref) refs/heads/master refs/remotes/master [0ms]
2024-01-29 20:49:40.305 [info] > git status -z -uall [6ms]
2024-01-29 20:49:45.315 [info] > git config --get commit.template [1ms]
2024-01-29 20:49:45.318 [info] > git for-each-ref --format=%(refname)%00%(upstream:short)%00%(objectname)%00%(upstream:track)%00%(upstream:remotename)%00%(upstream:remoteref) refs/heads/master refs/remotes/master [0ms]
2024-01-29 20:49:45.327 [info] > git status -z -uall [6ms]
2024-01-29 20:49:50.334 [info] > git config --get commit.template [3ms]
2024-01-29 20:49:50.334 [info] > git for-each-ref --format=%(refname)%00%(upstream:short)%00%(objectname)%00%(upstream:track)%00%(upstream:remotename)%00%(upstream:remoteref) refs/heads/master refs/remotes/master [1ms]
2024-01-29 20:49:50.341 [info] > git status -z -uall [4ms]
2024-01-29 20:49:55.353 [info] > git config --get commit.template [5ms]
2024-01-29 20:49:55.353 [info] > git for-each-ref --format=%(refname)%00%(upstream:short)%00%(objectname)%00%(upstream:track)%00%(upstream:remotename)%00%(upstream:remoteref) refs/heads/master refs/remotes/master [1ms]
2024-01-29 20:49:55.362 [info] > git status -z -uall [6ms]
2024-01-29 20:50:00.370 [info] > git config --get commit.template [3ms]
2024-01-29 20:50:00.370 [info] > git for-each-ref --format=%(refname)%00%(upstream:short)%00%(objectname)%00%(upstream:track)%00%(upstream:remotename)%00%(upstream:remoteref) refs/heads/master refs/remotes/master [0ms]
2024-01-29 20:50:00.378 [info] > git status -z -uall [5ms]
2024-01-29 20:50:05.387 [info] > git config --get commit.template [4ms]
2024-01-29 20:50:05.387 [info] > git for-each-ref --format=%(refname)%00%(upstream:short)%00%(objectname)%00%(upstream:track)%00%(upstream:remotename)%00%(upstream:remoteref) refs/heads/master refs/remotes/master [1ms]
2024-01-29 20:50:05.395 [info] > git status -z -uall [6ms]
2024-01-29 20:50:10.407 [info] > git config --get commit.template [4ms]
2024-01-29 20:50:10.407 [info] > git for-each-ref --format=%(refname)%00%(upstream:short)%00%(objectname)%00%(upstream:track)%00%(upstream:remotename)%00%(upstream:remoteref) refs/heads/master refs/remotes/master [0ms]
2024-01-29 20:50:10.415 [info] > git status -z -uall [5ms]
2024-01-29 20:50:15.423 [info] > git config --get commit.template [1ms]
2024-01-29 20:50:15.426 [info] > git for-each-ref --format=%(refname)%00%(upstream:short)%00%(objectname)%00%(upstream:track)%00%(upstream:remotename)%00%(upstream:remoteref) refs/heads/master refs/remotes/master [1ms]
2024-01-29 20:50:15.433 [info] > git status -z -uall [5ms]
2024-01-29 20:50:20.443 [info] > git config --get commit.template [4ms]
2024-01-29 20:50:20.443 [info] > git for-each-ref --format=%(refname)%00%(upstream:short)%00%(objectname)%00%(upstream:track)%00%(upstream:remotename)%00%(upstream:remoteref) refs/heads/master refs/remotes/master [1ms]
2024-01-29 20:50:20.451 [info] > git status -z -uall [6ms]
2024-01-29 20:50:25.457 [info] > git config --get commit.template [1ms]
2024-01-29 20:50:25.461 [info] > git for-each-ref --format=%(refname)%00%(upstream:short)%00%(objectname)%00%(upstream:track)%00%(upstream:remotename)%00%(upstream:remoteref) refs/heads/master refs/remotes/master [1ms]
2024-01-29 20:50:25.470 [info] > git status -z -uall [6ms]
2024-01-29 20:50:30.480 [info] > git config --get commit.template [3ms]
2024-01-29 20:50:30.480 [info] > git for-each-ref --format=%(refname)%00%(upstream:short)%00%(objectname)%00%(upstream:track)%00%(upstream:remotename)%00%(upstream:remoteref) refs/heads/master refs/remotes/master [1ms]
2024-01-29 20:50:30.488 [info] > git status -z -uall [6ms]
2024-01-29 20:50:35.496 [info] > git config --get commit.template [1ms]
2024-01-29 20:50:35.500 [info] > git for-each-ref --format=%(refname)%00%(upstream:short)%00%(objectname)%00%(upstream:track)%00%(upstream:remotename)%00%(upstream:remoteref) refs/heads/master refs/remotes/master [0ms]
2024-01-29 20:50:35.508 [info] > git status -z -uall [6ms]
2024-01-29 20:50:40.520 [info] > git config --get commit.template [4ms]
2024-01-29 20:50:40.521 [info] > git for-each-ref --format=%(refname)%00%(upstream:short)%00%(objectname)%00%(upstream:track)%00%(upstream:remotename)%00%(upstream:remoteref) refs/heads/master refs/remotes/master [1ms]
2024-01-29 20:50:40.530 [info] > git status -z -uall [7ms]
2024-01-29 20:50:45.540 [info] > git config --get commit.template [4ms]
2024-01-29 20:50:45.540 [info] > git for-each-ref --format=%(refname)%00%(upstream:short)%00%(objectname)%00%(upstream:track)%00%(upstream:remotename)%00%(upstream:remoteref) refs/heads/master refs/remotes/master [0ms]
2024-01-29 20:50:45.548 [info] > git status -z -uall [5ms]
2024-01-29 20:50:54.556 [info] > git config --get commit.template [3ms]
2024-01-29 20:50:54.557 [info] > git for-each-ref --format=%(refname)%00%(upstream:short)%00%(objectname)%00%(upstream:track)%00%(upstream:remotename)%00%(upstream:remoteref) refs/heads/master refs/remotes/master [2ms]
2024-01-29 20:50:54.569 [info] > git status -z -uall [7ms]
2024-01-29 20:50:59.580 [info] > git config --get commit.template [3ms]
2024-01-29 20:50:59.584 [info] > git for-each-ref --format=%(refname)%00%(upstream:short)%00%(objectname)%00%(upstream:track)%00%(upstream:remotename)%00%(upstream:remoteref) refs/heads/master refs/remotes/master [0ms]
2024-01-29 20:50:59.593 [info] > git status -z -uall [6ms]
2024-01-29 20:51:04.601 [info] > git config --get commit.template [3ms]
2024-01-29 20:51:04.601 [info] > git for-each-ref --format=%(refname)%00%(upstream:short)%00%(objectname)%00%(upstream:track)%00%(upstream:remotename)%00%(upstream:remoteref) refs/heads/master refs/remotes/master [0ms]
2024-01-29 20:51:04.608 [info] > git status -z -uall [5ms]
2024-01-29 20:51:09.623 [info] > git config --get commit.template [5ms]
2024-01-29 20:51:09.623 [info] > git for-each-ref --format=%(refname)%00%(upstream:short)%00%(objectname)%00%(upstream:track)%00%(upstream:remotename)%00%(upstream:remoteref) refs/heads/master refs/remotes/master [1ms]
2024-01-29 20:51:09.633 [info] > git status -z -uall [7ms]
2024-01-29 20:51:14.648 [info] > git config --get commit.template [5ms]
2024-01-29 20:51:14.648 [info] > git for-each-ref --format=%(refname)%00%(upstream:short)%00%(objectname)%00%(upstream:track)%00%(upstream:remotename)%00%(upstream:remoteref) refs/heads/master refs/remotes/master [1ms]
2024-01-29 20:51:14.658 [info] > git status -z -uall [7ms]
2024-01-29 20:51:19.671 [info] > git config --get commit.template [4ms]
2024-01-29 20:51:19.671 [info] > git for-each-ref --format=%(refname)%00%(upstream:short)%00%(objectname)%00%(upstream:track)%00%(upstream:remotename)%00%(upstream:remoteref) refs/heads/master refs/remotes/master [0ms]
2024-01-29 20:51:19.679 [info] > git status -z -uall [5ms]
2024-01-29 20:51:24.693 [info] > git config --get commit.template [5ms]
2024-01-29 20:51:24.693 [info] > git for-each-ref --format=%(refname)%00%(upstream:short)%00%(objectname)%00%(upstream:track)%00%(upstream:remotename)%00%(upstream:remoteref) refs/heads/master refs/remotes/master [1ms]
2024-01-29 20:51:24.704 [info] > git status -z -uall [7ms]
2024-01-29 20:51:29.720 [info] > git config --get commit.template [7ms]
2024-01-29 20:51:29.720 [info] > git for-each-ref --format=%(refname)%00%(upstream:short)%00%(objectname)%00%(upstream:track)%00%(upstream:remotename)%00%(upstream:remoteref) refs/heads/master refs/remotes/master [2ms]
2024-01-29 20:51:29.730 [info] > git status -z -uall [7ms]
2024-01-29 20:51:34.745 [info] > git config --get commit.template [5ms]
2024-01-29 20:51:34.746 [info] > git for-each-ref --format=%(refname)%00%(upstream:short)%00%(objectname)%00%(upstream:track)%00%(upstream:remotename)%00%(upstream:remoteref) refs/heads/master refs/remotes/master [1ms]
2024-01-29 20:51:34.756 [info] > git status -z -uall [7ms]
2024-01-29 20:51:39.772 [info] > git config --get commit.template [5ms]
2024-01-29 20:51:39.772 [info] > git for-each-ref --format=%(refname)%00%(upstream:short)%00%(objectname)%00%(upstream:track)%00%(upstream:remotename)%00%(upstream:remoteref) refs/heads/master refs/remotes/master [1ms]
2024-01-29 20:51:39.783 [info] > git status -z -uall [8ms]
2024-01-29 20:51:44.796 [info] > git config --get commit.template [1ms]
2024-01-29 20:51:44.801 [info] > git for-each-ref --format=%(refname)%00%(upstream:short)%00%(objectname)%00%(upstream:track)%00%(upstream:remotename)%00%(upstream:remoteref) refs/heads/master refs/remotes/master [1ms]
2024-01-29 20:51:44.811 [info] > git status -z -uall [7ms]
2024-01-29 20:51:49.822 [info] > git config --get commit.template [2ms]
2024-01-29 20:51:49.827 [info] > git for-each-ref --format=%(refname)%00%(upstream:short)%00%(objectname)%00%(upstream:track)%00%(upstream:remotename)%00%(upstream:remoteref) refs/heads/master refs/remotes/master [1ms]
2024-01-29 20:51:49.837 [info] > git status -z -uall [7ms]
2024-01-29 20:51:53.481 [info] > git ls-files --stage -- /home/msegfilph/workspace/database/activity_1.sql [0ms]
2024-01-29 20:51:53.484 [info] > git cat-file -s 21f197f534b595fbf18729d6fc7f5d09a3bd047a [0ms]
2024-01-29 20:51:53.491 [info] > git show --textconv :workspace/database/activity_1.sql [1ms]
2024-01-29 20:51:54.851 [info] > git config --get commit.template [4ms]
2024-01-29 20:51:54.851 [info] > git for-each-ref --format=%(refname)%00%(upstream:short)%00%(objectname)%00%(upstream:track)%00%(upstream:remotename)%00%(upstream:remoteref) refs/heads/master refs/remotes/master [1ms]
2024-01-29 20:51:54.860 [info] > git status -z -uall [5ms]
2024-01-29 20:51:59.870 [info] > git config --get commit.template [1ms]
2024-01-29 20:51:59.875 [info] > git for-each-ref --format=%(refname)%00%(upstream:short)%00%(objectname)%00%(upstream:track)%00%(upstream:remotename)%00%(upstream:remoteref) refs/heads/master refs/remotes/master [1ms]
2024-01-29 20:51:59.885 [info] > git status -z -uall [7ms]
2024-01-29 20:52:04.895 [info] > git config --get commit.template [4ms]
2024-01-29 20:52:04.895 [info] > git for-each-ref --format=%(refname)%00%(upstream:short)%00%(objectname)%00%(upstream:track)%00%(upstream:remotename)%00%(upstream:remoteref) refs/heads/master refs/remotes/master [1ms]
2024-01-29 20:52:04.904 [info] > git status -z -uall [6ms]
2024-01-29 20:52:09.913 [info] > git config --get commit.template [2ms]
2024-01-29 20:52:09.918 [info] > git for-each-ref --format=%(refname)%00%(upstream:short)%00%(objectname)%00%(upstream:track)%00%(upstream:remotename)%00%(upstream:remoteref) refs/heads/master refs/remotes/master [1ms]
2024-01-29 20:52:09.926 [info] > git status -z -uall [5ms]
2024-01-29 20:52:14.937 [info] > git config --get commit.template [3ms]
2024-01-29 20:52:14.937 [info] > git for-each-ref --format=%(refname)%00%(upstream:short)%00%(objectname)%00%(upstream:track)%00%(upstream:remotename)%00%(upstream:remoteref) refs/heads/master refs/remotes/master [1ms]
2024-01-29 20:52:14.945 [info] > git status -z -uall [6ms]
2024-01-29 20:52:19.957 [info] > git config --get commit.template [4ms]
2024-01-29 20:52:19.957 [info] > git for-each-ref --format=%(refname)%00%(upstream:short)%00%(objectname)%00%(upstream:track)%00%(upstream:remotename)%00%(upstream:remoteref) refs/heads/master refs/remotes/master [0ms]
2024-01-29 20:52:19.966 [info] > git status -z -uall [5ms]
2024-01-29 20:52:24.977 [info] > git for-each-ref --format=%(refname)%00%(upstream:short)%00%(objectname)%00%(upstream:track)%00%(upstream:remotename)%00%(upstream:remoteref) refs/heads/master refs/remotes/master [2ms]
2024-01-29 20:52:24.977 [info] > git config --get commit.template [5ms]
2024-01-29 20:52:24.985 [info] > git status -z -uall [6ms]
2024-01-29 20:52:29.994 [info] > git config --get commit.template [2ms]
2024-01-29 20:52:29.998 [info] > git for-each-ref --format=%(refname)%00%(upstream:short)%00%(objectname)%00%(upstream:track)%00%(upstream:remotename)%00%(upstream:remoteref) refs/heads/master refs/remotes/master [0ms]
2024-01-29 20:52:30.005 [info] > git status -z -uall [5ms]
2024-01-29 20:52:35.014 [info] > git config --get commit.template [1ms]
2024-01-29 20:52:35.018 [info] > git for-each-ref --format=%(refname)%00%(upstream:short)%00%(objectname)%00%(upstream:track)%00%(upstream:remotename)%00%(upstream:remoteref) refs/heads/master refs/remotes/master [1ms]
2024-01-29 20:52:35.028 [info] > git status -z -uall [7ms]
2024-01-29 20:52:40.043 [info] > git config --get commit.template [6ms]
2024-01-29 20:52:40.043 [info] > git for-each-ref --format=%(refname)%00%(upstream:short)%00%(objectname)%00%(upstream:track)%00%(upstream:remotename)%00%(upstream:remoteref) refs/heads/master refs/remotes/master [2ms]
2024-01-29 20:52:40.053 [info] > git status -z -uall [7ms]
2024-01-29 20:52:43.392 [info] > git ls-files --stage -- /home/msegfilph/workspace/database/activity_1.sql [1ms]
2024-01-29 20:52:43.396 [info] > git cat-file -s 21f197f534b595fbf18729d6fc7f5d09a3bd047a [1ms]
2024-01-29 20:52:43.402 [info] > git show --textconv :workspace/database/activity_1.sql [1ms]
2024-01-29 20:52:45.061 [info] > git config --get commit.template [0ms]
2024-01-29 20:52:45.064 [info] > git for-each-ref --format=%(refname)%00%(upstream:short)%00%(objectname)%00%(upstream:track)%00%(upstream:remotename)%00%(upstream:remoteref) refs/heads/master refs/remotes/master [1ms]
2024-01-29 20:52:45.071 [info] > git status -z -uall [5ms]
2024-01-29 20:52:50.531 [info] > git config --get commit.template [2ms]
2024-01-29 20:52:50.535 [info] > git for-each-ref --format=%(refname)%00%(upstream:short)%00%(objectname)%00%(upstream:track)%00%(upstream:remotename)%00%(upstream:remoteref) refs/heads/master refs/remotes/master [1ms]
2024-01-29 20:52:50.543 [info] > git status -z -uall [6ms]
2024-01-29 20:52:57.312 [info] > git config --get commit.template [4ms]
2024-01-29 20:52:57.313 [info] > git for-each-ref --format=%(refname)%00%(upstream:short)%00%(objectname)%00%(upstream:track)%00%(upstream:remotename)%00%(upstream:remoteref) refs/heads/master refs/remotes/master [0ms]
2024-01-29 20:52:57.322 [info] > git status -z -uall [6ms]
2024-01-29 20:54:13.429 [info] > git config --get commit.template [1ms]
2024-01-29 20:54:13.433 [info] > git for-each-ref --format=%(refname)%00%(upstream:short)%00%(objectname)%00%(upstream:track)%00%(upstream:remotename)%00%(upstream:remoteref) refs/heads/master refs/remotes/master [1ms]
2024-01-29 20:54:13.443 [info] > git status -z -uall [7ms]
2024-01-29 20:54:18.456 [info] > git config --get commit.template [4ms]
2024-01-29 20:54:18.457 [info] > git for-each-ref --format=%(refname)%00%(upstream:short)%00%(objectname)%00%(upstream:track)%00%(upstream:remotename)%00%(upstream:remoteref) refs/heads/master refs/remotes/master [1ms]
2024-01-29 20:54:18.466 [info] > git status -z -uall [6ms]
2024-01-29 20:54:23.479 [info] > git config --get commit.template [4ms]
2024-01-29 20:54:23.479 [info] > git for-each-ref --format=%(refname)%00%(upstream:short)%00%(objectname)%00%(upstream:track)%00%(upstream:remotename)%00%(upstream:remoteref) refs/heads/master refs/remotes/master [1ms]
2024-01-29 20:54:23.488 [info] > git status -z -uall [6ms]
2024-01-29 20:54:28.498 [info] > git config --get commit.template [3ms]
2024-01-29 20:54:28.498 [info] > git for-each-ref --format=%(refname)%00%(upstream:short)%00%(objectname)%00%(upstream:track)%00%(upstream:remotename)%00%(upstream:remoteref) refs/heads/master refs/remotes/master [1ms]
2024-01-29 20:54:28.507 [info] > git status -z -uall [6ms]
2024-01-29 20:54:33.520 [info] > git config --get commit.template [5ms]
2024-01-29 20:54:33.520 [info] > git for-each-ref --format=%(refname)%00%(upstream:short)%00%(objectname)%00%(upstream:track)%00%(upstream:remotename)%00%(upstream:remoteref) refs/heads/master refs/remotes/master [1ms]
2024-01-29 20:54:33.530 [info] > git status -z -uall [7ms]
2024-01-29 20:54:38.536 [info] > git config --get commit.template [0ms]
2024-01-29 20:54:38.539 [info] > git for-each-ref --format=%(refname)%00%(upstream:short)%00%(objectname)%00%(upstream:track)%00%(upstream:remotename)%00%(upstream:remoteref) refs/heads/master refs/remotes/master [1ms]
2024-01-29 20:54:38.547 [info] > git status -z -uall [6ms]
2024-01-29 20:54:43.558 [info] > git config --get commit.template [4ms]
2024-01-29 20:54:43.558 [info] > git for-each-ref --format=%(refname)%00%(upstream:short)%00%(objectname)%00%(upstream:track)%00%(upstream:remotename)%00%(upstream:remoteref) refs/heads/master refs/remotes/master [1ms]
2024-01-29 20:54:43.566 [info] > git status -z -uall [5ms]
2024-01-29 20:54:48.580 [info] > git config --get commit.template [6ms]
2024-01-29 20:54:48.580 [info] > git for-each-ref --format=%(refname)%00%(upstream:short)%00%(objectname)%00%(upstream:track)%00%(upstream:remotename)%00%(upstream:remoteref) refs/heads/master refs/remotes/master [1ms]
2024-01-29 20:54:48.592 [info] > git status -z -uall [8ms]
2024-01-29 20:54:53.605 [info] > git config --get commit.template [5ms]
2024-01-29 20:54:53.605 [info] > git for-each-ref --format=%(refname)%00%(upstream:short)%00%(objectname)%00%(upstream:track)%00%(upstream:remotename)%00%(upstream:remoteref) refs/heads/master refs/remotes/master [0ms]
2024-01-29 20:54:53.614 [info] > git status -z -uall [6ms]
2024-01-29 20:54:58.630 [info] > git config --get commit.template [7ms]
2024-01-29 20:54:58.630 [info] > git for-each-ref --format=%(refname)%00%(upstream:short)%00%(objectname)%00%(upstream:track)%00%(upstream:remotename)%00%(upstream:remoteref) refs/heads/master refs/remotes/master [1ms]
2024-01-29 20:54:58.642 [info] > git status -z -uall [9ms]
2024-01-29 20:55:03.653 [info] > git config --get commit.template [4ms]
2024-01-29 20:55:03.653 [info] > git for-each-ref --format=%(refname)%00%(upstream:short)%00%(objectname)%00%(upstream:track)%00%(upstream:remotename)%00%(upstream:remoteref) refs/heads/master refs/remotes/master [1ms]
2024-01-29 20:55:03.661 [info] > git status -z -uall [6ms]
2024-01-29 20:55:08.675 [info] > git config --get commit.template [5ms]
2024-01-29 20:55:08.676 [info] > git for-each-ref --format=%(refname)%00%(upstream:short)%00%(objectname)%00%(upstream:track)%00%(upstream:remotename)%00%(upstream:remoteref) refs/heads/master refs/remotes/master [1ms]
2024-01-29 20:55:08.688 [info] > git status -z -uall [8ms]
2024-01-29 20:55:13.700 [info] > git config --get commit.template [4ms]
2024-01-29 20:55:13.700 [info] > git for-each-ref --format=%(refname)%00%(upstream:short)%00%(objectname)%00%(upstream:track)%00%(upstream:remotename)%00%(upstream:remoteref) refs/heads/master refs/remotes/master [0ms]
2024-01-29 20:55:13.708 [info] > git status -z -uall [5ms]
2024-01-29 20:55:18.720 [info] > git config --get commit.template [2ms]
2024-01-29 20:55:18.726 [info] > git for-each-ref --format=%(refname)%00%(upstream:short)%00%(objectname)%00%(upstream:track)%00%(upstream:remotename)%00%(upstream:remoteref) refs/heads/master refs/remotes/master [1ms]
2024-01-29 20:55:18.736 [info] > git status -z -uall [6ms]
2024-01-29 20:57:05.298 [info] > git config --get commit.template [1ms]
2024-01-29 20:57:05.303 [info] > git for-each-ref --format=%(refname)%00%(upstream:short)%00%(objectname)%00%(upstream:track)%00%(upstream:remotename)%00%(upstream:remoteref) refs/heads/master refs/remotes/master [1ms]
2024-01-29 20:57:05.315 [info] > git status -z -uall [9ms]
2024-01-29 20:57:10.332 [info] > git config --get commit.template [6ms]
2024-01-29 20:57:10.332 [info] > git for-each-ref --format=%(refname)%00%(upstream:short)%00%(objectname)%00%(upstream:track)%00%(upstream:remotename)%00%(upstream:remoteref) refs/heads/master refs/remotes/master [1ms]
2024-01-29 20:57:10.346 [info] > git status -z -uall [9ms]
2024-01-29 20:57:15.359 [info] > git config --get commit.template [4ms]
2024-01-29 20:57:15.359 [info] > git for-each-ref --format=%(refname)%00%(upstream:short)%00%(objectname)%00%(upstream:track)%00%(upstream:remotename)%00%(upstream:remoteref) refs/heads/master refs/remotes/master [1ms]
2024-01-29 20:57:15.369 [info] > git status -z -uall [7ms]
2024-01-29 20:57:20.382 [info] > git config --get commit.template [4ms]
2024-01-29 20:57:20.382 [info] > git for-each-ref --format=%(refname)%00%(upstream:short)%00%(objectname)%00%(upstream:track)%00%(upstream:remotename)%00%(upstream:remoteref) refs/heads/master refs/remotes/master [0ms]
2024-01-29 20:57:20.391 [info] > git status -z -uall [6ms]
2024-01-29 20:57:25.402 [info] > git config --get commit.template [0ms]
2024-01-29 20:57:25.405 [info] > git for-each-ref --format=%(refname)%00%(upstream:short)%00%(objectname)%00%(upstream:track)%00%(upstream:remotename)%00%(upstream:remoteref) refs/heads/master refs/remotes/master [0ms]
2024-01-29 20:57:25.413 [info] > git status -z -uall [5ms]
2024-01-29 20:57:30.425 [info] > git config --get commit.template [4ms]
2024-01-29 20:57:30.426 [info] > git for-each-ref --format=%(refname)%00%(upstream:short)%00%(objectname)%00%(upstream:track)%00%(upstream:remotename)%00%(upstream:remoteref) refs/heads/master refs/remotes/master [1ms]
2024-01-29 20:57:30.434 [info] > git status -z -uall [6ms]
2024-01-29 20:57:35.447 [info] > git config --get commit.template [4ms]
2024-01-29 20:57:35.447 [info] > git for-each-ref --format=%(refname)%00%(upstream:short)%00%(objectname)%00%(upstream:track)%00%(upstream:remotename)%00%(upstream:remoteref) refs/heads/master refs/remotes/master [1ms]
2024-01-29 20:57:35.455 [info] > git status -z -uall [5ms]
2024-01-29 20:57:40.464 [info] > git config --get commit.template [1ms]
2024-01-29 20:57:40.467 [info] > git for-each-ref --format=%(refname)%00%(upstream:short)%00%(objectname)%00%(upstream:track)%00%(upstream:remotename)%00%(upstream:remoteref) refs/heads/master refs/remotes/master [0ms]
2024-01-29 20:57:40.475 [info] > git status -z -uall [5ms]
2024-01-29 20:57:45.491 [info] > git config --get commit.template [5ms]
2024-01-29 20:57:45.491 [info] > git for-each-ref --format=%(refname)%00%(upstream:short)%00%(objectname)%00%(upstream:track)%00%(upstream:remotename)%00%(upstream:remoteref) refs/heads/master refs/remotes/master [1ms]
2024-01-29 20:57:45.501 [info] > git status -z -uall [7ms]
2024-01-29 20:57:50.515 [info] > git config --get commit.template [5ms]
2024-01-29 20:57:50.515 [info] > git for-each-ref --format=%(refname)%00%(upstream:short)%00%(objectname)%00%(upstream:track)%00%(upstream:remotename)%00%(upstream:remoteref) refs/heads/master refs/remotes/master [1ms]
2024-01-29 20:57:50.523 [info] > git status -z -uall [5ms]
2024-01-29 21:06:42.485 [info] > git config --get commit.template [4ms]
2024-01-29 21:06:42.485 [info] > git for-each-ref --format=%(refname)%00%(upstream:short)%00%(objectname)%00%(upstream:track)%00%(upstream:remotename)%00%(upstream:remoteref) refs/heads/master refs/remotes/master [1ms]
2024-01-29 21:06:42.495 [info] > git status -z -uall [8ms]
2024-01-29 21:15:30.196 [info] > git config --get commit.template [9ms]
2024-01-29 21:15:30.197 [info] > git for-each-ref --format=%(refname)%00%(upstream:short)%00%(objectname)%00%(upstream:track)%00%(upstream:remotename)%00%(upstream:remoteref) refs/heads/master refs/remotes/master [3ms]
2024-01-29 21:15:30.220 [info] > git status -z -uall [15ms]
2024-01-29 21:18:21.964 [info] > git config --get commit.template [5ms]
2024-01-29 21:18:21.965 [info] > git for-each-ref --format=%(refname)%00%(upstream:short)%00%(objectname)%00%(upstream:track)%00%(upstream:remotename)%00%(upstream:remoteref) refs/heads/master refs/remotes/master [1ms]
2024-01-29 21:18:21.974 [info] > git status -z -uall [6ms]
2024-01-29 21:18:26.983 [info] > git config --get commit.template [3ms]
2024-01-29 21:18:26.983 [info] > git for-each-ref --format=%(refname)%00%(upstream:short)%00%(objectname)%00%(upstream:track)%00%(upstream:remotename)%00%(upstream:remoteref) refs/heads/master refs/remotes/master [0ms]
2024-01-29 21:18:26.991 [info] > git status -z -uall [5ms]
2024-01-29 21:18:32.010 [info] > git config --get commit.template [6ms]
2024-01-29 21:18:32.011 [info] > git for-each-ref --format=%(refname)%00%(upstream:short)%00%(objectname)%00%(upstream:track)%00%(upstream:remotename)%00%(upstream:remoteref) refs/heads/master refs/remotes/master [2ms]
2024-01-29 21:18:32.024 [info] > git status -z -uall [8ms]
2024-01-29 21:18:37.040 [info] > git config --get commit.template [6ms]
2024-01-29 21:18:37.041 [info] > git for-each-ref --format=%(refname)%00%(upstream:short)%00%(objectname)%00%(upstream:track)%00%(upstream:remotename)%00%(upstream:remoteref) refs/heads/master refs/remotes/master [1ms]
2024-01-29 21:18:37.052 [info] > git status -z -uall [8ms]
2024-01-29 21:18:42.060 [info] > git config --get commit.template [2ms]
2024-01-29 21:18:42.061 [info] > git for-each-ref --format=%(refname)%00%(upstream:short)%00%(objectname)%00%(upstream:track)%00%(upstream:remotename)%00%(upstream:remoteref) refs/heads/master refs/remotes/master [1ms]
2024-01-29 21:18:42.068 [info] > git status -z -uall [5ms]
2024-01-29 21:18:47.081 [info] > git config --get commit.template [2ms]
2024-01-29 21:18:47.086 [info] > git for-each-ref --format=%(refname)%00%(upstream:short)%00%(objectname)%00%(upstream:track)%00%(upstream:remotename)%00%(upstream:remoteref) refs/heads/master refs/remotes/master [1ms]
2024-01-29 21:18:47.098 [info] > git status -z -uall [8ms]
2024-01-29 21:18:52.111 [info] > git config --get commit.template [2ms]
2024-01-29 21:18:52.117 [info] > git for-each-ref --format=%(refname)%00%(upstream:short)%00%(objectname)%00%(upstream:track)%00%(upstream:remotename)%00%(upstream:remoteref) refs/heads/master refs/remotes/master [1ms]
2024-01-29 21:18:52.128 [info] > git status -z -uall [7ms]
2024-01-29 21:18:57.143 [info] > git config --get commit.template [5ms]
2024-01-29 21:18:57.143 [info] > git for-each-ref --format=%(refname)%00%(upstream:short)%00%(objectname)%00%(upstream:track)%00%(upstream:remotename)%00%(upstream:remoteref) refs/heads/master refs/remotes/master [1ms]
2024-01-29 21:18:57.153 [info] > git status -z -uall [5ms]
2024-01-29 21:19:02.158 [info] > git config --get commit.template [0ms]
2024-01-29 21:19:02.162 [info] > git for-each-ref --format=%(refname)%00%(upstream:short)%00%(objectname)%00%(upstream:track)%00%(upstream:remotename)%00%(upstream:remoteref) refs/heads/master refs/remotes/master [1ms]
2024-01-29 21:19:02.171 [info] > git status -z -uall [5ms]
2024-01-29 21:19:07.182 [info] > git config --get commit.template [1ms]
2024-01-29 21:19:07.185 [info] > git for-each-ref --format=%(refname)%00%(upstream:short)%00%(objectname)%00%(upstream:track)%00%(upstream:remotename)%00%(upstream:remoteref) refs/heads/master refs/remotes/master [0ms]
2024-01-29 21:19:07.193 [info] > git status -z -uall [5ms]
2024-01-29 21:19:12.204 [info] > git config --get commit.template [0ms]
2024-01-29 21:19:12.209 [info] > git for-each-ref --format=%(refname)%00%(upstream:short)%00%(objectname)%00%(upstream:track)%00%(upstream:remotename)%00%(upstream:remoteref) refs/heads/master refs/remotes/master [1ms]
2024-01-29 21:19:12.218 [info] > git status -z -uall [6ms]
2024-01-29 21:19:17.230 [info] > git config --get commit.template [3ms]
2024-01-29 21:19:17.231 [info] > git for-each-ref --format=%(refname)%00%(upstream:short)%00%(objectname)%00%(upstream:track)%00%(upstream:remotename)%00%(upstream:remoteref) refs/heads/master refs/remotes/master [1ms]
2024-01-29 21:19:17.239 [info] > git status -z -uall [6ms]
2024-01-29 21:19:25.276 [info] > git config --get commit.template [3ms]
2024-01-29 21:19:25.276 [info] > git for-each-ref --format=%(refname)%00%(upstream:short)%00%(objectname)%00%(upstream:track)%00%(upstream:remotename)%00%(upstream:remoteref) refs/heads/master refs/remotes/master [1ms]
2024-01-29 21:19:25.288 [info] > git status -z -uall [9ms]
2024-01-29 21:19:30.306 [info] > git config --get commit.template [5ms]
2024-01-29 21:19:30.307 [info] > git for-each-ref --format=%(refname)%00%(upstream:short)%00%(objectname)%00%(upstream:track)%00%(upstream:remotename)%00%(upstream:remoteref) refs/heads/master refs/remotes/master [1ms]
2024-01-29 21:19:30.318 [info] > git status -z -uall [8ms]
2024-01-29 21:19:39.430 [info] > git config --get commit.template [4ms]
2024-01-29 21:19:39.430 [info] > git for-each-ref --format=%(refname)%00%(upstream:short)%00%(objectname)%00%(upstream:track)%00%(upstream:remotename)%00%(upstream:remoteref) refs/heads/master refs/remotes/master [1ms]
2024-01-29 21:19:39.440 [info] > git status -z -uall [7ms]
2024-01-29 21:19:44.459 [info] > git config --get commit.template [6ms]
2024-01-29 21:19:44.460 [info] > git for-each-ref --format=%(refname)%00%(upstream:short)%00%(objectname)%00%(upstream:track)%00%(upstream:remotename)%00%(upstream:remoteref) refs/heads/master refs/remotes/master [1ms]
2024-01-29 21:19:44.469 [info] > git status -z -uall [6ms]
2024-01-29 21:19:49.481 [info] > git config --get commit.template [1ms]
2024-01-29 21:19:49.487 [info] > git for-each-ref --format=%(refname)%00%(upstream:short)%00%(objectname)%00%(upstream:track)%00%(upstream:remotename)%00%(upstream:remoteref) refs/heads/master refs/remotes/master [1ms]
2024-01-29 21:19:49.495 [info] > git status -z -uall [6ms]
2024-01-29 21:19:54.504 [info] > git config --get commit.template [1ms]
2024-01-29 21:19:54.508 [info] > git for-each-ref --format=%(refname)%00%(upstream:short)%00%(objectname)%00%(upstream:track)%00%(upstream:remotename)%00%(upstream:remoteref) refs/heads/master refs/remotes/master [1ms]
2024-01-29 21:19:54.517 [info] > git status -z -uall [6ms]
2024-01-29 21:19:59.535 [info] > git config --get commit.template [6ms]
2024-01-29 21:19:59.536 [info] > git for-each-ref --format=%(refname)%00%(upstream:short)%00%(objectname)%00%(upstream:track)%00%(upstream:remotename)%00%(upstream:remoteref) refs/heads/master refs/remotes/master [1ms]
2024-01-29 21:19:59.545 [info] > git status -z -uall [6ms]
2024-01-29 21:20:04.563 [info] > git config --get commit.template [6ms]
2024-01-29 21:20:04.563 [info] > git for-each-ref --format=%(refname)%00%(upstream:short)%00%(objectname)%00%(upstream:track)%00%(upstream:remotename)%00%(upstream:remoteref) refs/heads/master refs/remotes/master [1ms]
2024-01-29 21:20:04.576 [info] > git status -z -uall [8ms]
2024-01-29 21:20:09.587 [info] > git config --get commit.template [1ms]
2024-01-29 21:20:09.593 [info] > git for-each-ref --format=%(refname)%00%(upstream:short)%00%(objectname)%00%(upstream:track)%00%(upstream:remotename)%00%(upstream:remoteref) refs/heads/master refs/remotes/master [1ms]
2024-01-29 21:20:09.606 [info] > git status -z -uall [8ms]
2024-01-29 21:20:14.620 [info] > git config --get commit.template [2ms]
2024-01-29 21:20:14.626 [info] > git for-each-ref --format=%(refname)%00%(upstream:short)%00%(objectname)%00%(upstream:track)%00%(upstream:remotename)%00%(upstream:remoteref) refs/heads/master refs/remotes/master [1ms]
2024-01-29 21:20:14.634 [info] > git status -z -uall [5ms]
2024-01-29 21:20:19.648 [info] > git config --get commit.template [6ms]
2024-01-29 21:20:19.648 [info] > git for-each-ref --format=%(refname)%00%(upstream:short)%00%(objectname)%00%(upstream:track)%00%(upstream:remotename)%00%(upstream:remoteref) refs/heads/master refs/remotes/master [1ms]
2024-01-29 21:20:19.657 [info] > git status -z -uall [6ms]
2024-01-29 21:20:24.670 [info] > git config --get commit.template [1ms]
2024-01-29 21:20:24.674 [info] > git for-each-ref --format=%(refname)%00%(upstream:short)%00%(objectname)%00%(upstream:track)%00%(upstream:remotename)%00%(upstream:remoteref) refs/heads/master refs/remotes/master [1ms]
2024-01-29 21:20:24.682 [info] > git status -z -uall [5ms]
2024-01-29 21:20:29.690 [info] > git config --get commit.template [3ms]
2024-01-29 21:20:29.691 [info] > git for-each-ref --format=%(refname)%00%(upstream:short)%00%(objectname)%00%(upstream:track)%00%(upstream:remotename)%00%(upstream:remoteref) refs/heads/master refs/remotes/master [1ms]
2024-01-29 21:20:29.700 [info] > git status -z -uall [6ms]
2024-01-29 21:21:33.910 [info] > git config --get commit.template [4ms]
2024-01-29 21:21:33.910 [info] > git for-each-ref --format=%(refname)%00%(upstream:short)%00%(objectname)%00%(upstream:track)%00%(upstream:remotename)%00%(upstream:remoteref) refs/heads/master refs/remotes/master [1ms]
2024-01-29 21:21:33.918 [info] > git status -z -uall [6ms]
2024-01-29 21:21:40.632 [info] > git config --get commit.template [0ms]
2024-01-29 21:21:40.636 [info] > git for-each-ref --format=%(refname)%00%(upstream:short)%00%(objectname)%00%(upstream:track)%00%(upstream:remotename)%00%(upstream:remoteref) refs/heads/master refs/remotes/master [1ms]
2024-01-29 21:21:40.645 [info] > git status -z -uall [6ms]
2024-01-29 21:21:45.654 [info] > git config --get commit.template [1ms]
2024-01-29 21:21:45.658 [info] > git for-each-ref --format=%(refname)%00%(upstream:short)%00%(objectname)%00%(upstream:track)%00%(upstream:remotename)%00%(upstream:remoteref) refs/heads/master refs/remotes/master [1ms]
2024-01-29 21:21:45.667 [info] > git status -z -uall [6ms]
2024-01-29 21:30:26.098 [info] > git config --get commit.template [3ms]
2024-01-29 21:30:26.098 [info] > git for-each-ref --format=%(refname)%00%(upstream:short)%00%(objectname)%00%(upstream:track)%00%(upstream:remotename)%00%(upstream:remoteref) refs/heads/master refs/remotes/master [1ms]
2024-01-29 21:30:26.113 [info] > git status -z -uall [12ms]
2024-01-29 21:30:31.133 [info] > git config --get commit.template [2ms]
2024-01-29 21:30:31.133 [info] > git for-each-ref --format=%(refname)%00%(upstream:short)%00%(objectname)%00%(upstream:track)%00%(upstream:remotename)%00%(upstream:remoteref) refs/heads/master refs/remotes/master [1ms]
2024-01-29 21:30:31.144 [info] > git status -z -uall [7ms]
2024-01-29 21:30:32.155 [info] > git show --textconv :workspace/database/activity_1.sql [4ms]
2024-01-29 21:30:32.156 [info] > git ls-files --stage -- /home/msegfilph/workspace/database/activity_1.sql [2ms]
2024-01-29 21:30:32.160 [info] > git cat-file -s 21f197f534b595fbf18729d6fc7f5d09a3bd047a [1ms]
