2024-01-23 18:44:02.422 [info] Log level: Info
2024-01-23 18:44:02.422 [info] Validating found git in: "git"
2024-01-23 18:44:02.422 [info] Using git "2.34.1" from "git"
2024-01-23 18:44:02.422 [info] > git rev-parse --show-toplevel [3ms]
2024-01-23 18:44:02.422 [info] fatal: not a git repository (or any of the parent directories): .git
2024-01-23 18:44:02.423 [info] > git rev-parse --show-toplevel [3ms]
2024-01-23 18:44:02.426 [info] > git rev-parse --git-dir --git-common-dir [0ms]
2024-01-23 18:44:02.433 [info] Open repository: /home/msegfilph/.asdf
2024-01-23 18:44:02.439 [info] > git config --get commit.template [3ms]
2024-01-23 18:44:02.440 [info] > git rev-parse --show-toplevel [2ms]
2024-01-23 18:44:02.440 [info] fatal: not a git repository (or any of the parent directories): .git
2024-01-23 18:44:02.447 [info] > git rev-parse --show-toplevel [1ms]
2024-01-23 18:44:02.447 [info] fatal: not a git repository (or any of the parent directories): .git
2024-01-23 18:44:02.450 [info] > git rev-parse --show-toplevel [1ms]
2024-01-23 18:44:02.450 [info] fatal: not a git repository (or any of the parent directories): .git
2024-01-23 18:44:02.452 [info] > git rev-parse --show-toplevel [0ms]
2024-01-23 18:44:02.452 [info] fatal: not a git repository (or any of the parent directories): .git
2024-01-23 18:44:02.456 [info] > git for-each-ref --format %(refname) %(objectname) %(*objectname) refs/tags [14ms]
2024-01-23 18:44:02.494 [info] > git status -z -uall [35ms]
2024-01-23 18:44:02.504 [info] > git config --get commit.template [4ms]
2024-01-23 18:44:02.509 [info] > git for-each-ref --format %(refname) %(objectname) %(*objectname) refs/tags [3ms]
2024-01-23 18:44:02.517 [info] > git status -z -uall [4ms]
2024-01-23 18:44:02.960 [info] > git check-ignore -v -z --stdin [0ms]
2024-01-23 18:44:09.904 [info] > git rev-parse --show-toplevel [1ms]
2024-01-23 18:44:09.904 [info] fatal: not a git repository (or any of the parent directories): .git
2024-01-23 20:57:46.213 [info] > git rev-parse --show-toplevel [24ms]
2024-01-23 20:57:46.214 [info] fatal: not a git repository (or any of the parent directories): .git
2024-01-23 21:05:12.419 [info] > git rev-parse --show-toplevel [1ms]
2024-01-23 21:05:12.420 [info] fatal: not a git repository (or any of the parent directories): .git
