2024-02-02 19:05:28.988 [info] Log level: Info
2024-02-02 19:05:28.988 [info] Validating found git in: "git"
2024-02-02 19:05:28.988 [info] Using git "2.34.1" from "git"
2024-02-02 19:05:28.988 [info] > git rev-parse --show-toplevel [5ms]
2024-02-02 19:05:28.988 [info] > git rev-parse --git-dir --git-common-dir [1ms]
2024-02-02 19:05:28.988 [info] Open repository: /home/msegfilph
2024-02-02 19:05:28.988 [info] > git rev-parse --show-toplevel [18ms]
2024-02-02 19:05:28.988 [info] > git config --get commit.template [20ms]
2024-02-02 19:05:28.995 [info] > git rev-parse --git-dir --git-common-dir [4ms]
2024-02-02 19:05:28.997 [info] Open repository: /home/msegfilph/.asdf
2024-02-02 19:05:29.005 [info] > git for-each-ref --format=%(refname)%00%(upstream:short)%00%(objectname)%00%(upstream:track)%00%(upstream:remotename)%00%(upstream:remoteref) refs/heads/master refs/remotes/master [10ms]
2024-02-02 19:05:29.012 [info] > git rev-parse --show-toplevel [8ms]
2024-02-02 19:05:29.013 [info] > git config --get commit.template [11ms]
2024-02-02 19:05:29.021 [info] > git rev-parse --show-toplevel [5ms]
2024-02-02 19:05:29.025 [info] > git rev-parse --show-toplevel [0ms]
2024-02-02 19:05:29.028 [info] > git rev-parse --show-toplevel [0ms]
2024-02-02 19:05:29.031 [info] > git for-each-ref --format %(refname) %(objectname) %(*objectname) refs/tags [11ms]
2024-02-02 19:05:29.037 [info] > git status -z -uall [3ms]
2024-02-02 19:05:29.045 [info] > git status -z -uall [35ms]
2024-02-02 19:05:29.045 [info] > git config --get commit.template [1ms]
2024-02-02 19:05:29.260 [info] > git for-each-ref --format %(refname) %(objectname) %(*objectname) refs/tags [212ms]
2024-02-02 19:05:29.269 [info] > git status -z -uall [5ms]
2024-02-02 19:05:29.271 [info] > git config --get commit.template [15ms]
2024-02-02 19:05:29.279 [info] > git for-each-ref --format=%(refname)%00%(upstream:short)%00%(objectname)%00%(upstream:track)%00%(upstream:remotename)%00%(upstream:remoteref) refs/heads/master refs/remotes/master [1ms]
2024-02-02 19:05:29.291 [info] > git status -z -uall [10ms]
2024-02-02 19:05:29.572 [info] > git check-ignore -v -z --stdin [4ms]
2024-02-02 19:05:29.573 [info] > git check-ignore -v -z --stdin [3ms]
2024-02-02 19:05:34.354 [info] > git config --get commit.template [1ms]
2024-02-02 19:05:34.357 [info] > git for-each-ref --format=%(refname)%00%(upstream:short)%00%(objectname)%00%(upstream:track)%00%(upstream:remotename)%00%(upstream:remoteref) refs/heads/master refs/remotes/master [0ms]
2024-02-02 19:05:34.370 [info] > git status -z -uall [10ms]
2024-02-02 19:05:39.418 [info] > git config --get commit.template [0ms]
2024-02-02 19:05:39.422 [info] > git for-each-ref --format=%(refname)%00%(upstream:short)%00%(objectname)%00%(upstream:track)%00%(upstream:remotename)%00%(upstream:remoteref) refs/heads/master refs/remotes/master [1ms]
2024-02-02 19:05:39.437 [info] > git status -z -uall [10ms]
2024-02-02 19:05:44.503 [info] > git config --get commit.template [6ms]
2024-02-02 19:05:44.504 [info] > git for-each-ref --format=%(refname)%00%(upstream:short)%00%(objectname)%00%(upstream:track)%00%(upstream:remotename)%00%(upstream:remoteref) refs/heads/master refs/remotes/master [1ms]
2024-02-02 19:05:44.519 [info] > git status -z -uall [12ms]
2024-02-02 19:05:49.569 [info] > git config --get commit.template [2ms]
2024-02-02 19:05:49.579 [info] > git for-each-ref --format=%(refname)%00%(upstream:short)%00%(objectname)%00%(upstream:track)%00%(upstream:remotename)%00%(upstream:remoteref) refs/heads/master refs/remotes/master [2ms]
2024-02-02 19:05:49.607 [info] > git status -z -uall [19ms]
2024-02-02 19:05:54.659 [info] > git config --get commit.template [1ms]
2024-02-02 19:05:54.663 [info] > git for-each-ref --format=%(refname)%00%(upstream:short)%00%(objectname)%00%(upstream:track)%00%(upstream:remotename)%00%(upstream:remoteref) refs/heads/master refs/remotes/master [0ms]
2024-02-02 19:05:54.676 [info] > git status -z -uall [10ms]
2024-02-02 19:05:59.735 [info] > git config --get commit.template [1ms]
2024-02-02 19:05:59.742 [info] > git for-each-ref --format=%(refname)%00%(upstream:short)%00%(objectname)%00%(upstream:track)%00%(upstream:remotename)%00%(upstream:remoteref) refs/heads/master refs/remotes/master [1ms]
2024-02-02 19:05:59.761 [info] > git status -z -uall [14ms]
2024-02-02 19:06:04.813 [info] > git config --get commit.template [1ms]
2024-02-02 19:06:04.819 [info] > git for-each-ref --format=%(refname)%00%(upstream:short)%00%(objectname)%00%(upstream:track)%00%(upstream:remotename)%00%(upstream:remoteref) refs/heads/master refs/remotes/master [1ms]
2024-02-02 19:06:04.832 [info] > git status -z -uall [9ms]
2024-02-02 19:06:09.883 [info] > git config --get commit.template [1ms]
2024-02-02 19:06:09.889 [info] > git for-each-ref --format=%(refname)%00%(upstream:short)%00%(objectname)%00%(upstream:track)%00%(upstream:remotename)%00%(upstream:remoteref) refs/heads/master refs/remotes/master [1ms]
2024-02-02 19:06:09.905 [info] > git status -z -uall [11ms]
2024-02-02 19:06:14.040 [info] > git show --textconv :workspace/exercises/isogram.rb [5ms]
2024-02-02 19:06:14.041 [info] > git ls-files --stage -- /home/msegfilph/workspace/exercises/isogram.rb [1ms]
2024-02-02 19:06:14.046 [info] > git cat-file -s 4c40b0ef834129fc1a77c2e8619937ba70eb2936 [1ms]
2024-02-02 19:06:14.957 [info] > git config --get commit.template [1ms]
2024-02-02 19:06:14.962 [info] > git for-each-ref --format=%(refname)%00%(upstream:short)%00%(objectname)%00%(upstream:track)%00%(upstream:remotename)%00%(upstream:remoteref) refs/heads/master refs/remotes/master [0ms]
2024-02-02 19:06:14.975 [info] > git status -z -uall [9ms]
2024-02-02 19:43:45.882 [info] > git config --get commit.template [5ms]
2024-02-02 19:43:45.883 [info] > git for-each-ref --format=%(refname)%00%(upstream:short)%00%(objectname)%00%(upstream:track)%00%(upstream:remotename)%00%(upstream:remoteref) refs/heads/master refs/remotes/master [1ms]
2024-02-02 19:43:45.908 [info] > git status -z -uall [19ms]
2024-02-02 19:43:48.398 [info] > git check-ignore -v -z --stdin [2ms]
2024-02-02 19:43:50.983 [info] > git config --get commit.template [2ms]
2024-02-02 19:43:50.989 [info] > git for-each-ref --format=%(refname)%00%(upstream:short)%00%(objectname)%00%(upstream:track)%00%(upstream:remotename)%00%(upstream:remoteref) refs/heads/master refs/remotes/master [1ms]
2024-02-02 19:43:51.021 [info] > git status -z -uall [22ms]
2024-02-02 19:43:57.173 [info] > git config --get commit.template [0ms]
2024-02-02 19:43:57.177 [info] > git for-each-ref --format=%(refname)%00%(upstream:short)%00%(objectname)%00%(upstream:track)%00%(upstream:remotename)%00%(upstream:remoteref) refs/heads/master refs/remotes/master [1ms]
2024-02-02 19:43:57.191 [info] > git status -z -uall [10ms]
2024-02-02 19:44:02.240 [info] > git config --get commit.template [1ms]
2024-02-02 19:44:02.246 [info] > git for-each-ref --format=%(refname)%00%(upstream:short)%00%(objectname)%00%(upstream:track)%00%(upstream:remotename)%00%(upstream:remoteref) refs/heads/master refs/remotes/master [1ms]
2024-02-02 19:44:02.259 [info] > git status -z -uall [10ms]
2024-02-02 19:44:07.396 [info] > git config --get commit.template [4ms]
2024-02-02 19:44:07.396 [info] > git for-each-ref --format=%(refname)%00%(upstream:short)%00%(objectname)%00%(upstream:track)%00%(upstream:remotename)%00%(upstream:remoteref) refs/heads/master refs/remotes/master [1ms]
2024-02-02 19:44:07.409 [info] > git status -z -uall [10ms]
2024-02-02 19:44:12.463 [info] > git config --get commit.template [5ms]
2024-02-02 19:44:12.463 [info] > git for-each-ref --format=%(refname)%00%(upstream:short)%00%(objectname)%00%(upstream:track)%00%(upstream:remotename)%00%(upstream:remoteref) refs/heads/master refs/remotes/master [1ms]
2024-02-02 19:44:12.478 [info] > git status -z -uall [11ms]
2024-02-02 19:44:13.534 [info] > git show --textconv :workspace/database/ERD.sql [7ms]
2024-02-02 19:44:13.535 [info] > git ls-files --stage -- /home/msegfilph/workspace/database/ERD.sql [2ms]
2024-02-02 19:44:13.785 [info] > git check-ignore -v -z --stdin [1ms]
2024-02-02 19:44:18.128 [info] > git config --get commit.template [0ms]
2024-02-02 19:44:18.135 [info] > git for-each-ref --format=%(refname)%00%(upstream:short)%00%(objectname)%00%(upstream:track)%00%(upstream:remotename)%00%(upstream:remoteref) refs/heads/master refs/remotes/master [0ms]
2024-02-02 19:44:18.151 [info] > git status -z -uall [12ms]
2024-02-02 19:44:23.207 [info] > git config --get commit.template [5ms]
2024-02-02 19:44:23.207 [info] > git for-each-ref --format=%(refname)%00%(upstream:short)%00%(objectname)%00%(upstream:track)%00%(upstream:remotename)%00%(upstream:remoteref) refs/heads/master refs/remotes/master [1ms]
2024-02-02 19:44:23.220 [info] > git status -z -uall [10ms]
2024-02-02 19:44:28.274 [info] > git config --get commit.template [6ms]
2024-02-02 19:44:28.274 [info] > git for-each-ref --format=%(refname)%00%(upstream:short)%00%(objectname)%00%(upstream:track)%00%(upstream:remotename)%00%(upstream:remoteref) refs/heads/master refs/remotes/master [1ms]
2024-02-02 19:44:28.289 [info] > git status -z -uall [11ms]
2024-02-02 19:44:33.484 [info] > git config --get commit.template [7ms]
2024-02-02 19:44:33.485 [info] > git for-each-ref --format=%(refname)%00%(upstream:short)%00%(objectname)%00%(upstream:track)%00%(upstream:remotename)%00%(upstream:remoteref) refs/heads/master refs/remotes/master [1ms]
2024-02-02 19:44:33.505 [info] > git status -z -uall [14ms]
2024-02-02 19:44:38.564 [info] > git config --get commit.template [6ms]
2024-02-02 19:44:38.564 [info] > git for-each-ref --format=%(refname)%00%(upstream:short)%00%(objectname)%00%(upstream:track)%00%(upstream:remotename)%00%(upstream:remoteref) refs/heads/master refs/remotes/master [1ms]
2024-02-02 19:44:38.585 [info] > git status -z -uall [15ms]
2024-02-02 19:44:43.631 [info] > git config --get commit.template [1ms]
2024-02-02 19:44:43.635 [info] > git for-each-ref --format=%(refname)%00%(upstream:short)%00%(objectname)%00%(upstream:track)%00%(upstream:remotename)%00%(upstream:remoteref) refs/heads/master refs/remotes/master [0ms]
2024-02-02 19:44:43.650 [info] > git status -z -uall [10ms]
2024-02-02 19:44:51.074 [info] > git config --get commit.template [0ms]
2024-02-02 19:44:51.079 [info] > git for-each-ref --format=%(refname)%00%(upstream:short)%00%(objectname)%00%(upstream:track)%00%(upstream:remotename)%00%(upstream:remoteref) refs/heads/master refs/remotes/master [0ms]
2024-02-02 19:44:51.099 [info] > git status -z -uall [14ms]
2024-02-02 19:44:56.153 [info] > git config --get commit.template [4ms]
2024-02-02 19:44:56.153 [info] > git for-each-ref --format=%(refname)%00%(upstream:short)%00%(objectname)%00%(upstream:track)%00%(upstream:remotename)%00%(upstream:remoteref) refs/heads/master refs/remotes/master [1ms]
2024-02-02 19:44:56.167 [info] > git status -z -uall [11ms]
2024-02-02 19:45:12.753 [info] > git config --get commit.template [2ms]
2024-02-02 19:45:12.759 [info] > git for-each-ref --format=%(refname)%00%(upstream:short)%00%(objectname)%00%(upstream:track)%00%(upstream:remotename)%00%(upstream:remoteref) refs/heads/master refs/remotes/master [1ms]
2024-02-02 19:45:12.787 [info] > git status -z -uall [22ms]
2024-02-02 19:45:17.853 [info] > git config --get commit.template [6ms]
2024-02-02 19:45:17.853 [info] > git for-each-ref --format=%(refname)%00%(upstream:short)%00%(objectname)%00%(upstream:track)%00%(upstream:remotename)%00%(upstream:remoteref) refs/heads/master refs/remotes/master [1ms]
2024-02-02 19:45:17.868 [info] > git status -z -uall [11ms]
2024-02-02 19:46:59.830 [info] > git config --get commit.template [2ms]
2024-02-02 19:46:59.839 [info] > git for-each-ref --format=%(refname)%00%(upstream:short)%00%(objectname)%00%(upstream:track)%00%(upstream:remotename)%00%(upstream:remoteref) refs/heads/master refs/remotes/master [2ms]
2024-02-02 19:46:59.862 [info] > git status -z -uall [17ms]
2024-02-02 19:47:04.936 [info] > git config --get commit.template [6ms]
2024-02-02 19:47:04.937 [info] > git for-each-ref --format=%(refname)%00%(upstream:short)%00%(objectname)%00%(upstream:track)%00%(upstream:remotename)%00%(upstream:remoteref) refs/heads/master refs/remotes/master [1ms]
2024-02-02 19:47:04.953 [info] > git status -z -uall [12ms]
2024-02-02 19:47:10.004 [info] > git config --get commit.template [5ms]
2024-02-02 19:47:10.004 [info] > git for-each-ref --format=%(refname)%00%(upstream:short)%00%(objectname)%00%(upstream:track)%00%(upstream:remotename)%00%(upstream:remoteref) refs/heads/master refs/remotes/master [0ms]
2024-02-02 19:47:10.018 [info] > git status -z -uall [10ms]
2024-02-02 19:47:15.071 [info] > git config --get commit.template [1ms]
2024-02-02 19:47:15.076 [info] > git for-each-ref --format=%(refname)%00%(upstream:short)%00%(objectname)%00%(upstream:track)%00%(upstream:remotename)%00%(upstream:remoteref) refs/heads/master refs/remotes/master [1ms]
2024-02-02 19:47:15.092 [info] > git status -z -uall [13ms]
2024-02-02 19:47:20.148 [info] > git config --get commit.template [6ms]
2024-02-02 19:47:20.148 [info] > git for-each-ref --format=%(refname)%00%(upstream:short)%00%(objectname)%00%(upstream:track)%00%(upstream:remotename)%00%(upstream:remoteref) refs/heads/master refs/remotes/master [1ms]
2024-02-02 19:47:20.162 [info] > git status -z -uall [10ms]
2024-02-02 19:47:25.217 [info] > git config --get commit.template [8ms]
2024-02-02 19:47:25.217 [info] > git for-each-ref --format=%(refname)%00%(upstream:short)%00%(objectname)%00%(upstream:track)%00%(upstream:remotename)%00%(upstream:remoteref) refs/heads/master refs/remotes/master [1ms]
2024-02-02 19:47:25.231 [info] > git status -z -uall [10ms]
2024-02-02 19:47:30.286 [info] > git config --get commit.template [7ms]
2024-02-02 19:47:30.286 [info] > git for-each-ref --format=%(refname)%00%(upstream:short)%00%(objectname)%00%(upstream:track)%00%(upstream:remotename)%00%(upstream:remoteref) refs/heads/master refs/remotes/master [1ms]
2024-02-02 19:47:30.300 [info] > git status -z -uall [10ms]
2024-02-02 19:47:35.352 [info] > git config --get commit.template [6ms]
2024-02-02 19:47:35.352 [info] > git for-each-ref --format=%(refname)%00%(upstream:short)%00%(objectname)%00%(upstream:track)%00%(upstream:remotename)%00%(upstream:remoteref) refs/heads/master refs/remotes/master [1ms]
2024-02-02 19:47:35.366 [info] > git status -z -uall [10ms]
2024-02-02 19:47:40.415 [info] > git config --get commit.template [4ms]
2024-02-02 19:47:40.415 [info] > git for-each-ref --format=%(refname)%00%(upstream:short)%00%(objectname)%00%(upstream:track)%00%(upstream:remotename)%00%(upstream:remoteref) refs/heads/master refs/remotes/master [0ms]
2024-02-02 19:47:40.429 [info] > git status -z -uall [9ms]
2024-02-02 19:47:45.487 [info] > git config --get commit.template [7ms]
2024-02-02 19:47:45.487 [info] > git for-each-ref --format=%(refname)%00%(upstream:short)%00%(objectname)%00%(upstream:track)%00%(upstream:remotename)%00%(upstream:remoteref) refs/heads/master refs/remotes/master [1ms]
2024-02-02 19:47:45.502 [info] > git status -z -uall [10ms]
2024-02-02 19:47:50.560 [info] > git config --get commit.template [9ms]
2024-02-02 19:47:50.561 [info] > git for-each-ref --format=%(refname)%00%(upstream:short)%00%(objectname)%00%(upstream:track)%00%(upstream:remotename)%00%(upstream:remoteref) refs/heads/master refs/remotes/master [1ms]
2024-02-02 19:47:50.576 [info] > git status -z -uall [9ms]
2024-02-02 19:47:55.627 [info] > git config --get commit.template [4ms]
2024-02-02 19:47:55.628 [info] > git for-each-ref --format=%(refname)%00%(upstream:short)%00%(objectname)%00%(upstream:track)%00%(upstream:remotename)%00%(upstream:remoteref) refs/heads/master refs/remotes/master [1ms]
2024-02-02 19:47:55.643 [info] > git status -z -uall [10ms]
2024-02-02 19:48:00.699 [info] > git config --get commit.template [1ms]
2024-02-02 19:48:00.705 [info] > git for-each-ref --format=%(refname)%00%(upstream:short)%00%(objectname)%00%(upstream:track)%00%(upstream:remotename)%00%(upstream:remoteref) refs/heads/master refs/remotes/master [1ms]
2024-02-02 19:48:00.721 [info] > git status -z -uall [11ms]
2024-02-02 19:48:05.770 [info] > git config --get commit.template [1ms]
2024-02-02 19:48:05.776 [info] > git for-each-ref --format=%(refname)%00%(upstream:short)%00%(objectname)%00%(upstream:track)%00%(upstream:remotename)%00%(upstream:remoteref) refs/heads/master refs/remotes/master [0ms]
2024-02-02 19:48:05.798 [info] > git status -z -uall [10ms]
2024-02-02 19:48:10.856 [info] > git config --get commit.template [7ms]
2024-02-02 19:48:10.857 [info] > git for-each-ref --format=%(refname)%00%(upstream:short)%00%(objectname)%00%(upstream:track)%00%(upstream:remotename)%00%(upstream:remoteref) refs/heads/master refs/remotes/master [2ms]
2024-02-02 19:48:10.873 [info] > git status -z -uall [12ms]
2024-02-02 19:48:15.932 [info] > git config --get commit.template [8ms]
2024-02-02 19:48:15.933 [info] > git for-each-ref --format=%(refname)%00%(upstream:short)%00%(objectname)%00%(upstream:track)%00%(upstream:remotename)%00%(upstream:remoteref) refs/heads/master refs/remotes/master [2ms]
2024-02-02 19:48:15.949 [info] > git status -z -uall [12ms]
2024-02-02 19:48:21.002 [info] > git config --get commit.template [6ms]
2024-02-02 19:48:21.003 [info] > git for-each-ref --format=%(refname)%00%(upstream:short)%00%(objectname)%00%(upstream:track)%00%(upstream:remotename)%00%(upstream:remoteref) refs/heads/master refs/remotes/master [1ms]
2024-02-02 19:48:21.016 [info] > git status -z -uall [10ms]
2024-02-02 19:48:26.072 [info] > git config --get commit.template [5ms]
2024-02-02 19:48:26.072 [info] > git for-each-ref --format=%(refname)%00%(upstream:short)%00%(objectname)%00%(upstream:track)%00%(upstream:remotename)%00%(upstream:remoteref) refs/heads/master refs/remotes/master [1ms]
2024-02-02 19:48:26.085 [info] > git status -z -uall [10ms]
2024-02-02 19:50:13.464 [info] > git config --get commit.template [2ms]
2024-02-02 19:50:13.471 [info] > git for-each-ref --format=%(refname)%00%(upstream:short)%00%(objectname)%00%(upstream:track)%00%(upstream:remotename)%00%(upstream:remoteref) refs/heads/master refs/remotes/master [1ms]
2024-02-02 19:50:13.496 [info] > git status -z -uall [21ms]
2024-02-02 19:50:18.571 [info] > git config --get commit.template [0ms]
2024-02-02 19:50:18.575 [info] > git for-each-ref --format=%(refname)%00%(upstream:short)%00%(objectname)%00%(upstream:track)%00%(upstream:remotename)%00%(upstream:remoteref) refs/heads/master refs/remotes/master [0ms]
2024-02-02 19:50:18.588 [info] > git status -z -uall [9ms]
2024-02-02 19:50:23.635 [info] > git config --get commit.template [1ms]
2024-02-02 19:50:23.639 [info] > git for-each-ref --format=%(refname)%00%(upstream:short)%00%(objectname)%00%(upstream:track)%00%(upstream:remotename)%00%(upstream:remoteref) refs/heads/master refs/remotes/master [1ms]
2024-02-02 19:50:23.653 [info] > git status -z -uall [11ms]
2024-02-02 19:50:28.695 [info] > git config --get commit.template [0ms]
2024-02-02 19:50:28.699 [info] > git for-each-ref --format=%(refname)%00%(upstream:short)%00%(objectname)%00%(upstream:track)%00%(upstream:remotename)%00%(upstream:remoteref) refs/heads/master refs/remotes/master [0ms]
2024-02-02 19:50:28.714 [info] > git status -z -uall [11ms]
2024-02-02 19:50:33.769 [info] > git config --get commit.template [6ms]
2024-02-02 19:50:33.770 [info] > git for-each-ref --format=%(refname)%00%(upstream:short)%00%(objectname)%00%(upstream:track)%00%(upstream:remotename)%00%(upstream:remoteref) refs/heads/master refs/remotes/master [1ms]
2024-02-02 19:50:33.785 [info] > git status -z -uall [10ms]
2024-02-02 19:50:38.833 [info] > git config --get commit.template [4ms]
2024-02-02 19:50:38.834 [info] > git for-each-ref --format=%(refname)%00%(upstream:short)%00%(objectname)%00%(upstream:track)%00%(upstream:remotename)%00%(upstream:remoteref) refs/heads/master refs/remotes/master [1ms]
2024-02-02 19:50:38.849 [info] > git status -z -uall [13ms]
2024-02-02 19:50:43.903 [info] > git config --get commit.template [5ms]
2024-02-02 19:50:43.903 [info] > git for-each-ref --format=%(refname)%00%(upstream:short)%00%(objectname)%00%(upstream:track)%00%(upstream:remotename)%00%(upstream:remoteref) refs/heads/master refs/remotes/master [1ms]
2024-02-02 19:50:43.917 [info] > git status -z -uall [10ms]
2024-02-02 19:53:46.089 [info] > git config --get commit.template [6ms]
2024-02-02 19:53:46.089 [info] > git for-each-ref --format=%(refname)%00%(upstream:short)%00%(objectname)%00%(upstream:track)%00%(upstream:remotename)%00%(upstream:remoteref) refs/heads/master refs/remotes/master [1ms]
2024-02-02 19:53:46.112 [info] > git status -z -uall [17ms]
2024-02-02 19:53:51.185 [info] > git config --get commit.template [5ms]
2024-02-02 19:53:51.185 [info] > git for-each-ref --format=%(refname)%00%(upstream:short)%00%(objectname)%00%(upstream:track)%00%(upstream:remotename)%00%(upstream:remoteref) refs/heads/master refs/remotes/master [1ms]
2024-02-02 19:53:51.197 [info] > git status -z -uall [9ms]
2024-02-02 19:53:56.240 [info] > git config --get commit.template [1ms]
2024-02-02 19:53:56.245 [info] > git for-each-ref --format=%(refname)%00%(upstream:short)%00%(objectname)%00%(upstream:track)%00%(upstream:remotename)%00%(upstream:remoteref) refs/heads/master refs/remotes/master [1ms]
2024-02-02 19:53:56.257 [info] > git status -z -uall [9ms]
2024-02-02 19:54:01.305 [info] > git config --get commit.template [4ms]
2024-02-02 19:54:01.306 [info] > git for-each-ref --format=%(refname)%00%(upstream:short)%00%(objectname)%00%(upstream:track)%00%(upstream:remotename)%00%(upstream:remoteref) refs/heads/master refs/remotes/master [0ms]
2024-02-02 19:54:01.318 [info] > git status -z -uall [9ms]
2024-02-02 20:00:02.295 [info] > git config --get commit.template [0ms]
2024-02-02 20:00:02.301 [info] > git for-each-ref --format=%(refname)%00%(upstream:short)%00%(objectname)%00%(upstream:track)%00%(upstream:remotename)%00%(upstream:remoteref) refs/heads/master refs/remotes/master [1ms]
2024-02-02 20:00:02.316 [info] > git status -z -uall [12ms]
2024-02-02 20:00:07.405 [info] > git config --get commit.template [1ms]
2024-02-02 20:00:07.409 [info] > git for-each-ref --format=%(refname)%00%(upstream:short)%00%(objectname)%00%(upstream:track)%00%(upstream:remotename)%00%(upstream:remoteref) refs/heads/master refs/remotes/master [0ms]
2024-02-02 20:00:07.422 [info] > git status -z -uall [9ms]
2024-02-02 20:00:12.472 [info] > git config --get commit.template [5ms]
2024-02-02 20:00:12.473 [info] > git for-each-ref --format=%(refname)%00%(upstream:short)%00%(objectname)%00%(upstream:track)%00%(upstream:remotename)%00%(upstream:remoteref) refs/heads/master refs/remotes/master [1ms]
2024-02-02 20:00:12.491 [info] > git status -z -uall [12ms]
2024-02-02 20:00:15.296 [info] > git show --textconv :workspace/exercises/disemvowel.rb [6ms]
2024-02-02 20:00:15.297 [info] > git ls-files --stage -- /home/msegfilph/workspace/exercises/disemvowel.rb [2ms]
2024-02-02 20:00:15.564 [info] > git check-ignore -v -z --stdin [1ms]
2024-02-02 20:00:17.548 [info] > git config --get commit.template [5ms]
2024-02-02 20:00:17.548 [info] > git for-each-ref --format=%(refname)%00%(upstream:short)%00%(objectname)%00%(upstream:track)%00%(upstream:remotename)%00%(upstream:remoteref) refs/heads/master refs/remotes/master [1ms]
2024-02-02 20:00:17.561 [info] > git status -z -uall [10ms]
2024-02-02 20:00:22.608 [info] > git config --get commit.template [1ms]
2024-02-02 20:00:22.612 [info] > git for-each-ref --format=%(refname)%00%(upstream:short)%00%(objectname)%00%(upstream:track)%00%(upstream:remotename)%00%(upstream:remoteref) refs/heads/master refs/remotes/master [0ms]
2024-02-02 20:00:22.642 [info] > git status -z -uall [25ms]
2024-02-02 20:00:39.345 [info] > git config --get commit.template [4ms]
2024-02-02 20:00:39.352 [info] > git for-each-ref --format=%(refname)%00%(upstream:short)%00%(objectname)%00%(upstream:track)%00%(upstream:remotename)%00%(upstream:remoteref) refs/heads/master refs/remotes/master [1ms]
2024-02-02 20:00:39.373 [info] > git status -z -uall [15ms]
2024-02-02 20:00:44.459 [info] > git config --get commit.template [6ms]
2024-02-02 20:00:44.461 [info] > git for-each-ref --format=%(refname)%00%(upstream:short)%00%(objectname)%00%(upstream:track)%00%(upstream:remotename)%00%(upstream:remoteref) refs/heads/master refs/remotes/master [2ms]
2024-02-02 20:00:44.478 [info] > git status -z -uall [13ms]
2024-02-02 20:00:49.522 [info] > git config --get commit.template [3ms]
2024-02-02 20:00:49.523 [info] > git for-each-ref --format=%(refname)%00%(upstream:short)%00%(objectname)%00%(upstream:track)%00%(upstream:remotename)%00%(upstream:remoteref) refs/heads/master refs/remotes/master [1ms]
2024-02-02 20:00:49.537 [info] > git status -z -uall [11ms]
2024-02-02 20:00:54.589 [info] > git config --get commit.template [0ms]
2024-02-02 20:00:54.593 [info] > git for-each-ref --format=%(refname)%00%(upstream:short)%00%(objectname)%00%(upstream:track)%00%(upstream:remotename)%00%(upstream:remoteref) refs/heads/master refs/remotes/master [1ms]
2024-02-02 20:00:54.606 [info] > git status -z -uall [10ms]
2024-02-02 20:01:07.107 [info] > git config --get commit.template [7ms]
2024-02-02 20:01:07.108 [info] > git for-each-ref --format=%(refname)%00%(upstream:short)%00%(objectname)%00%(upstream:track)%00%(upstream:remotename)%00%(upstream:remoteref) refs/heads/master refs/remotes/master [0ms]
2024-02-02 20:01:07.124 [info] > git status -z -uall [11ms]
2024-02-02 20:01:12.243 [info] > git config --get commit.template [7ms]
2024-02-02 20:01:12.243 [info] > git for-each-ref --format=%(refname)%00%(upstream:short)%00%(objectname)%00%(upstream:track)%00%(upstream:remotename)%00%(upstream:remoteref) refs/heads/master refs/remotes/master [1ms]
2024-02-02 20:01:12.259 [info] > git status -z -uall [12ms]
2024-02-02 20:01:17.308 [info] > git config --get commit.template [0ms]
2024-02-02 20:01:17.312 [info] > git for-each-ref --format=%(refname)%00%(upstream:short)%00%(objectname)%00%(upstream:track)%00%(upstream:remotename)%00%(upstream:remoteref) refs/heads/master refs/remotes/master [0ms]
2024-02-02 20:01:17.326 [info] > git status -z -uall [10ms]
2024-02-02 20:01:22.377 [info] > git config --get commit.template [4ms]
2024-02-02 20:01:22.378 [info] > git for-each-ref --format=%(refname)%00%(upstream:short)%00%(objectname)%00%(upstream:track)%00%(upstream:remotename)%00%(upstream:remoteref) refs/heads/master refs/remotes/master [1ms]
2024-02-02 20:01:22.391 [info] > git status -z -uall [9ms]
2024-02-02 20:01:27.446 [info] > git config --get commit.template [6ms]
2024-02-02 20:01:27.446 [info] > git for-each-ref --format=%(refname)%00%(upstream:short)%00%(objectname)%00%(upstream:track)%00%(upstream:remotename)%00%(upstream:remoteref) refs/heads/master refs/remotes/master [1ms]
2024-02-02 20:01:27.460 [info] > git status -z -uall [10ms]
2024-02-02 20:02:44.345 [info] > git config --get commit.template [7ms]
2024-02-02 20:02:44.346 [info] > git for-each-ref --format=%(refname)%00%(upstream:short)%00%(objectname)%00%(upstream:track)%00%(upstream:remotename)%00%(upstream:remoteref) refs/heads/master refs/remotes/master [0ms]
2024-02-02 20:02:44.385 [info] > git status -z -uall [33ms]
2024-02-02 20:02:49.465 [info] > git config --get commit.template [8ms]
2024-02-02 20:02:49.465 [info] > git for-each-ref --format=%(refname)%00%(upstream:short)%00%(objectname)%00%(upstream:track)%00%(upstream:remotename)%00%(upstream:remoteref) refs/heads/master refs/remotes/master [1ms]
2024-02-02 20:02:49.481 [info] > git status -z -uall [11ms]
2024-02-02 20:02:54.535 [info] > git config --get commit.template [7ms]
2024-02-02 20:02:54.535 [info] > git for-each-ref --format=%(refname)%00%(upstream:short)%00%(objectname)%00%(upstream:track)%00%(upstream:remotename)%00%(upstream:remoteref) refs/heads/master refs/remotes/master [1ms]
2024-02-02 20:02:54.553 [info] > git status -z -uall [13ms]
2024-02-02 20:02:59.600 [info] > git config --get commit.template [0ms]
2024-02-02 20:02:59.604 [info] > git for-each-ref --format=%(refname)%00%(upstream:short)%00%(objectname)%00%(upstream:track)%00%(upstream:remotename)%00%(upstream:remoteref) refs/heads/master refs/remotes/master [0ms]
2024-02-02 20:02:59.619 [info] > git status -z -uall [11ms]
2024-02-02 20:03:04.672 [info] > git config --get commit.template [6ms]
2024-02-02 20:03:04.672 [info] > git for-each-ref --format=%(refname)%00%(upstream:short)%00%(objectname)%00%(upstream:track)%00%(upstream:remotename)%00%(upstream:remoteref) refs/heads/master refs/remotes/master [1ms]
2024-02-02 20:03:04.686 [info] > git status -z -uall [11ms]
2024-02-02 20:03:09.744 [info] > git config --get commit.template [7ms]
2024-02-02 20:03:09.745 [info] > git for-each-ref --format=%(refname)%00%(upstream:short)%00%(objectname)%00%(upstream:track)%00%(upstream:remotename)%00%(upstream:remoteref) refs/heads/master refs/remotes/master [1ms]
2024-02-02 20:03:09.758 [info] > git status -z -uall [9ms]
2024-02-02 20:03:14.805 [info] > git config --get commit.template [0ms]
2024-02-02 20:03:14.809 [info] > git for-each-ref --format=%(refname)%00%(upstream:short)%00%(objectname)%00%(upstream:track)%00%(upstream:remotename)%00%(upstream:remoteref) refs/heads/master refs/remotes/master [1ms]
2024-02-02 20:03:14.822 [info] > git status -z -uall [10ms]
2024-02-02 20:03:19.872 [info] > git config --get commit.template [4ms]
2024-02-02 20:03:19.872 [info] > git for-each-ref --format=%(refname)%00%(upstream:short)%00%(objectname)%00%(upstream:track)%00%(upstream:remotename)%00%(upstream:remoteref) refs/heads/master refs/remotes/master [0ms]
2024-02-02 20:03:19.886 [info] > git status -z -uall [11ms]
2024-02-02 20:03:24.942 [info] > git config --get commit.template [7ms]
2024-02-02 20:03:24.942 [info] > git for-each-ref --format=%(refname)%00%(upstream:short)%00%(objectname)%00%(upstream:track)%00%(upstream:remotename)%00%(upstream:remoteref) refs/heads/master refs/remotes/master [1ms]
2024-02-02 20:03:24.959 [info] > git status -z -uall [12ms]
2024-02-02 20:03:30.015 [info] > git config --get commit.template [6ms]
2024-02-02 20:03:30.016 [info] > git for-each-ref --format=%(refname)%00%(upstream:short)%00%(objectname)%00%(upstream:track)%00%(upstream:remotename)%00%(upstream:remoteref) refs/heads/master refs/remotes/master [1ms]
2024-02-02 20:03:30.029 [info] > git status -z -uall [10ms]
2024-02-02 20:03:42.975 [info] > git config --get commit.template [10ms]
2024-02-02 20:03:42.975 [info] > git for-each-ref --format=%(refname)%00%(upstream:short)%00%(objectname)%00%(upstream:track)%00%(upstream:remotename)%00%(upstream:remoteref) refs/heads/master refs/remotes/master [1ms]
2024-02-02 20:03:42.995 [info] > git status -z -uall [16ms]
2024-02-02 20:03:53.889 [info] > git config --get commit.template [0ms]
2024-02-02 20:03:53.898 [info] > git for-each-ref --format=%(refname)%00%(upstream:short)%00%(objectname)%00%(upstream:track)%00%(upstream:remotename)%00%(upstream:remoteref) refs/heads/master refs/remotes/master [1ms]
2024-02-02 20:03:53.915 [info] > git status -z -uall [12ms]
2024-02-02 20:03:58.969 [info] > git config --get commit.template [4ms]
2024-02-02 20:03:58.970 [info] > git for-each-ref --format=%(refname)%00%(upstream:short)%00%(objectname)%00%(upstream:track)%00%(upstream:remotename)%00%(upstream:remoteref) refs/heads/master refs/remotes/master [1ms]
2024-02-02 20:03:58.982 [info] > git status -z -uall [9ms]
2024-02-02 20:04:04.042 [info] > git config --get commit.template [7ms]
2024-02-02 20:04:04.042 [info] > git for-each-ref --format=%(refname)%00%(upstream:short)%00%(objectname)%00%(upstream:track)%00%(upstream:remotename)%00%(upstream:remoteref) refs/heads/master refs/remotes/master [2ms]
2024-02-02 20:04:04.056 [info] > git status -z -uall [10ms]
2024-02-02 20:04:09.104 [info] > git config --get commit.template [4ms]
2024-02-02 20:04:09.104 [info] > git for-each-ref --format=%(refname)%00%(upstream:short)%00%(objectname)%00%(upstream:track)%00%(upstream:remotename)%00%(upstream:remoteref) refs/heads/master refs/remotes/master [0ms]
2024-02-02 20:04:09.118 [info] > git status -z -uall [10ms]
2024-02-02 20:04:14.174 [info] > git config --get commit.template [6ms]
2024-02-02 20:04:14.175 [info] > git for-each-ref --format=%(refname)%00%(upstream:short)%00%(objectname)%00%(upstream:track)%00%(upstream:remotename)%00%(upstream:remoteref) refs/heads/master refs/remotes/master [2ms]
2024-02-02 20:04:14.190 [info] > git status -z -uall [11ms]
2024-02-02 20:04:19.247 [info] > git config --get commit.template [6ms]
2024-02-02 20:04:19.248 [info] > git for-each-ref --format=%(refname)%00%(upstream:short)%00%(objectname)%00%(upstream:track)%00%(upstream:remotename)%00%(upstream:remoteref) refs/heads/master refs/remotes/master [2ms]
2024-02-02 20:04:19.262 [info] > git status -z -uall [11ms]
2024-02-02 20:04:24.320 [info] > git config --get commit.template [5ms]
2024-02-02 20:04:24.320 [info] > git for-each-ref --format=%(refname)%00%(upstream:short)%00%(objectname)%00%(upstream:track)%00%(upstream:remotename)%00%(upstream:remoteref) refs/heads/master refs/remotes/master [1ms]
2024-02-02 20:04:24.333 [info] > git status -z -uall [10ms]
2024-02-02 20:04:29.392 [info] > git config --get commit.template [8ms]
2024-02-02 20:04:29.392 [info] > git for-each-ref --format=%(refname)%00%(upstream:short)%00%(objectname)%00%(upstream:track)%00%(upstream:remotename)%00%(upstream:remoteref) refs/heads/master refs/remotes/master [2ms]
2024-02-02 20:04:29.406 [info] > git status -z -uall [10ms]
2024-02-02 20:04:34.458 [info] > git config --get commit.template [5ms]
2024-02-02 20:04:34.459 [info] > git for-each-ref --format=%(refname)%00%(upstream:short)%00%(objectname)%00%(upstream:track)%00%(upstream:remotename)%00%(upstream:remoteref) refs/heads/master refs/remotes/master [1ms]
2024-02-02 20:04:34.472 [info] > git status -z -uall [10ms]
2024-02-02 20:04:39.527 [info] > git config --get commit.template [6ms]
2024-02-02 20:04:39.527 [info] > git for-each-ref --format=%(refname)%00%(upstream:short)%00%(objectname)%00%(upstream:track)%00%(upstream:remotename)%00%(upstream:remoteref) refs/heads/master refs/remotes/master [1ms]
2024-02-02 20:04:39.544 [info] > git status -z -uall [12ms]
2024-02-02 20:04:44.602 [info] > git config --get commit.template [7ms]
2024-02-02 20:04:44.603 [info] > git for-each-ref --format=%(refname)%00%(upstream:short)%00%(objectname)%00%(upstream:track)%00%(upstream:remotename)%00%(upstream:remoteref) refs/heads/master refs/remotes/master [1ms]
2024-02-02 20:04:44.617 [info] > git status -z -uall [10ms]
2024-02-02 20:04:49.676 [info] > git config --get commit.template [6ms]
2024-02-02 20:04:49.676 [info] > git for-each-ref --format=%(refname)%00%(upstream:short)%00%(objectname)%00%(upstream:track)%00%(upstream:remotename)%00%(upstream:remoteref) refs/heads/master refs/remotes/master [1ms]
2024-02-02 20:04:49.690 [info] > git status -z -uall [10ms]
2024-02-02 20:04:54.741 [info] > git config --get commit.template [2ms]
2024-02-02 20:04:54.749 [info] > git for-each-ref --format=%(refname)%00%(upstream:short)%00%(objectname)%00%(upstream:track)%00%(upstream:remotename)%00%(upstream:remoteref) refs/heads/master refs/remotes/master [1ms]
2024-02-02 20:04:54.767 [info] > git status -z -uall [14ms]
2024-02-02 20:04:59.825 [info] > git config --get commit.template [7ms]
2024-02-02 20:04:59.826 [info] > git for-each-ref --format=%(refname)%00%(upstream:short)%00%(objectname)%00%(upstream:track)%00%(upstream:remotename)%00%(upstream:remoteref) refs/heads/master refs/remotes/master [1ms]
2024-02-02 20:04:59.840 [info] > git status -z -uall [10ms]
2024-02-02 20:05:04.887 [info] > git config --get commit.template [0ms]
2024-02-02 20:05:04.893 [info] > git for-each-ref --format=%(refname)%00%(upstream:short)%00%(objectname)%00%(upstream:track)%00%(upstream:remotename)%00%(upstream:remoteref) refs/heads/master refs/remotes/master [0ms]
2024-02-02 20:05:04.909 [info] > git status -z -uall [11ms]
2024-02-02 20:19:48.629 [info] > git config --get commit.template [5ms]
2024-02-02 20:19:48.629 [info] > git for-each-ref --format=%(refname)%00%(upstream:short)%00%(objectname)%00%(upstream:track)%00%(upstream:remotename)%00%(upstream:remoteref) refs/heads/master refs/remotes/master [1ms]
2024-02-02 20:19:48.655 [info] > git status -z -uall [17ms]
2024-02-02 20:20:05.261 [info] > git config --get commit.template [8ms]
2024-02-02 20:20:05.262 [info] > git for-each-ref --format=%(refname)%00%(upstream:short)%00%(objectname)%00%(upstream:track)%00%(upstream:remotename)%00%(upstream:remoteref) refs/heads/master refs/remotes/master [2ms]
2024-02-02 20:20:05.278 [info] > git status -z -uall [11ms]
2024-02-02 20:23:32.333 [info] > git config --get commit.template [2ms]
2024-02-02 20:23:32.344 [info] > git for-each-ref --format=%(refname)%00%(upstream:short)%00%(objectname)%00%(upstream:track)%00%(upstream:remotename)%00%(upstream:remoteref) refs/heads/master refs/remotes/master [2ms]
2024-02-02 20:23:32.374 [info] > git status -z -uall [23ms]
2024-02-02 21:43:01.101 [info] > git config --get commit.template [5ms]
2024-02-02 21:43:01.103 [info] > git for-each-ref --format=%(refname)%00%(upstream:short)%00%(objectname)%00%(upstream:track)%00%(upstream:remotename)%00%(upstream:remoteref) refs/heads/master refs/remotes/master [2ms]
2024-02-02 21:43:01.139 [info] > git status -z -uall [32ms]
