2024-01-25 20:45:37.767 [info] Log level: Info
2024-01-25 20:45:37.767 [info] Validating found git in: "git"
2024-01-25 20:45:37.767 [info] Using git "2.34.1" from "git"
2024-01-25 20:45:37.767 [info] > git rev-parse --show-toplevel [3ms]
2024-01-25 20:45:37.767 [info] fatal: not a git repository (or any of the parent directories): .git
2024-01-25 20:45:37.767 [info] > git rev-parse --show-toplevel [9ms]
2024-01-25 20:45:37.767 [info] > git rev-parse --git-dir --git-common-dir [3ms]
2024-01-25 20:45:37.775 [info] Open repository: /home/msegfilph/.asdf
2024-01-25 20:45:37.785 [info] > git config --get commit.template [6ms]
2024-01-25 20:45:37.786 [info] > git rev-parse --show-toplevel [2ms]
2024-01-25 20:45:37.786 [info] fatal: not a git repository (or any of the parent directories): .git
2024-01-25 20:45:37.796 [info] > git rev-parse --show-toplevel [1ms]
2024-01-25 20:45:37.796 [info] fatal: not a git repository (or any of the parent directories): .git
2024-01-25 20:45:37.801 [info] > git rev-parse --show-toplevel [1ms]
2024-01-25 20:45:37.801 [info] fatal: not a git repository (or any of the parent directories): .git
2024-01-25 20:45:37.802 [info] > git for-each-ref --format %(refname) %(objectname) %(*objectname) refs/tags [13ms]
2024-01-25 20:45:37.816 [info] > git rev-parse --show-toplevel [3ms]
2024-01-25 20:45:37.816 [info] fatal: not a git repository (or any of the parent directories): .git
2024-01-25 20:45:37.865 [info] > git status -z -uall [57ms]
2024-01-25 20:45:37.874 [info] > git config --get commit.template [2ms]
2024-01-25 20:45:37.878 [info] > git for-each-ref --format %(refname) %(objectname) %(*objectname) refs/tags [1ms]
2024-01-25 20:45:37.886 [info] > git status -z -uall [5ms]
2024-01-25 20:45:38.317 [info] > git check-ignore -v -z --stdin [0ms]
2024-01-25 20:45:39.009 [info] > git rev-parse --show-toplevel [1ms]
2024-01-25 20:45:39.009 [info] fatal: not a git repository (or any of the parent directories): .git
2024-01-25 20:46:17.367 [info] > git rev-parse --show-toplevel [0ms]
2024-01-25 20:46:17.367 [info] fatal: not a git repository (or any of the parent directories): .git
2024-01-25 20:46:20.371 [info] > git rev-parse --show-toplevel [2ms]
2024-01-25 20:46:20.371 [info] fatal: not a git repository (or any of the parent directories): .git
2024-01-25 20:46:21.964 [info] > git rev-parse --show-toplevel [1ms]
2024-01-25 20:46:21.964 [info] fatal: not a git repository (or any of the parent directories): .git
2024-01-25 20:46:51.942 [info] > git rev-parse --show-toplevel [0ms]
2024-01-25 20:46:51.942 [info] fatal: not a git repository (or any of the parent directories): .git
2024-01-25 20:46:52.445 [info] > git rev-parse --show-toplevel [1ms]
2024-01-25 20:46:52.445 [info] fatal: not a git repository (or any of the parent directories): .git
2024-01-25 20:46:59.548 [info] > git rev-parse --show-toplevel [1ms]
2024-01-25 20:46:59.548 [info] fatal: not a git repository (or any of the parent directories): .git
2024-01-25 20:48:34.380 [info] > git rev-parse --show-toplevel [1ms]
2024-01-25 20:48:34.380 [info] fatal: not a git repository (or any of the parent directories): .git
2024-01-25 20:49:15.347 [info] > git rev-parse --show-toplevel [1ms]
2024-01-25 20:49:15.347 [info] fatal: not a git repository (or any of the parent directories): .git
2024-01-25 20:49:17.729 [info] > git rev-parse --show-toplevel [3ms]
2024-01-25 20:49:17.729 [info] fatal: not a git repository (or any of the parent directories): .git
2024-01-25 20:49:21.840 [info] > git rev-parse --show-toplevel [2ms]
2024-01-25 20:49:21.840 [info] fatal: not a git repository (or any of the parent directories): .git
2024-01-25 20:49:22.669 [info] > git rev-parse --show-toplevel [1ms]
2024-01-25 20:49:22.669 [info] fatal: not a git repository (or any of the parent directories): .git
2024-01-25 20:49:23.220 [info] > git rev-parse --show-toplevel [0ms]
2024-01-25 20:49:23.220 [info] fatal: not a git repository (or any of the parent directories): .git
2024-01-25 20:49:23.810 [info] > git rev-parse --show-toplevel [1ms]
2024-01-25 20:49:23.810 [info] fatal: not a git repository (or any of the parent directories): .git
2024-01-25 20:49:27.931 [info] > git rev-parse --show-toplevel [1ms]
2024-01-25 20:49:27.931 [info] fatal: not a git repository (or any of the parent directories): .git
2024-01-25 20:52:17.951 [info] > git rev-parse --show-toplevel [1ms]
2024-01-25 20:52:17.951 [info] fatal: not a git repository (or any of the parent directories): .git
2024-01-25 20:52:19.380 [info] > git rev-parse --show-toplevel [0ms]
2024-01-25 20:52:19.380 [info] fatal: not a git repository (or any of the parent directories): .git
2024-01-25 20:52:20.239 [info] > git rev-parse --show-toplevel [1ms]
2024-01-25 20:52:20.239 [info] fatal: not a git repository (or any of the parent directories): .git
2024-01-25 20:52:41.189 [info] > git rev-parse --show-toplevel [1ms]
2024-01-25 20:52:41.189 [info] fatal: not a git repository (or any of the parent directories): .git
2024-01-25 20:52:43.609 [info] > git rev-parse --show-toplevel [0ms]
2024-01-25 20:52:43.609 [info] fatal: not a git repository (or any of the parent directories): .git
2024-01-25 20:54:02.683 [info] > git rev-parse --show-toplevel [1ms]
2024-01-25 20:54:02.683 [info] fatal: not a git repository (or any of the parent directories): .git
2024-01-25 20:54:04.201 [info] > git rev-parse --show-toplevel [1ms]
2024-01-25 20:54:04.201 [info] fatal: not a git repository (or any of the parent directories): .git
2024-01-25 20:54:05.537 [info] > git rev-parse --show-toplevel [2ms]
2024-01-25 20:54:05.537 [info] fatal: not a git repository (or any of the parent directories): .git
2024-01-25 20:54:07.343 [info] > git rev-parse --show-toplevel [1ms]
2024-01-25 20:54:07.343 [info] fatal: not a git repository (or any of the parent directories): .git
2024-01-25 20:55:54.050 [info] > git rev-parse --show-toplevel [1ms]
2024-01-25 20:55:54.050 [info] fatal: not a git repository (or any of the parent directories): .git
2024-01-25 20:56:01.957 [info] > git rev-parse --show-toplevel [0ms]
2024-01-25 20:56:01.957 [info] fatal: not a git repository (or any of the parent directories): .git
2024-01-25 20:56:37.214 [info] > git rev-parse --show-toplevel [1ms]
2024-01-25 20:56:37.214 [info] fatal: not a git repository (or any of the parent directories): .git
2024-01-25 20:56:48.546 [info] > git rev-parse --show-toplevel [1ms]
2024-01-25 20:56:48.546 [info] fatal: not a git repository (or any of the parent directories): .git
2024-01-25 20:56:54.601 [info] > git rev-parse --show-toplevel [0ms]
2024-01-25 20:56:54.601 [info] fatal: not a git repository (or any of the parent directories): .git
2024-01-25 20:56:56.932 [info] > git rev-parse --show-toplevel [0ms]
2024-01-25 20:56:56.932 [info] fatal: not a git repository (or any of the parent directories): .git
2024-01-25 20:57:12.334 [info] > git rev-parse --show-toplevel [1ms]
2024-01-25 20:57:12.334 [info] fatal: not a git repository (or any of the parent directories): .git
2024-01-25 20:57:46.412 [info] > git rev-parse --show-toplevel [2ms]
2024-01-25 20:57:46.412 [info] fatal: not a git repository (or any of the parent directories): .git
2024-01-25 20:57:54.957 [info] > git rev-parse --show-toplevel [1ms]
2024-01-25 20:57:54.957 [info] fatal: not a git repository (or any of the parent directories): .git
2024-01-25 20:57:55.809 [info] > git rev-parse --show-toplevel [0ms]
2024-01-25 20:57:55.809 [info] fatal: not a git repository (or any of the parent directories): .git
2024-01-25 20:58:33.629 [info] > git rev-parse --show-toplevel [1ms]
2024-01-25 20:58:33.629 [info] fatal: not a git repository (or any of the parent directories): .git
2024-01-25 20:59:34.700 [info] > git rev-parse --show-toplevel [2ms]
2024-01-25 20:59:34.700 [info] fatal: not a git repository (or any of the parent directories): .git
2024-01-25 20:59:38.592 [info] > git rev-parse --show-toplevel [0ms]
2024-01-25 20:59:38.592 [info] fatal: not a git repository (or any of the parent directories): .git
2024-01-25 20:59:40.540 [info] > git rev-parse --show-toplevel [1ms]
2024-01-25 20:59:40.540 [info] fatal: not a git repository (or any of the parent directories): .git
2024-01-25 20:59:41.509 [info] > git rev-parse --show-toplevel [1ms]
2024-01-25 20:59:41.509 [info] fatal: not a git repository (or any of the parent directories): .git
2024-01-25 21:01:55.589 [info] > git rev-parse --show-toplevel [0ms]
2024-01-25 21:01:55.589 [info] fatal: not a git repository (or any of the parent directories): .git
2024-01-25 21:02:01.494 [info] > git rev-parse --show-toplevel [0ms]
2024-01-25 21:02:01.494 [info] fatal: not a git repository (or any of the parent directories): .git
2024-01-25 21:15:06.604 [info] > git rev-parse --show-toplevel [1ms]
2024-01-25 21:15:06.604 [info] fatal: not a git repository (or any of the parent directories): .git
2024-01-25 21:15:08.809 [info] > git rev-parse --show-toplevel [0ms]
2024-01-25 21:15:08.809 [info] fatal: not a git repository (or any of the parent directories): .git
2024-01-25 21:15:09.517 [info] > git rev-parse --show-toplevel [0ms]
2024-01-25 21:15:09.518 [info] fatal: not a git repository (or any of the parent directories): .git
2024-01-25 21:15:47.632 [info] > git rev-parse --show-toplevel [1ms]
2024-01-25 21:15:47.632 [info] fatal: not a git repository (or any of the parent directories): .git
2024-01-25 21:15:48.284 [info] > git rev-parse --show-toplevel [1ms]
2024-01-25 21:15:48.284 [info] fatal: not a git repository (or any of the parent directories): .git
2024-01-25 21:16:34.058 [info] > git rev-parse --show-toplevel [0ms]
2024-01-25 21:16:34.058 [info] fatal: not a git repository (or any of the parent directories): .git
2024-01-25 21:21:43.050 [info] > git rev-parse --show-toplevel [2ms]
2024-01-25 21:21:43.050 [info] fatal: not a git repository (or any of the parent directories): .git
2024-01-25 21:45:51.084 [info] > git rev-parse --show-toplevel [0ms]
2024-01-25 21:45:51.084 [info] fatal: not a git repository (or any of the parent directories): .git
2024-01-25 21:46:13.698 [info] > git rev-parse --show-toplevel [1ms]
2024-01-25 21:46:13.698 [info] fatal: not a git repository (or any of the parent directories): .git
2024-01-25 21:47:16.626 [info] > git rev-parse --show-toplevel [1ms]
2024-01-25 21:47:16.626 [info] fatal: not a git repository (or any of the parent directories): .git
2024-01-25 21:50:21.723 [info] > git rev-parse --show-toplevel [1ms]
2024-01-25 21:50:21.723 [info] fatal: not a git repository (or any of the parent directories): .git
2024-01-25 21:50:30.967 [info] > git rev-parse --show-toplevel [1ms]
2024-01-25 21:50:30.967 [info] fatal: not a git repository (or any of the parent directories): .git
2024-01-25 21:50:33.918 [info] > git rev-parse --show-toplevel [1ms]
2024-01-25 21:50:33.918 [info] fatal: not a git repository (or any of the parent directories): .git
2024-01-25 21:50:35.886 [info] > git rev-parse --show-toplevel [0ms]
2024-01-25 21:50:35.886 [info] fatal: not a git repository (or any of the parent directories): .git
2024-01-25 21:50:43.196 [info] > git rev-parse --show-toplevel [0ms]
2024-01-25 21:50:43.196 [info] fatal: not a git repository (or any of the parent directories): .git
2024-01-25 21:50:44.230 [info] > git rev-parse --show-toplevel [1ms]
2024-01-25 21:50:44.230 [info] fatal: not a git repository (or any of the parent directories): .git
2024-01-25 21:50:51.925 [info] > git rev-parse --show-toplevel [1ms]
2024-01-25 21:50:51.926 [info] fatal: not a git repository (or any of the parent directories): .git
2024-01-25 21:50:58.655 [info] > git rev-parse --show-toplevel [2ms]
2024-01-25 21:50:58.655 [info] fatal: not a git repository (or any of the parent directories): .git
2024-01-25 21:51:48.536 [info] > git rev-parse --show-toplevel [1ms]
2024-01-25 21:51:48.536 [info] fatal: not a git repository (or any of the parent directories): .git
2024-01-25 21:52:00.775 [info] > git rev-parse --show-toplevel [1ms]
2024-01-25 21:52:00.775 [info] fatal: not a git repository (or any of the parent directories): .git
2024-01-25 21:53:17.228 [info] > git rev-parse --show-toplevel [1ms]
2024-01-25 21:53:17.228 [info] fatal: not a git repository (or any of the parent directories): .git
2024-01-25 21:53:20.633 [info] > git rev-parse --show-toplevel [1ms]
2024-01-25 21:53:20.633 [info] fatal: not a git repository (or any of the parent directories): .git
2024-01-25 21:53:23.313 [info] > git rev-parse --show-toplevel [0ms]
2024-01-25 21:53:23.313 [info] fatal: not a git repository (or any of the parent directories): .git
2024-01-25 21:53:32.455 [info] > git rev-parse --show-toplevel [1ms]
2024-01-25 21:53:32.455 [info] fatal: not a git repository (or any of the parent directories): .git
2024-01-25 22:07:30.960 [info] > git rev-parse --show-toplevel [0ms]
2024-01-25 22:07:30.960 [info] fatal: not a git repository (or any of the parent directories): .git
2024-01-25 22:07:39.199 [info] > git rev-parse --show-toplevel [1ms]
2024-01-25 22:07:39.199 [info] fatal: not a git repository (or any of the parent directories): .git
2024-01-25 22:07:45.358 [info] > git rev-parse --show-toplevel [0ms]
2024-01-25 22:07:45.358 [info] fatal: not a git repository (or any of the parent directories): .git
2024-01-25 22:07:46.180 [info] > git rev-parse --show-toplevel [1ms]
2024-01-25 22:07:46.180 [info] fatal: not a git repository (or any of the parent directories): .git
2024-01-25 22:08:03.502 [info] > git rev-parse --show-toplevel [1ms]
2024-01-25 22:08:03.502 [info] fatal: not a git repository (or any of the parent directories): .git
2024-01-25 22:27:42.167 [info] > git rev-parse --show-toplevel [2ms]
2024-01-25 22:27:42.167 [info] fatal: not a git repository (or any of the parent directories): .git
2024-01-25 22:39:59.503 [info] > git rev-parse --show-toplevel [1ms]
2024-01-25 22:39:59.503 [info] fatal: not a git repository (or any of the parent directories): .git
2024-01-25 22:40:02.974 [info] > git rev-parse --show-toplevel [1ms]
2024-01-25 22:40:02.974 [info] fatal: not a git repository (or any of the parent directories): .git
2024-01-25 22:40:39.348 [info] > git rev-parse --show-toplevel [1ms]
2024-01-25 22:40:39.348 [info] fatal: not a git repository (or any of the parent directories): .git
2024-01-25 22:54:22.514 [info] > git rev-parse --show-toplevel [0ms]
2024-01-25 22:54:22.514 [info] fatal: not a git repository (or any of the parent directories): .git
2024-01-25 22:54:31.015 [info] > git rev-parse --show-toplevel [1ms]
2024-01-25 22:54:31.015 [info] fatal: not a git repository (or any of the parent directories): .git
2024-01-25 22:55:31.062 [info] > git rev-parse --show-toplevel [1ms]
2024-01-25 22:55:31.062 [info] fatal: not a git repository (or any of the parent directories): .git
2024-01-25 22:55:33.374 [info] > git rev-parse --show-toplevel [1ms]
2024-01-25 22:55:33.374 [info] fatal: not a git repository (or any of the parent directories): .git
2024-01-25 23:09:20.117 [info] > git rev-parse --show-toplevel [0ms]
2024-01-25 23:09:20.117 [info] fatal: not a git repository (or any of the parent directories): .git
2024-01-25 23:09:48.903 [info] > git rev-parse --show-toplevel [0ms]
2024-01-25 23:09:48.903 [info] fatal: not a git repository (or any of the parent directories): .git
2024-01-25 23:10:05.169 [info] > git rev-parse --show-toplevel [1ms]
2024-01-25 23:10:05.169 [info] fatal: not a git repository (or any of the parent directories): .git
2024-01-25 23:10:07.681 [info] > git rev-parse --show-toplevel [0ms]
2024-01-25 23:10:07.681 [info] fatal: not a git repository (or any of the parent directories): .git
2024-01-25 23:10:08.236 [info] > git rev-parse --show-toplevel [0ms]
2024-01-25 23:10:08.236 [info] fatal: not a git repository (or any of the parent directories): .git
2024-01-25 23:11:44.717 [info] > git rev-parse --show-toplevel [1ms]
2024-01-25 23:11:44.717 [info] fatal: not a git repository (or any of the parent directories): .git
