2024-01-24 19:09:54.758 [info] Log level: Info
2024-01-24 19:09:54.758 [info] Validating found git in: "git"
2024-01-24 19:09:54.758 [info] Using git "2.34.1" from "git"
2024-01-24 19:09:54.758 [info] > git rev-parse --show-toplevel [3ms]
2024-01-24 19:09:54.758 [info] fatal: not a git repository (or any of the parent directories): .git
2024-01-24 19:09:54.758 [info] > git rev-parse --show-toplevel [2ms]
2024-01-24 19:09:54.758 [info] fatal: not a git repository (or any of the parent directories): .git
2024-01-24 19:09:54.758 [info] > git rev-parse --show-toplevel [18ms]
2024-01-24 19:09:54.763 [info] > git rev-parse --git-dir --git-common-dir [1ms]
2024-01-24 19:09:54.769 [info] Open repository: /home/msegfilph/.asdf
2024-01-24 19:09:54.778 [info] > git rev-parse --show-toplevel [1ms]
2024-01-24 19:09:54.778 [info] fatal: not a git repository (or any of the parent directories): .git
2024-01-24 19:09:54.778 [info] > git config --get commit.template [5ms]
2024-01-24 19:09:54.786 [info] > git rev-parse --show-toplevel [4ms]
2024-01-24 19:09:54.786 [info] fatal: not a git repository (or any of the parent directories): .git
2024-01-24 19:09:54.789 [info] > git rev-parse --show-toplevel [1ms]
2024-01-24 19:09:54.789 [info] fatal: not a git repository (or any of the parent directories): .git
2024-01-24 19:09:54.792 [info] > git rev-parse --show-toplevel [1ms]
2024-01-24 19:09:54.792 [info] fatal: not a git repository (or any of the parent directories): .git
2024-01-24 19:09:54.797 [info] > git for-each-ref --format %(refname) %(objectname) %(*objectname) refs/tags [12ms]
2024-01-24 19:09:54.852 [info] > git status -z -uall [52ms]
2024-01-24 19:09:54.860 [info] > git config --get commit.template [1ms]
2024-01-24 19:09:54.864 [info] > git for-each-ref --format %(refname) %(objectname) %(*objectname) refs/tags [1ms]
2024-01-24 19:09:54.872 [info] > git status -z -uall [4ms]
2024-01-24 19:09:55.300 [info] > git check-ignore -v -z --stdin [0ms]
2024-01-24 19:25:25.441 [info] > git rev-parse --show-toplevel [2ms]
2024-01-24 19:25:25.441 [info] fatal: not a git repository (or any of the parent directories): .git
